mode: set
github.com/thc1006/O-RAN-Intent-MANO-for-Network-Slicing/architecture/deepcopy.go:9.69,15.2 5 0
github.com/thc1006/O-RAN-Intent-MANO-for-Network-Slicing/architecture/deepcopy.go:18.62,19.15 1 0
github.com/thc1006/O-RAN-Intent-MANO-for-Network-Slicing/architecture/deepcopy.go:19.15,21.3 1 0
github.com/thc1006/O-RAN-Intent-MANO-for-Network-Slicing/architecture/deepcopy.go:22.2,24.12 3 0
github.com/thc1006/O-RAN-Intent-MANO-for-Network-Slicing/architecture/deepcopy.go:28.63,29.34 1 0
github.com/thc1006/O-RAN-Intent-MANO-for-Network-Slicing/architecture/deepcopy.go:29.34,31.3 1 0
github.com/thc1006/O-RAN-Intent-MANO-for-Network-Slicing/architecture/deepcopy.go:32.2,32.12 1 0
github.com/thc1006/O-RAN-Intent-MANO-for-Network-Slicing/architecture/deepcopy.go:36.77,40.21 4 0
github.com/thc1006/O-RAN-Intent-MANO-for-Network-Slicing/architecture/deepcopy.go:40.21,43.22 3 0
github.com/thc1006/O-RAN-Intent-MANO-for-Network-Slicing/architecture/deepcopy.go:43.22,45.4 1 0
github.com/thc1006/O-RAN-Intent-MANO-for-Network-Slicing/architecture/deepcopy.go:50.70,51.15 1 0
github.com/thc1006/O-RAN-Intent-MANO-for-Network-Slicing/architecture/deepcopy.go:51.15,53.3 1 0
github.com/thc1006/O-RAN-Intent-MANO-for-Network-Slicing/architecture/deepcopy.go:54.2,56.12 3 0
github.com/thc1006/O-RAN-Intent-MANO-for-Network-Slicing/architecture/deepcopy.go:60.67,61.34 1 0
github.com/thc1006/O-RAN-Intent-MANO-for-Network-Slicing/architecture/deepcopy.go:61.34,63.3 1 0
github.com/thc1006/O-RAN-Intent-MANO-for-Network-Slicing/architecture/deepcopy.go:64.2,64.12 1 0
github.com/thc1006/O-RAN-Intent-MANO-for-Network-Slicing/architecture/deepcopy.go:68.77,71.32 3 0
github.com/thc1006/O-RAN-Intent-MANO-for-Network-Slicing/architecture/deepcopy.go:71.32,74.22 3 0
github.com/thc1006/O-RAN-Intent-MANO-for-Network-Slicing/architecture/deepcopy.go:74.22,76.4 1 0
github.com/thc1006/O-RAN-Intent-MANO-for-Network-Slicing/architecture/deepcopy.go:78.2,79.30 2 0
github.com/thc1006/O-RAN-Intent-MANO-for-Network-Slicing/architecture/deepcopy.go:79.30,83.3 3 0
github.com/thc1006/O-RAN-Intent-MANO-for-Network-Slicing/architecture/deepcopy.go:87.70,88.15 1 0
github.com/thc1006/O-RAN-Intent-MANO-for-Network-Slicing/architecture/deepcopy.go:88.15,90.3 1 0
github.com/thc1006/O-RAN-Intent-MANO-for-Network-Slicing/architecture/deepcopy.go:91.2,93.12 3 0
github.com/thc1006/O-RAN-Intent-MANO-for-Network-Slicing/architecture/deepcopy.go:97.81,99.26 2 0
github.com/thc1006/O-RAN-Intent-MANO-for-Network-Slicing/architecture/deepcopy.go:99.26,102.22 3 0
github.com/thc1006/O-RAN-Intent-MANO-for-Network-Slicing/architecture/deepcopy.go:102.22,104.4 1 0
github.com/thc1006/O-RAN-Intent-MANO-for-Network-Slicing/architecture/deepcopy.go:106.2,106.33 1 0
github.com/thc1006/O-RAN-Intent-MANO-for-Network-Slicing/architecture/deepcopy.go:106.33,110.3 3 0
github.com/thc1006/O-RAN-Intent-MANO-for-Network-Slicing/architecture/deepcopy.go:111.2,111.32 1 0
github.com/thc1006/O-RAN-Intent-MANO-for-Network-Slicing/architecture/deepcopy.go:111.32,115.3 3 0
github.com/thc1006/O-RAN-Intent-MANO-for-Network-Slicing/architecture/deepcopy.go:116.2,116.26 1 0
github.com/thc1006/O-RAN-Intent-MANO-for-Network-Slicing/architecture/deepcopy.go:120.74,121.15 1 0
github.com/thc1006/O-RAN-Intent-MANO-for-Network-Slicing/architecture/deepcopy.go:121.15,123.3 1 0
github.com/thc1006/O-RAN-Intent-MANO-for-Network-Slicing/architecture/deepcopy.go:124.2,126.12 3 0
github.com/thc1006/O-RAN-Intent-MANO-for-Network-Slicing/architecture/deepcopy.go:130.71,134.22 4 0
github.com/thc1006/O-RAN-Intent-MANO-for-Network-Slicing/architecture/deepcopy.go:134.22,137.29 3 0
github.com/thc1006/O-RAN-Intent-MANO-for-Network-Slicing/architecture/deepcopy.go:137.29,139.4 1 0
github.com/thc1006/O-RAN-Intent-MANO-for-Network-Slicing/architecture/deepcopy.go:144.64,145.15 1 0
github.com/thc1006/O-RAN-Intent-MANO-for-Network-Slicing/architecture/deepcopy.go:145.15,147.3 1 0
github.com/thc1006/O-RAN-Intent-MANO-for-Network-Slicing/architecture/deepcopy.go:148.2,150.12 3 0
github.com/thc1006/O-RAN-Intent-MANO-for-Network-Slicing/architecture/deepcopy.go:154.59,156.29 2 0
github.com/thc1006/O-RAN-Intent-MANO-for-Network-Slicing/architecture/deepcopy.go:156.29,160.3 3 0
github.com/thc1006/O-RAN-Intent-MANO-for-Network-Slicing/architecture/deepcopy.go:164.52,165.15 1 0
github.com/thc1006/O-RAN-Intent-MANO-for-Network-Slicing/architecture/deepcopy.go:165.15,167.3 1 0
github.com/thc1006/O-RAN-Intent-MANO-for-Network-Slicing/architecture/deepcopy.go:168.2,170.12 3 0
github.com/thc1006/O-RAN-Intent-MANO-for-Network-Slicing/architecture/deepcopy.go:174.65,177.28 3 0
github.com/thc1006/O-RAN-Intent-MANO-for-Network-Slicing/architecture/deepcopy.go:177.28,180.22 3 0
github.com/thc1006/O-RAN-Intent-MANO-for-Network-Slicing/architecture/deepcopy.go:180.22,182.4 1 0
github.com/thc1006/O-RAN-Intent-MANO-for-Network-Slicing/architecture/deepcopy.go:187.58,188.15 1 0
github.com/thc1006/O-RAN-Intent-MANO-for-Network-Slicing/architecture/deepcopy.go:188.15,190.3 1 0
github.com/thc1006/O-RAN-Intent-MANO-for-Network-Slicing/architecture/deepcopy.go:191.2,193.12 3 0
github.com/thc1006/O-RAN-Intent-MANO-for-Network-Slicing/architecture/deepcopy.go:197.55,199.23 2 0
github.com/thc1006/O-RAN-Intent-MANO-for-Network-Slicing/architecture/deepcopy.go:199.23,203.3 3 0
github.com/thc1006/O-RAN-Intent-MANO-for-Network-Slicing/architecture/deepcopy.go:204.2,204.23 1 0
github.com/thc1006/O-RAN-Intent-MANO-for-Network-Slicing/architecture/deepcopy.go:204.23,207.29 3 0
github.com/thc1006/O-RAN-Intent-MANO-for-Network-Slicing/architecture/deepcopy.go:207.29,209.4 1 0
github.com/thc1006/O-RAN-Intent-MANO-for-Network-Slicing/architecture/deepcopy.go:211.2,212.26 2 0
github.com/thc1006/O-RAN-Intent-MANO-for-Network-Slicing/architecture/deepcopy.go:216.48,217.15 1 0
github.com/thc1006/O-RAN-Intent-MANO-for-Network-Slicing/architecture/deepcopy.go:217.15,219.3 1 0
github.com/thc1006/O-RAN-Intent-MANO-for-Network-Slicing/architecture/deepcopy.go:220.2,222.12 3 0
github.com/thc1006/O-RAN-Intent-MANO-for-Network-Slicing/architecture/nephio-adapter-controller.go:214.105,222.63 5 0
github.com/thc1006/O-RAN-Intent-MANO-for-Network-Slicing/architecture/nephio-adapter-controller.go:222.63,223.29 1 0
github.com/thc1006/O-RAN-Intent-MANO-for-Network-Slicing/architecture/nephio-adapter-controller.go:223.29,225.4 1 0
github.com/thc1006/O-RAN-Intent-MANO-for-Network-Slicing/architecture/nephio-adapter-controller.go:226.3,226.28 1 0
github.com/thc1006/O-RAN-Intent-MANO-for-Network-Slicing/architecture/nephio-adapter-controller.go:230.2,230.50 1 0
github.com/thc1006/O-RAN-Intent-MANO-for-Network-Slicing/architecture/nephio-adapter-controller.go:230.50,231.89 1 0
github.com/thc1006/O-RAN-Intent-MANO-for-Network-Slicing/architecture/nephio-adapter-controller.go:231.89,234.4 2 0
github.com/thc1006/O-RAN-Intent-MANO-for-Network-Slicing/architecture/nephio-adapter-controller.go:235.8,238.3 1 0
github.com/thc1006/O-RAN-Intent-MANO-for-Network-Slicing/architecture/nephio-adapter-controller.go:241.2,241.31 1 0
github.com/thc1006/O-RAN-Intent-MANO-for-Network-Slicing/architecture/nephio-adapter-controller.go:241.31,245.3 3 0
github.com/thc1006/O-RAN-Intent-MANO-for-Network-Slicing/architecture/nephio-adapter-controller.go:247.2,247.29 1 0
github.com/thc1006/O-RAN-Intent-MANO-for-Network-Slicing/architecture/nephio-adapter-controller.go:248.17,249.54 1 0
github.com/thc1006/O-RAN-Intent-MANO-for-Network-Slicing/architecture/nephio-adapter-controller.go:250.18,251.55 1 0
github.com/thc1006/O-RAN-Intent-MANO-for-Network-Slicing/architecture/nephio-adapter-controller.go:252.19,253.56 1 0
github.com/thc1006/O-RAN-Intent-MANO-for-Network-Slicing/architecture/nephio-adapter-controller.go:254.19,255.56 1 0
github.com/thc1006/O-RAN-Intent-MANO-for-Network-Slicing/architecture/nephio-adapter-controller.go:256.15,257.41 1 0
github.com/thc1006/O-RAN-Intent-MANO-for-Network-Slicing/architecture/nephio-adapter-controller.go:258.16,259.42 1 0
github.com/thc1006/O-RAN-Intent-MANO-for-Network-Slicing/architecture/nephio-adapter-controller.go:262.2,262.27 1 0
github.com/thc1006/O-RAN-Intent-MANO-for-Network-Slicing/architecture/nephio-adapter-controller.go:266.145,270.74 2 0
github.com/thc1006/O-RAN-Intent-MANO-for-Network-Slicing/architecture/nephio-adapter-controller.go:270.74,274.3 3 0
github.com/thc1006/O-RAN-Intent-MANO-for-Network-Slicing/architecture/nephio-adapter-controller.go:277.2,277.81 1 0
github.com/thc1006/O-RAN-Intent-MANO-for-Network-Slicing/architecture/nephio-adapter-controller.go:277.81,281.3 3 0
github.com/thc1006/O-RAN-Intent-MANO-for-Network-Slicing/architecture/nephio-adapter-controller.go:284.2,288.56 4 0
github.com/thc1006/O-RAN-Intent-MANO-for-Network-Slicing/architecture/nephio-adapter-controller.go:292.146,298.16 4 0
github.com/thc1006/O-RAN-Intent-MANO-for-Network-Slicing/architecture/nephio-adapter-controller.go:298.16,302.3 3 0
github.com/thc1006/O-RAN-Intent-MANO-for-Network-Slicing/architecture/nephio-adapter-controller.go:305.2,306.33 2 0
github.com/thc1006/O-RAN-Intent-MANO-for-Network-Slicing/architecture/nephio-adapter-controller.go:306.33,312.3 1 0
github.com/thc1006/O-RAN-Intent-MANO-for-Network-Slicing/architecture/nephio-adapter-controller.go:315.2,316.54 2 0
github.com/thc1006/O-RAN-Intent-MANO-for-Network-Slicing/architecture/nephio-adapter-controller.go:316.54,319.17 3 0
github.com/thc1006/O-RAN-Intent-MANO-for-Network-Slicing/architecture/nephio-adapter-controller.go:319.17,323.4 3 0
github.com/thc1006/O-RAN-Intent-MANO-for-Network-Slicing/architecture/nephio-adapter-controller.go:324.3,324.44 1 0
github.com/thc1006/O-RAN-Intent-MANO-for-Network-Slicing/architecture/nephio-adapter-controller.go:328.2,338.56 6 0
github.com/thc1006/O-RAN-Intent-MANO-for-Network-Slicing/architecture/nephio-adapter-controller.go:342.147,348.16 4 0
github.com/thc1006/O-RAN-Intent-MANO-for-Network-Slicing/architecture/nephio-adapter-controller.go:348.16,352.3 3 0
github.com/thc1006/O-RAN-Intent-MANO-for-Network-Slicing/architecture/nephio-adapter-controller.go:355.2,356.31 2 0
github.com/thc1006/O-RAN-Intent-MANO-for-Network-Slicing/architecture/nephio-adapter-controller.go:356.31,358.17 2 0
github.com/thc1006/O-RAN-Intent-MANO-for-Network-Slicing/architecture/nephio-adapter-controller.go:358.17,362.4 3 0
github.com/thc1006/O-RAN-Intent-MANO-for-Network-Slicing/architecture/nephio-adapter-controller.go:364.3,373.82 2 0
github.com/thc1006/O-RAN-Intent-MANO-for-Network-Slicing/architecture/nephio-adapter-controller.go:373.82,375.4 1 0
github.com/thc1006/O-RAN-Intent-MANO-for-Network-Slicing/architecture/nephio-adapter-controller.go:379.2,387.56 6 0
github.com/thc1006/O-RAN-Intent-MANO-for-Network-Slicing/architecture/nephio-adapter-controller.go:391.147,397.16 4 0
github.com/thc1006/O-RAN-Intent-MANO-for-Network-Slicing/architecture/nephio-adapter-controller.go:397.16,400.3 2 0
github.com/thc1006/O-RAN-Intent-MANO-for-Network-Slicing/architecture/nephio-adapter-controller.go:403.2,405.42 3 0
github.com/thc1006/O-RAN-Intent-MANO-for-Network-Slicing/architecture/nephio-adapter-controller.go:405.42,417.31 2 0
github.com/thc1006/O-RAN-Intent-MANO-for-Network-Slicing/architecture/nephio-adapter-controller.go:417.31,419.4 1 0
github.com/thc1006/O-RAN-Intent-MANO-for-Network-Slicing/architecture/nephio-adapter-controller.go:422.2,424.14 2 0
github.com/thc1006/O-RAN-Intent-MANO-for-Network-Slicing/architecture/nephio-adapter-controller.go:424.14,439.3 7 0
github.com/thc1006/O-RAN-Intent-MANO-for-Network-Slicing/architecture/nephio-adapter-controller.go:442.2,443.57 2 0
github.com/thc1006/O-RAN-Intent-MANO-for-Network-Slicing/architecture/nephio-adapter-controller.go:447.122,454.2 1 0
github.com/thc1006/O-RAN-Intent-MANO-for-Network-Slicing/architecture/nephio-adapter-controller.go:457.123,463.2 1 0
github.com/thc1006/O-RAN-Intent-MANO-for-Network-Slicing/architecture/nephio-adapter-controller.go:466.120,470.70 2 0
github.com/thc1006/O-RAN-Intent-MANO-for-Network-Slicing/architecture/nephio-adapter-controller.go:470.70,473.3 2 0
github.com/thc1006/O-RAN-Intent-MANO-for-Network-Slicing/architecture/nephio-adapter-controller.go:476.2,476.58 1 0
github.com/thc1006/O-RAN-Intent-MANO-for-Network-Slicing/architecture/nephio-adapter-controller.go:476.58,477.81 1 0
github.com/thc1006/O-RAN-Intent-MANO-for-Network-Slicing/architecture/nephio-adapter-controller.go:477.81,479.4 1 0
github.com/thc1006/O-RAN-Intent-MANO-for-Network-Slicing/architecture/nephio-adapter-controller.go:483.2,484.45 2 0
github.com/thc1006/O-RAN-Intent-MANO-for-Network-Slicing/architecture/nephio-adapter-controller.go:489.81,491.46 1 0
github.com/thc1006/O-RAN-Intent-MANO-for-Network-Slicing/architecture/nephio-adapter-controller.go:491.46,493.3 1 0
github.com/thc1006/O-RAN-Intent-MANO-for-Network-Slicing/architecture/nephio-adapter-controller.go:494.2,494.12 1 0
github.com/thc1006/O-RAN-Intent-MANO-for-Network-Slicing/architecture/nephio-adapter-controller.go:497.93,499.19 1 0
github.com/thc1006/O-RAN-Intent-MANO-for-Network-Slicing/architecture/nephio-adapter-controller.go:499.19,501.3 1 0
github.com/thc1006/O-RAN-Intent-MANO-for-Network-Slicing/architecture/nephio-adapter-controller.go:502.2,502.12 1 0
github.com/thc1006/O-RAN-Intent-MANO-for-Network-Slicing/architecture/nephio-adapter-controller.go:505.131,521.2 1 0
github.com/thc1006/O-RAN-Intent-MANO-for-Network-Slicing/architecture/nephio-adapter-controller.go:523.131,525.39 1 0
github.com/thc1006/O-RAN-Intent-MANO-for-Network-Slicing/architecture/nephio-adapter-controller.go:525.39,526.44 1 0
github.com/thc1006/O-RAN-Intent-MANO-for-Network-Slicing/architecture/nephio-adapter-controller.go:526.44,528.4 1 0
github.com/thc1006/O-RAN-Intent-MANO-for-Network-Slicing/architecture/nephio-adapter-controller.go:532.89,534.31 2 0
github.com/thc1006/O-RAN-Intent-MANO-for-Network-Slicing/architecture/nephio-adapter-controller.go:534.31,535.27 1 0
github.com/thc1006/O-RAN-Intent-MANO-for-Network-Slicing/architecture/nephio-adapter-controller.go:535.27,537.4 1 0
github.com/thc1006/O-RAN-Intent-MANO-for-Network-Slicing/architecture/nephio-adapter-controller.go:539.2,539.14 1 0
github.com/thc1006/O-RAN-Intent-MANO-for-Network-Slicing/architecture/nephio-adapter-controller.go:542.113,545.2 2 0
github.com/thc1006/O-RAN-Intent-MANO-for-Network-Slicing/architecture/nephio-adapter-controller.go:548.76,552.2 1 0
github.com/thc1006/O-RAN-Intent-MANO-for-Network-Slicing/architecture/nephio-adapter-controller.go:576.50,583.2 3 0
github.com/thc1006/O-RAN-Intent-MANO-for-Network-Slicing/architecture/nephio-adapter-controller.go:585.14,587.2 0 0
github.com/thc1006/O-RAN-Intent-MANO-for-Network-Slicing/architecture/package-generator.go:183.121,187.54 2 0
github.com/thc1006/O-RAN-Intent-MANO-for-Network-Slicing/architecture/package-generator.go:187.54,189.17 2 0
github.com/thc1006/O-RAN-Intent-MANO-for-Network-Slicing/architecture/package-generator.go:189.17,191.4 1 0
github.com/thc1006/O-RAN-Intent-MANO-for-Network-Slicing/architecture/package-generator.go:192.3,192.35 1 0
github.com/thc1006/O-RAN-Intent-MANO-for-Network-Slicing/architecture/package-generator.go:196.2,197.16 2 0
github.com/thc1006/O-RAN-Intent-MANO-for-Network-Slicing/architecture/package-generator.go:197.16,199.3 1 0
github.com/thc1006/O-RAN-Intent-MANO-for-Network-Slicing/architecture/package-generator.go:200.2,203.57 2 0
github.com/thc1006/O-RAN-Intent-MANO-for-Network-Slicing/architecture/package-generator.go:203.57,205.17 2 0
github.com/thc1006/O-RAN-Intent-MANO-for-Network-Slicing/architecture/package-generator.go:205.17,207.4 1 0
github.com/thc1006/O-RAN-Intent-MANO-for-Network-Slicing/architecture/package-generator.go:208.3,208.45 1 0
github.com/thc1006/O-RAN-Intent-MANO-for-Network-Slicing/architecture/package-generator.go:211.2,211.22 1 0
github.com/thc1006/O-RAN-Intent-MANO-for-Network-Slicing/architecture/package-generator.go:215.149,218.16 2 0
github.com/thc1006/O-RAN-Intent-MANO-for-Network-Slicing/architecture/package-generator.go:218.16,220.3 1 0
github.com/thc1006/O-RAN-Intent-MANO-for-Network-Slicing/architecture/package-generator.go:223.2,257.89 2 0
github.com/thc1006/O-RAN-Intent-MANO-for-Network-Slicing/architecture/package-generator.go:257.89,259.3 1 0
github.com/thc1006/O-RAN-Intent-MANO-for-Network-Slicing/architecture/package-generator.go:262.2,263.16 2 0
github.com/thc1006/O-RAN-Intent-MANO-for-Network-Slicing/architecture/package-generator.go:263.16,265.3 1 0
github.com/thc1006/O-RAN-Intent-MANO-for-Network-Slicing/architecture/package-generator.go:268.2,299.77 2 0
github.com/thc1006/O-RAN-Intent-MANO-for-Network-Slicing/architecture/package-generator.go:299.77,301.3 1 0
github.com/thc1006/O-RAN-Intent-MANO-for-Network-Slicing/architecture/package-generator.go:303.2,303.17 1 0
github.com/thc1006/O-RAN-Intent-MANO-for-Network-Slicing/architecture/package-generator.go:307.136,361.2 6 0
github.com/thc1006/O-RAN-Intent-MANO-for-Network-Slicing/architecture/package-generator.go:364.148,439.2 5 0
github.com/thc1006/O-RAN-Intent-MANO-for-Network-Slicing/architecture/package-generator.go:443.103,464.17 2 0
github.com/thc1006/O-RAN-Intent-MANO-for-Network-Slicing/architecture/package-generator.go:465.13,469.4 1 0
github.com/thc1006/O-RAN-Intent-MANO-for-Network-Slicing/architecture/package-generator.go:470.13,474.4 1 0
github.com/thc1006/O-RAN-Intent-MANO-for-Network-Slicing/architecture/package-generator.go:475.13,480.4 1 0
github.com/thc1006/O-RAN-Intent-MANO-for-Network-Slicing/architecture/package-generator.go:483.2,483.15 1 0
github.com/thc1006/O-RAN-Intent-MANO-for-Network-Slicing/architecture/package-generator.go:486.100,502.2 1 0
github.com/thc1006/O-RAN-Intent-MANO-for-Network-Slicing/architecture/package-generator.go:504.120,529.2 1 0
github.com/thc1006/O-RAN-Intent-MANO-for-Network-Slicing/architecture/package-generator.go:531.117,576.2 1 0
github.com/thc1006/O-RAN-Intent-MANO-for-Network-Slicing/architecture/package-generator.go:578.131,597.2 1 0
github.com/thc1006/O-RAN-Intent-MANO-for-Network-Slicing/architecture/package-generator.go:599.84,601.28 1 0
github.com/thc1006/O-RAN-Intent-MANO-for-Network-Slicing/architecture/package-generator.go:601.28,603.3 1 0
github.com/thc1006/O-RAN-Intent-MANO-for-Network-Slicing/architecture/package-generator.go:604.2,604.55 1 0
github.com/thc1006/O-RAN-Intent-MANO-for-Network-Slicing/architecture/package-generator.go:607.79,609.2 1 0
github.com/thc1006/O-RAN-Intent-MANO-for-Network-Slicing/architecture/package-generator.go:611.82,613.43 1 0
github.com/thc1006/O-RAN-Intent-MANO-for-Network-Slicing/architecture/package-generator.go:613.43,615.3 1 0
github.com/thc1006/O-RAN-Intent-MANO-for-Network-Slicing/architecture/package-generator.go:616.2,616.47 1 0
github.com/thc1006/O-RAN-Intent-MANO-for-Network-Slicing/architecture/package-generator.go:616.47,618.3 1 0
github.com/thc1006/O-RAN-Intent-MANO-for-Network-Slicing/architecture/package-generator.go:619.2,619.18 1 0
github.com/thc1006/O-RAN-Intent-MANO-for-Network-Slicing/architecture/package-generator.go:622.72,623.19 1 0
github.com/thc1006/O-RAN-Intent-MANO-for-Network-Slicing/architecture/package-generator.go:624.15,625.11 1 0
github.com/thc1006/O-RAN-Intent-MANO-for-Network-Slicing/architecture/package-generator.go:626.14,627.11 1 0
github.com/thc1006/O-RAN-Intent-MANO-for-Network-Slicing/architecture/package-generator.go:628.14,629.11 1 0
github.com/thc1006/O-RAN-Intent-MANO-for-Network-Slicing/architecture/package-generator.go:630.10,631.11 1 0
github.com/thc1006/O-RAN-Intent-MANO-for-Network-Slicing/architecture/package-generator.go:635.37,638.33 1 0
github.com/thc1006/O-RAN-Intent-MANO-for-Network-Slicing/architecture/package-generator.go:638.33,640.3 1 0
github.com/thc1006/O-RAN-Intent-MANO-for-Network-Slicing/architecture/package-generator.go:641.2,641.31 1 0
github.com/thc1006/O-RAN-Intent-MANO-for-Network-Slicing/architecture/package-generator.go:641.31,643.3 1 0
github.com/thc1006/O-RAN-Intent-MANO-for-Network-Slicing/architecture/package-generator.go:645.2,645.12 1 0
github.com/thc1006/O-RAN-Intent-MANO-for-Network-Slicing/clusters/validation-framework/argocd_validator.go:277.86,279.28 1 0
github.com/thc1006/O-RAN-Intent-MANO-for-Network-Slicing/clusters/validation-framework/argocd_validator.go:279.28,281.3 1 0
github.com/thc1006/O-RAN-Intent-MANO-for-Network-Slicing/clusters/validation-framework/argocd_validator.go:282.2,282.29 1 0
github.com/thc1006/O-RAN-Intent-MANO-for-Network-Slicing/clusters/validation-framework/argocd_validator.go:282.29,284.3 1 0
github.com/thc1006/O-RAN-Intent-MANO-for-Network-Slicing/clusters/validation-framework/argocd_validator.go:285.2,285.36 1 0
github.com/thc1006/O-RAN-Intent-MANO-for-Network-Slicing/clusters/validation-framework/argocd_validator.go:285.36,287.3 1 0
github.com/thc1006/O-RAN-Intent-MANO-for-Network-Slicing/clusters/validation-framework/argocd_validator.go:288.2,288.29 1 0
github.com/thc1006/O-RAN-Intent-MANO-for-Network-Slicing/clusters/validation-framework/argocd_validator.go:288.29,290.3 1 0
github.com/thc1006/O-RAN-Intent-MANO-for-Network-Slicing/clusters/validation-framework/argocd_validator.go:291.2,291.36 1 0
github.com/thc1006/O-RAN-Intent-MANO-for-Network-Slicing/clusters/validation-framework/argocd_validator.go:291.36,293.3 1 0
github.com/thc1006/O-RAN-Intent-MANO-for-Network-Slicing/clusters/validation-framework/argocd_validator.go:295.2,298.3 1 0
github.com/thc1006/O-RAN-Intent-MANO-for-Network-Slicing/clusters/validation-framework/argocd_validator.go:302.88,313.57 2 0
github.com/thc1006/O-RAN-Intent-MANO-for-Network-Slicing/clusters/validation-framework/argocd_validator.go:313.57,317.3 3 0
github.com/thc1006/O-RAN-Intent-MANO-for-Network-Slicing/clusters/validation-framework/argocd_validator.go:320.2,321.16 2 0
github.com/thc1006/O-RAN-Intent-MANO-for-Network-Slicing/clusters/validation-framework/argocd_validator.go:321.16,324.3 2 0
github.com/thc1006/O-RAN-Intent-MANO-for-Network-Slicing/clusters/validation-framework/argocd_validator.go:325.2,329.16 3 0
github.com/thc1006/O-RAN-Intent-MANO-for-Network-Slicing/clusters/validation-framework/argocd_validator.go:329.16,331.3 1 0
github.com/thc1006/O-RAN-Intent-MANO-for-Network-Slicing/clusters/validation-framework/argocd_validator.go:331.8,334.3 2 0
github.com/thc1006/O-RAN-Intent-MANO-for-Network-Slicing/clusters/validation-framework/argocd_validator.go:337.2,338.16 2 0
github.com/thc1006/O-RAN-Intent-MANO-for-Network-Slicing/clusters/validation-framework/argocd_validator.go:338.16,340.3 1 0
github.com/thc1006/O-RAN-Intent-MANO-for-Network-Slicing/clusters/validation-framework/argocd_validator.go:340.8,342.3 1 0
github.com/thc1006/O-RAN-Intent-MANO-for-Network-Slicing/clusters/validation-framework/argocd_validator.go:345.2,346.16 2 0
github.com/thc1006/O-RAN-Intent-MANO-for-Network-Slicing/clusters/validation-framework/argocd_validator.go:346.16,348.3 1 0
github.com/thc1006/O-RAN-Intent-MANO-for-Network-Slicing/clusters/validation-framework/argocd_validator.go:348.8,350.3 1 0
github.com/thc1006/O-RAN-Intent-MANO-for-Network-Slicing/clusters/validation-framework/argocd_validator.go:353.2,354.16 2 0
github.com/thc1006/O-RAN-Intent-MANO-for-Network-Slicing/clusters/validation-framework/argocd_validator.go:354.16,356.3 1 0
github.com/thc1006/O-RAN-Intent-MANO-for-Network-Slicing/clusters/validation-framework/argocd_validator.go:356.8,358.3 1 0
github.com/thc1006/O-RAN-Intent-MANO-for-Network-Slicing/clusters/validation-framework/argocd_validator.go:360.2,360.20 1 0
github.com/thc1006/O-RAN-Intent-MANO-for-Network-Slicing/clusters/validation-framework/argocd_validator.go:364.80,367.16 2 0
github.com/thc1006/O-RAN-Intent-MANO-for-Network-Slicing/clusters/validation-framework/argocd_validator.go:367.16,368.29 1 0
github.com/thc1006/O-RAN-Intent-MANO-for-Network-Slicing/clusters/validation-framework/argocd_validator.go:368.29,370.4 1 0
github.com/thc1006/O-RAN-Intent-MANO-for-Network-Slicing/clusters/validation-framework/argocd_validator.go:371.3,371.63 1 0
github.com/thc1006/O-RAN-Intent-MANO-for-Network-Slicing/clusters/validation-framework/argocd_validator.go:375.2,376.16 2 0
github.com/thc1006/O-RAN-Intent-MANO-for-Network-Slicing/clusters/validation-framework/argocd_validator.go:376.16,378.3 1 0
github.com/thc1006/O-RAN-Intent-MANO-for-Network-Slicing/clusters/validation-framework/argocd_validator.go:380.2,383.47 3 0
github.com/thc1006/O-RAN-Intent-MANO-for-Network-Slicing/clusters/validation-framework/argocd_validator.go:383.47,384.48 1 0
github.com/thc1006/O-RAN-Intent-MANO-for-Network-Slicing/clusters/validation-framework/argocd_validator.go:384.48,385.51 1 0
github.com/thc1006/O-RAN-Intent-MANO-for-Network-Slicing/clusters/validation-framework/argocd_validator.go:385.51,388.45 2 0
github.com/thc1006/O-RAN-Intent-MANO-for-Network-Slicing/clusters/validation-framework/argocd_validator.go:388.45,390.6 1 0
github.com/thc1006/O-RAN-Intent-MANO-for-Network-Slicing/clusters/validation-framework/argocd_validator.go:395.2,395.47 1 0
github.com/thc1006/O-RAN-Intent-MANO-for-Network-Slicing/clusters/validation-framework/argocd_validator.go:395.47,396.34 1 0
github.com/thc1006/O-RAN-Intent-MANO-for-Network-Slicing/clusters/validation-framework/argocd_validator.go:396.34,398.4 1 0
github.com/thc1006/O-RAN-Intent-MANO-for-Network-Slicing/clusters/validation-framework/argocd_validator.go:401.2,401.12 1 0
github.com/thc1006/O-RAN-Intent-MANO-for-Network-Slicing/clusters/validation-framework/argocd_validator.go:405.87,408.16 2 0
github.com/thc1006/O-RAN-Intent-MANO-for-Network-Slicing/clusters/validation-framework/argocd_validator.go:408.16,410.3 1 0
github.com/thc1006/O-RAN-Intent-MANO-for-Network-Slicing/clusters/validation-framework/argocd_validator.go:412.2,412.42 1 0
github.com/thc1006/O-RAN-Intent-MANO-for-Network-Slicing/clusters/validation-framework/argocd_validator.go:412.42,414.3 1 0
github.com/thc1006/O-RAN-Intent-MANO-for-Network-Slicing/clusters/validation-framework/argocd_validator.go:416.2,416.65 1 0
github.com/thc1006/O-RAN-Intent-MANO-for-Network-Slicing/clusters/validation-framework/argocd_validator.go:416.65,418.3 1 0
github.com/thc1006/O-RAN-Intent-MANO-for-Network-Slicing/clusters/validation-framework/argocd_validator.go:420.2,420.21 1 0
github.com/thc1006/O-RAN-Intent-MANO-for-Network-Slicing/clusters/validation-framework/argocd_validator.go:424.100,438.40 5 0
github.com/thc1006/O-RAN-Intent-MANO-for-Network-Slicing/clusters/validation-framework/argocd_validator.go:438.40,440.17 2 0
github.com/thc1006/O-RAN-Intent-MANO-for-Network-Slicing/clusters/validation-framework/argocd_validator.go:440.17,441.12 1 0
github.com/thc1006/O-RAN-Intent-MANO-for-Network-Slicing/clusters/validation-framework/argocd_validator.go:444.3,444.38 1 0
github.com/thc1006/O-RAN-Intent-MANO-for-Network-Slicing/clusters/validation-framework/argocd_validator.go:444.38,446.18 2 0
github.com/thc1006/O-RAN-Intent-MANO-for-Network-Slicing/clusters/validation-framework/argocd_validator.go:446.18,447.13 1 0
github.com/thc1006/O-RAN-Intent-MANO-for-Network-Slicing/clusters/validation-framework/argocd_validator.go:449.4,449.45 1 0
github.com/thc1006/O-RAN-Intent-MANO-for-Network-Slicing/clusters/validation-framework/argocd_validator.go:453.2,453.26 1 0
github.com/thc1006/O-RAN-Intent-MANO-for-Network-Slicing/clusters/validation-framework/argocd_validator.go:457.112,465.82 2 0
github.com/thc1006/O-RAN-Intent-MANO-for-Network-Slicing/clusters/validation-framework/argocd_validator.go:465.82,467.3 1 0
github.com/thc1006/O-RAN-Intent-MANO-for-Network-Slicing/clusters/validation-framework/argocd_validator.go:470.2,471.25 2 0
github.com/thc1006/O-RAN-Intent-MANO-for-Network-Slicing/clusters/validation-framework/argocd_validator.go:471.25,473.77 1 0
github.com/thc1006/O-RAN-Intent-MANO-for-Network-Slicing/clusters/validation-framework/argocd_validator.go:473.77,475.4 1 0
github.com/thc1006/O-RAN-Intent-MANO-for-Network-Slicing/clusters/validation-framework/argocd_validator.go:478.3,478.75 1 0
github.com/thc1006/O-RAN-Intent-MANO-for-Network-Slicing/clusters/validation-framework/argocd_validator.go:478.75,480.4 1 0
github.com/thc1006/O-RAN-Intent-MANO-for-Network-Slicing/clusters/validation-framework/argocd_validator.go:483.3,483.78 1 0
github.com/thc1006/O-RAN-Intent-MANO-for-Network-Slicing/clusters/validation-framework/argocd_validator.go:483.78,485.4 1 0
github.com/thc1006/O-RAN-Intent-MANO-for-Network-Slicing/clusters/validation-framework/argocd_validator.go:489.2,490.25 2 0
github.com/thc1006/O-RAN-Intent-MANO-for-Network-Slicing/clusters/validation-framework/argocd_validator.go:490.25,492.76 1 0
github.com/thc1006/O-RAN-Intent-MANO-for-Network-Slicing/clusters/validation-framework/argocd_validator.go:492.76,494.4 1 0
github.com/thc1006/O-RAN-Intent-MANO-for-Network-Slicing/clusters/validation-framework/argocd_validator.go:497.3,497.80 1 0
github.com/thc1006/O-RAN-Intent-MANO-for-Network-Slicing/clusters/validation-framework/argocd_validator.go:497.80,499.4 1 0
github.com/thc1006/O-RAN-Intent-MANO-for-Network-Slicing/clusters/validation-framework/argocd_validator.go:502.3,502.90 1 0
github.com/thc1006/O-RAN-Intent-MANO-for-Network-Slicing/clusters/validation-framework/argocd_validator.go:502.90,504.4 1 0
github.com/thc1006/O-RAN-Intent-MANO-for-Network-Slicing/clusters/validation-framework/argocd_validator.go:507.3,507.89 1 0
github.com/thc1006/O-RAN-Intent-MANO-for-Network-Slicing/clusters/validation-framework/argocd_validator.go:507.89,510.4 2 0
github.com/thc1006/O-RAN-Intent-MANO-for-Network-Slicing/clusters/validation-framework/argocd_validator.go:513.3,513.88 1 0
github.com/thc1006/O-RAN-Intent-MANO-for-Network-Slicing/clusters/validation-framework/argocd_validator.go:513.88,515.4 1 0
github.com/thc1006/O-RAN-Intent-MANO-for-Network-Slicing/clusters/validation-framework/argocd_validator.go:518.2,518.20 1 0
github.com/thc1006/O-RAN-Intent-MANO-for-Network-Slicing/clusters/validation-framework/argocd_validator.go:522.104,525.81 2 0
github.com/thc1006/O-RAN-Intent-MANO-for-Network-Slicing/clusters/validation-framework/argocd_validator.go:525.81,527.3 1 0
github.com/thc1006/O-RAN-Intent-MANO-for-Network-Slicing/clusters/validation-framework/argocd_validator.go:528.2,528.75 1 0
github.com/thc1006/O-RAN-Intent-MANO-for-Network-Slicing/clusters/validation-framework/argocd_validator.go:528.75,530.3 1 0
github.com/thc1006/O-RAN-Intent-MANO-for-Network-Slicing/clusters/validation-framework/argocd_validator.go:531.2,531.95 1 0
github.com/thc1006/O-RAN-Intent-MANO-for-Network-Slicing/clusters/validation-framework/argocd_validator.go:531.95,533.3 1 0
github.com/thc1006/O-RAN-Intent-MANO-for-Network-Slicing/clusters/validation-framework/argocd_validator.go:535.2,535.15 1 0
github.com/thc1006/O-RAN-Intent-MANO-for-Network-Slicing/clusters/validation-framework/argocd_validator.go:539.112,542.77 2 0
github.com/thc1006/O-RAN-Intent-MANO-for-Network-Slicing/clusters/validation-framework/argocd_validator.go:542.77,544.3 1 0
github.com/thc1006/O-RAN-Intent-MANO-for-Network-Slicing/clusters/validation-framework/argocd_validator.go:545.2,545.83 1 0
github.com/thc1006/O-RAN-Intent-MANO-for-Network-Slicing/clusters/validation-framework/argocd_validator.go:545.83,547.3 1 0
github.com/thc1006/O-RAN-Intent-MANO-for-Network-Slicing/clusters/validation-framework/argocd_validator.go:548.2,548.73 1 0
github.com/thc1006/O-RAN-Intent-MANO-for-Network-Slicing/clusters/validation-framework/argocd_validator.go:548.73,550.3 1 0
github.com/thc1006/O-RAN-Intent-MANO-for-Network-Slicing/clusters/validation-framework/argocd_validator.go:552.2,552.13 1 0
github.com/thc1006/O-RAN-Intent-MANO-for-Network-Slicing/clusters/validation-framework/argocd_validator.go:556.92,559.77 2 0
github.com/thc1006/O-RAN-Intent-MANO-for-Network-Slicing/clusters/validation-framework/argocd_validator.go:559.77,561.3 1 0
github.com/thc1006/O-RAN-Intent-MANO-for-Network-Slicing/clusters/validation-framework/argocd_validator.go:562.2,562.81 1 0
github.com/thc1006/O-RAN-Intent-MANO-for-Network-Slicing/clusters/validation-framework/argocd_validator.go:562.81,564.3 1 0
github.com/thc1006/O-RAN-Intent-MANO-for-Network-Slicing/clusters/validation-framework/argocd_validator.go:566.2,566.19 1 0
github.com/thc1006/O-RAN-Intent-MANO-for-Network-Slicing/clusters/validation-framework/argocd_validator.go:570.98,573.79 2 0
github.com/thc1006/O-RAN-Intent-MANO-for-Network-Slicing/clusters/validation-framework/argocd_validator.go:573.79,575.3 1 0
github.com/thc1006/O-RAN-Intent-MANO-for-Network-Slicing/clusters/validation-framework/argocd_validator.go:576.2,576.81 1 0
github.com/thc1006/O-RAN-Intent-MANO-for-Network-Slicing/clusters/validation-framework/argocd_validator.go:576.81,578.3 1 0
github.com/thc1006/O-RAN-Intent-MANO-for-Network-Slicing/clusters/validation-framework/argocd_validator.go:580.2,580.21 1 0
github.com/thc1006/O-RAN-Intent-MANO-for-Network-Slicing/clusters/validation-framework/argocd_validator.go:584.108,587.40 2 0
github.com/thc1006/O-RAN-Intent-MANO-for-Network-Slicing/clusters/validation-framework/argocd_validator.go:587.40,588.58 1 0
github.com/thc1006/O-RAN-Intent-MANO-for-Network-Slicing/clusters/validation-framework/argocd_validator.go:588.58,591.79 2 0
github.com/thc1006/O-RAN-Intent-MANO-for-Network-Slicing/clusters/validation-framework/argocd_validator.go:591.79,593.5 1 0
github.com/thc1006/O-RAN-Intent-MANO-for-Network-Slicing/clusters/validation-framework/argocd_validator.go:594.4,594.81 1 0
github.com/thc1006/O-RAN-Intent-MANO-for-Network-Slicing/clusters/validation-framework/argocd_validator.go:594.81,596.5 1 0
github.com/thc1006/O-RAN-Intent-MANO-for-Network-Slicing/clusters/validation-framework/argocd_validator.go:598.4,598.46 1 0
github.com/thc1006/O-RAN-Intent-MANO-for-Network-Slicing/clusters/validation-framework/argocd_validator.go:602.2,602.19 1 0
github.com/thc1006/O-RAN-Intent-MANO-for-Network-Slicing/clusters/validation-framework/argocd_validator.go:606.99,609.78 2 0
github.com/thc1006/O-RAN-Intent-MANO-for-Network-Slicing/clusters/validation-framework/argocd_validator.go:609.78,611.3 1 0
github.com/thc1006/O-RAN-Intent-MANO-for-Network-Slicing/clusters/validation-framework/argocd_validator.go:612.2,612.82 1 0
github.com/thc1006/O-RAN-Intent-MANO-for-Network-Slicing/clusters/validation-framework/argocd_validator.go:612.82,614.3 1 0
github.com/thc1006/O-RAN-Intent-MANO-for-Network-Slicing/clusters/validation-framework/argocd_validator.go:616.2,616.16 1 0
github.com/thc1006/O-RAN-Intent-MANO-for-Network-Slicing/clusters/validation-framework/argocd_validator.go:620.96,623.38 2 0
github.com/thc1006/O-RAN-Intent-MANO-for-Network-Slicing/clusters/validation-framework/argocd_validator.go:623.38,624.56 1 0
github.com/thc1006/O-RAN-Intent-MANO-for-Network-Slicing/clusters/validation-framework/argocd_validator.go:624.56,627.76 2 0
github.com/thc1006/O-RAN-Intent-MANO-for-Network-Slicing/clusters/validation-framework/argocd_validator.go:627.76,629.5 1 0
github.com/thc1006/O-RAN-Intent-MANO-for-Network-Slicing/clusters/validation-framework/argocd_validator.go:630.4,630.80 1 0
github.com/thc1006/O-RAN-Intent-MANO-for-Network-Slicing/clusters/validation-framework/argocd_validator.go:630.80,632.5 1 0
github.com/thc1006/O-RAN-Intent-MANO-for-Network-Slicing/clusters/validation-framework/argocd_validator.go:633.4,633.74 1 0
github.com/thc1006/O-RAN-Intent-MANO-for-Network-Slicing/clusters/validation-framework/argocd_validator.go:633.74,635.5 1 0
github.com/thc1006/O-RAN-Intent-MANO-for-Network-Slicing/clusters/validation-framework/argocd_validator.go:636.4,636.84 1 0
github.com/thc1006/O-RAN-Intent-MANO-for-Network-Slicing/clusters/validation-framework/argocd_validator.go:636.84,638.5 1 0
github.com/thc1006/O-RAN-Intent-MANO-for-Network-Slicing/clusters/validation-framework/argocd_validator.go:639.4,639.74 1 0
github.com/thc1006/O-RAN-Intent-MANO-for-Network-Slicing/clusters/validation-framework/argocd_validator.go:639.74,641.5 1 0
github.com/thc1006/O-RAN-Intent-MANO-for-Network-Slicing/clusters/validation-framework/argocd_validator.go:642.4,642.78 1 0
github.com/thc1006/O-RAN-Intent-MANO-for-Network-Slicing/clusters/validation-framework/argocd_validator.go:642.78,644.5 1 0
github.com/thc1006/O-RAN-Intent-MANO-for-Network-Slicing/clusters/validation-framework/argocd_validator.go:646.4,646.43 1 0
github.com/thc1006/O-RAN-Intent-MANO-for-Network-Slicing/clusters/validation-framework/argocd_validator.go:650.2,650.18 1 0
github.com/thc1006/O-RAN-Intent-MANO-for-Network-Slicing/clusters/validation-framework/argocd_validator.go:654.92,663.16 3 0
github.com/thc1006/O-RAN-Intent-MANO-for-Network-Slicing/clusters/validation-framework/argocd_validator.go:663.16,665.3 1 0
github.com/thc1006/O-RAN-Intent-MANO-for-Network-Slicing/clusters/validation-framework/argocd_validator.go:667.2,668.41 2 0
github.com/thc1006/O-RAN-Intent-MANO-for-Network-Slicing/clusters/validation-framework/argocd_validator.go:668.41,675.75 2 0
github.com/thc1006/O-RAN-Intent-MANO-for-Network-Slicing/clusters/validation-framework/argocd_validator.go:675.75,676.86 1 0
github.com/thc1006/O-RAN-Intent-MANO-for-Network-Slicing/clusters/validation-framework/argocd_validator.go:676.86,678.5 1 0
github.com/thc1006/O-RAN-Intent-MANO-for-Network-Slicing/clusters/validation-framework/argocd_validator.go:681.3,681.39 1 0
github.com/thc1006/O-RAN-Intent-MANO-for-Network-Slicing/clusters/validation-framework/argocd_validator.go:684.2,684.22 1 0
github.com/thc1006/O-RAN-Intent-MANO-for-Network-Slicing/clusters/validation-framework/argocd_validator.go:688.99,697.16 3 0
github.com/thc1006/O-RAN-Intent-MANO-for-Network-Slicing/clusters/validation-framework/argocd_validator.go:697.16,699.3 1 0
github.com/thc1006/O-RAN-Intent-MANO-for-Network-Slicing/clusters/validation-framework/argocd_validator.go:701.2,702.38 2 0
github.com/thc1006/O-RAN-Intent-MANO-for-Network-Slicing/clusters/validation-framework/argocd_validator.go:702.38,708.75 2 0
github.com/thc1006/O-RAN-Intent-MANO-for-Network-Slicing/clusters/validation-framework/argocd_validator.go:708.75,709.75 1 0
github.com/thc1006/O-RAN-Intent-MANO-for-Network-Slicing/clusters/validation-framework/argocd_validator.go:709.75,711.5 1 0
github.com/thc1006/O-RAN-Intent-MANO-for-Network-Slicing/clusters/validation-framework/argocd_validator.go:712.4,712.76 1 0
github.com/thc1006/O-RAN-Intent-MANO-for-Network-Slicing/clusters/validation-framework/argocd_validator.go:712.76,714.5 1 0
github.com/thc1006/O-RAN-Intent-MANO-for-Network-Slicing/clusters/validation-framework/argocd_validator.go:717.3,717.44 1 0
github.com/thc1006/O-RAN-Intent-MANO-for-Network-Slicing/clusters/validation-framework/argocd_validator.go:720.2,720.26 1 0
github.com/thc1006/O-RAN-Intent-MANO-for-Network-Slicing/clusters/validation-framework/argocd_validator.go:724.92,733.16 3 0
github.com/thc1006/O-RAN-Intent-MANO-for-Network-Slicing/clusters/validation-framework/argocd_validator.go:733.16,735.3 1 0
github.com/thc1006/O-RAN-Intent-MANO-for-Network-Slicing/clusters/validation-framework/argocd_validator.go:737.2,738.41 2 0
github.com/thc1006/O-RAN-Intent-MANO-for-Network-Slicing/clusters/validation-framework/argocd_validator.go:738.41,744.75 2 0
github.com/thc1006/O-RAN-Intent-MANO-for-Network-Slicing/clusters/validation-framework/argocd_validator.go:744.75,745.76 1 0
github.com/thc1006/O-RAN-Intent-MANO-for-Network-Slicing/clusters/validation-framework/argocd_validator.go:745.76,747.5 1 0
github.com/thc1006/O-RAN-Intent-MANO-for-Network-Slicing/clusters/validation-framework/argocd_validator.go:750.3,750.39 1 0
github.com/thc1006/O-RAN-Intent-MANO-for-Network-Slicing/clusters/validation-framework/argocd_validator.go:753.2,753.22 1 0
github.com/thc1006/O-RAN-Intent-MANO-for-Network-Slicing/clusters/validation-framework/argocd_validator.go:757.77,758.42 1 0
github.com/thc1006/O-RAN-Intent-MANO-for-Network-Slicing/clusters/validation-framework/argocd_validator.go:758.42,759.32 1 0
github.com/thc1006/O-RAN-Intent-MANO-for-Network-Slicing/clusters/validation-framework/argocd_validator.go:760.17,761.31 1 0
github.com/thc1006/O-RAN-Intent-MANO-for-Network-Slicing/clusters/validation-framework/argocd_validator.go:762.20,763.34 1 0
github.com/thc1006/O-RAN-Intent-MANO-for-Network-Slicing/clusters/validation-framework/argocd_validator.go:764.11,765.85 1 0
github.com/thc1006/O-RAN-Intent-MANO-for-Network-Slicing/clusters/validation-framework/argocd_validator.go:765.85,767.5 1 0
github.com/thc1006/O-RAN-Intent-MANO-for-Network-Slicing/clusters/validation-framework/argocd_validator.go:773.106,784.6 5 0
github.com/thc1006/O-RAN-Intent-MANO-for-Network-Slicing/clusters/validation-framework/argocd_validator.go:784.6,785.10 1 0
github.com/thc1006/O-RAN-Intent-MANO-for-Network-Slicing/clusters/validation-framework/argocd_validator.go:786.21,787.76 1 0
github.com/thc1006/O-RAN-Intent-MANO-for-Network-Slicing/clusters/validation-framework/argocd_validator.go:788.11,790.18 2 0
github.com/thc1006/O-RAN-Intent-MANO-for-Network-Slicing/clusters/validation-framework/argocd_validator.go:790.18,792.5 1 0
github.com/thc1006/O-RAN-Intent-MANO-for-Network-Slicing/clusters/validation-framework/argocd_validator.go:794.4,794.104 1 0
github.com/thc1006/O-RAN-Intent-MANO-for-Network-Slicing/clusters/validation-framework/argocd_validator.go:794.104,795.31 1 0
github.com/thc1006/O-RAN-Intent-MANO-for-Network-Slicing/clusters/validation-framework/argocd_validator.go:795.31,797.6 1 0
github.com/thc1006/O-RAN-Intent-MANO-for-Network-Slicing/clusters/validation-framework/argocd_validator.go:800.4,800.32 1 0
github.com/thc1006/O-RAN-Intent-MANO-for-Network-Slicing/clusters/validation-framework/configsync_validator.go:159.98,161.28 1 0
github.com/thc1006/O-RAN-Intent-MANO-for-Network-Slicing/clusters/validation-framework/configsync_validator.go:161.28,163.3 1 0
github.com/thc1006/O-RAN-Intent-MANO-for-Network-Slicing/clusters/validation-framework/configsync_validator.go:164.2,164.31 1 0
github.com/thc1006/O-RAN-Intent-MANO-for-Network-Slicing/clusters/validation-framework/configsync_validator.go:164.31,166.3 1 0
github.com/thc1006/O-RAN-Intent-MANO-for-Network-Slicing/clusters/validation-framework/configsync_validator.go:167.2,167.33 1 0
github.com/thc1006/O-RAN-Intent-MANO-for-Network-Slicing/clusters/validation-framework/configsync_validator.go:167.33,169.3 1 0
github.com/thc1006/O-RAN-Intent-MANO-for-Network-Slicing/clusters/validation-framework/configsync_validator.go:170.2,170.35 1 0
github.com/thc1006/O-RAN-Intent-MANO-for-Network-Slicing/clusters/validation-framework/configsync_validator.go:170.35,172.3 1 0
github.com/thc1006/O-RAN-Intent-MANO-for-Network-Slicing/clusters/validation-framework/configsync_validator.go:173.2,173.37 1 0
github.com/thc1006/O-RAN-Intent-MANO-for-Network-Slicing/clusters/validation-framework/configsync_validator.go:173.37,175.3 1 0
github.com/thc1006/O-RAN-Intent-MANO-for-Network-Slicing/clusters/validation-framework/configsync_validator.go:177.2,180.3 1 0
github.com/thc1006/O-RAN-Intent-MANO-for-Network-Slicing/clusters/validation-framework/configsync_validator.go:184.100,193.61 2 0
github.com/thc1006/O-RAN-Intent-MANO-for-Network-Slicing/clusters/validation-framework/configsync_validator.go:193.61,197.3 3 0
github.com/thc1006/O-RAN-Intent-MANO-for-Network-Slicing/clusters/validation-framework/configsync_validator.go:200.2,201.16 2 0
github.com/thc1006/O-RAN-Intent-MANO-for-Network-Slicing/clusters/validation-framework/configsync_validator.go:201.16,204.3 2 0
github.com/thc1006/O-RAN-Intent-MANO-for-Network-Slicing/clusters/validation-framework/configsync_validator.go:204.8,206.45 2 0
github.com/thc1006/O-RAN-Intent-MANO-for-Network-Slicing/clusters/validation-framework/configsync_validator.go:206.45,208.4 1 0
github.com/thc1006/O-RAN-Intent-MANO-for-Network-Slicing/clusters/validation-framework/configsync_validator.go:212.2,213.16 2 0
github.com/thc1006/O-RAN-Intent-MANO-for-Network-Slicing/clusters/validation-framework/configsync_validator.go:213.16,215.3 1 0
github.com/thc1006/O-RAN-Intent-MANO-for-Network-Slicing/clusters/validation-framework/configsync_validator.go:215.8,217.32 2 0
github.com/thc1006/O-RAN-Intent-MANO-for-Network-Slicing/clusters/validation-framework/configsync_validator.go:217.32,218.34 1 0
github.com/thc1006/O-RAN-Intent-MANO-for-Network-Slicing/clusters/validation-framework/configsync_validator.go:218.34,220.5 1 0
github.com/thc1006/O-RAN-Intent-MANO-for-Network-Slicing/clusters/validation-framework/configsync_validator.go:225.2,225.65 1 0
github.com/thc1006/O-RAN-Intent-MANO-for-Network-Slicing/clusters/validation-framework/configsync_validator.go:225.65,227.3 1 0
github.com/thc1006/O-RAN-Intent-MANO-for-Network-Slicing/clusters/validation-framework/configsync_validator.go:230.2,232.20 2 0
github.com/thc1006/O-RAN-Intent-MANO-for-Network-Slicing/clusters/validation-framework/configsync_validator.go:236.88,239.16 2 0
github.com/thc1006/O-RAN-Intent-MANO-for-Network-Slicing/clusters/validation-framework/configsync_validator.go:239.16,240.29 1 0
github.com/thc1006/O-RAN-Intent-MANO-for-Network-Slicing/clusters/validation-framework/configsync_validator.go:240.29,242.4 1 0
github.com/thc1006/O-RAN-Intent-MANO-for-Network-Slicing/clusters/validation-framework/configsync_validator.go:243.3,243.68 1 0
github.com/thc1006/O-RAN-Intent-MANO-for-Network-Slicing/clusters/validation-framework/configsync_validator.go:247.2,248.16 2 0
github.com/thc1006/O-RAN-Intent-MANO-for-Network-Slicing/clusters/validation-framework/configsync_validator.go:248.16,250.3 1 0
github.com/thc1006/O-RAN-Intent-MANO-for-Network-Slicing/clusters/validation-framework/configsync_validator.go:252.2,255.47 3 0
github.com/thc1006/O-RAN-Intent-MANO-for-Network-Slicing/clusters/validation-framework/configsync_validator.go:255.47,256.48 1 0
github.com/thc1006/O-RAN-Intent-MANO-for-Network-Slicing/clusters/validation-framework/configsync_validator.go:256.48,257.35 1 0
github.com/thc1006/O-RAN-Intent-MANO-for-Network-Slicing/clusters/validation-framework/configsync_validator.go:257.35,260.45 2 0
github.com/thc1006/O-RAN-Intent-MANO-for-Network-Slicing/clusters/validation-framework/configsync_validator.go:260.45,262.6 1 0
github.com/thc1006/O-RAN-Intent-MANO-for-Network-Slicing/clusters/validation-framework/configsync_validator.go:267.2,267.47 1 0
github.com/thc1006/O-RAN-Intent-MANO-for-Network-Slicing/clusters/validation-framework/configsync_validator.go:267.47,268.34 1 0
github.com/thc1006/O-RAN-Intent-MANO-for-Network-Slicing/clusters/validation-framework/configsync_validator.go:268.34,270.4 1 0
github.com/thc1006/O-RAN-Intent-MANO-for-Network-Slicing/clusters/validation-framework/configsync_validator.go:273.2,273.12 1 0
github.com/thc1006/O-RAN-Intent-MANO-for-Network-Slicing/clusters/validation-framework/configsync_validator.go:277.96,289.16 3 0
github.com/thc1006/O-RAN-Intent-MANO-for-Network-Slicing/clusters/validation-framework/configsync_validator.go:289.16,291.3 1 0
github.com/thc1006/O-RAN-Intent-MANO-for-Network-Slicing/clusters/validation-framework/configsync_validator.go:293.2,293.42 1 0
github.com/thc1006/O-RAN-Intent-MANO-for-Network-Slicing/clusters/validation-framework/configsync_validator.go:297.115,305.26 3 0
github.com/thc1006/O-RAN-Intent-MANO-for-Network-Slicing/clusters/validation-framework/configsync_validator.go:305.26,307.3 1 0
github.com/thc1006/O-RAN-Intent-MANO-for-Network-Slicing/clusters/validation-framework/configsync_validator.go:310.2,310.90 1 0
github.com/thc1006/O-RAN-Intent-MANO-for-Network-Slicing/clusters/validation-framework/configsync_validator.go:310.90,312.3 1 0
github.com/thc1006/O-RAN-Intent-MANO-for-Network-Slicing/clusters/validation-framework/configsync_validator.go:315.2,315.79 1 0
github.com/thc1006/O-RAN-Intent-MANO-for-Network-Slicing/clusters/validation-framework/configsync_validator.go:315.79,317.3 1 0
github.com/thc1006/O-RAN-Intent-MANO-for-Network-Slicing/clusters/validation-framework/configsync_validator.go:320.2,320.75 1 0
github.com/thc1006/O-RAN-Intent-MANO-for-Network-Slicing/clusters/validation-framework/configsync_validator.go:320.75,322.3 1 0
github.com/thc1006/O-RAN-Intent-MANO-for-Network-Slicing/clusters/validation-framework/configsync_validator.go:325.2,325.82 1 0
github.com/thc1006/O-RAN-Intent-MANO-for-Network-Slicing/clusters/validation-framework/configsync_validator.go:325.82,327.3 1 0
github.com/thc1006/O-RAN-Intent-MANO-for-Network-Slicing/clusters/validation-framework/configsync_validator.go:330.2,330.89 1 0
github.com/thc1006/O-RAN-Intent-MANO-for-Network-Slicing/clusters/validation-framework/configsync_validator.go:330.89,332.3 1 0
github.com/thc1006/O-RAN-Intent-MANO-for-Network-Slicing/clusters/validation-framework/configsync_validator.go:334.2,334.20 1 0
github.com/thc1006/O-RAN-Intent-MANO-for-Network-Slicing/clusters/validation-framework/configsync_validator.go:338.98,349.16 3 0
github.com/thc1006/O-RAN-Intent-MANO-for-Network-Slicing/clusters/validation-framework/configsync_validator.go:349.16,351.3 1 0
github.com/thc1006/O-RAN-Intent-MANO-for-Network-Slicing/clusters/validation-framework/configsync_validator.go:353.2,354.42 2 0
github.com/thc1006/O-RAN-Intent-MANO-for-Network-Slicing/clusters/validation-framework/configsync_validator.go:354.42,356.17 2 0
github.com/thc1006/O-RAN-Intent-MANO-for-Network-Slicing/clusters/validation-framework/configsync_validator.go:356.17,357.12 1 0
github.com/thc1006/O-RAN-Intent-MANO-for-Network-Slicing/clusters/validation-framework/configsync_validator.go:359.3,359.43 1 0
github.com/thc1006/O-RAN-Intent-MANO-for-Network-Slicing/clusters/validation-framework/configsync_validator.go:362.2,362.23 1 0
github.com/thc1006/O-RAN-Intent-MANO-for-Network-Slicing/clusters/validation-framework/configsync_validator.go:366.115,374.26 3 0
github.com/thc1006/O-RAN-Intent-MANO-for-Network-Slicing/clusters/validation-framework/configsync_validator.go:374.26,376.3 1 0
github.com/thc1006/O-RAN-Intent-MANO-for-Network-Slicing/clusters/validation-framework/configsync_validator.go:379.2,379.90 1 0
github.com/thc1006/O-RAN-Intent-MANO-for-Network-Slicing/clusters/validation-framework/configsync_validator.go:379.90,381.3 1 0
github.com/thc1006/O-RAN-Intent-MANO-for-Network-Slicing/clusters/validation-framework/configsync_validator.go:384.2,384.79 1 0
github.com/thc1006/O-RAN-Intent-MANO-for-Network-Slicing/clusters/validation-framework/configsync_validator.go:384.79,386.3 1 0
github.com/thc1006/O-RAN-Intent-MANO-for-Network-Slicing/clusters/validation-framework/configsync_validator.go:388.2,388.75 1 0
github.com/thc1006/O-RAN-Intent-MANO-for-Network-Slicing/clusters/validation-framework/configsync_validator.go:388.75,390.3 1 0
github.com/thc1006/O-RAN-Intent-MANO-for-Network-Slicing/clusters/validation-framework/configsync_validator.go:392.2,392.82 1 0
github.com/thc1006/O-RAN-Intent-MANO-for-Network-Slicing/clusters/validation-framework/configsync_validator.go:392.82,394.3 1 0
github.com/thc1006/O-RAN-Intent-MANO-for-Network-Slicing/clusters/validation-framework/configsync_validator.go:396.2,396.89 1 0
github.com/thc1006/O-RAN-Intent-MANO-for-Network-Slicing/clusters/validation-framework/configsync_validator.go:396.89,398.3 1 0
github.com/thc1006/O-RAN-Intent-MANO-for-Network-Slicing/clusters/validation-framework/configsync_validator.go:400.2,400.20 1 0
github.com/thc1006/O-RAN-Intent-MANO-for-Network-Slicing/clusters/validation-framework/configsync_validator.go:404.98,410.73 2 0
github.com/thc1006/O-RAN-Intent-MANO-for-Network-Slicing/clusters/validation-framework/configsync_validator.go:410.73,412.73 2 0
github.com/thc1006/O-RAN-Intent-MANO-for-Network-Slicing/clusters/validation-framework/configsync_validator.go:412.73,414.4 1 0
github.com/thc1006/O-RAN-Intent-MANO-for-Network-Slicing/clusters/validation-framework/configsync_validator.go:415.3,415.81 1 0
github.com/thc1006/O-RAN-Intent-MANO-for-Network-Slicing/clusters/validation-framework/configsync_validator.go:415.81,417.4 1 0
github.com/thc1006/O-RAN-Intent-MANO-for-Network-Slicing/clusters/validation-framework/configsync_validator.go:418.3,418.77 1 0
github.com/thc1006/O-RAN-Intent-MANO-for-Network-Slicing/clusters/validation-framework/configsync_validator.go:418.77,420.4 1 0
github.com/thc1006/O-RAN-Intent-MANO-for-Network-Slicing/clusters/validation-framework/configsync_validator.go:421.3,421.71 1 0
github.com/thc1006/O-RAN-Intent-MANO-for-Network-Slicing/clusters/validation-framework/configsync_validator.go:421.71,423.4 1 0
github.com/thc1006/O-RAN-Intent-MANO-for-Network-Slicing/clusters/validation-framework/configsync_validator.go:424.3,424.77 1 0
github.com/thc1006/O-RAN-Intent-MANO-for-Network-Slicing/clusters/validation-framework/configsync_validator.go:424.77,426.4 1 0
github.com/thc1006/O-RAN-Intent-MANO-for-Network-Slicing/clusters/validation-framework/configsync_validator.go:430.2,430.81 1 0
github.com/thc1006/O-RAN-Intent-MANO-for-Network-Slicing/clusters/validation-framework/configsync_validator.go:430.81,432.3 1 0
github.com/thc1006/O-RAN-Intent-MANO-for-Network-Slicing/clusters/validation-framework/configsync_validator.go:434.2,434.15 1 0
github.com/thc1006/O-RAN-Intent-MANO-for-Network-Slicing/clusters/validation-framework/configsync_validator.go:438.92,443.81 2 0
github.com/thc1006/O-RAN-Intent-MANO-for-Network-Slicing/clusters/validation-framework/configsync_validator.go:443.81,445.3 1 0
github.com/thc1006/O-RAN-Intent-MANO-for-Network-Slicing/clusters/validation-framework/configsync_validator.go:447.2,447.83 1 0
github.com/thc1006/O-RAN-Intent-MANO-for-Network-Slicing/clusters/validation-framework/configsync_validator.go:447.83,449.3 1 0
github.com/thc1006/O-RAN-Intent-MANO-for-Network-Slicing/clusters/validation-framework/configsync_validator.go:451.2,451.76 1 0
github.com/thc1006/O-RAN-Intent-MANO-for-Network-Slicing/clusters/validation-framework/configsync_validator.go:451.76,453.3 1 0
github.com/thc1006/O-RAN-Intent-MANO-for-Network-Slicing/clusters/validation-framework/configsync_validator.go:456.2,456.79 1 0
github.com/thc1006/O-RAN-Intent-MANO-for-Network-Slicing/clusters/validation-framework/configsync_validator.go:456.79,458.3 1 0
github.com/thc1006/O-RAN-Intent-MANO-for-Network-Slicing/clusters/validation-framework/configsync_validator.go:460.2,460.15 1 0
github.com/thc1006/O-RAN-Intent-MANO-for-Network-Slicing/clusters/validation-framework/configsync_validator.go:464.104,469.85 2 0
github.com/thc1006/O-RAN-Intent-MANO-for-Network-Slicing/clusters/validation-framework/configsync_validator.go:469.85,471.3 1 0
github.com/thc1006/O-RAN-Intent-MANO-for-Network-Slicing/clusters/validation-framework/configsync_validator.go:473.2,473.81 1 0
github.com/thc1006/O-RAN-Intent-MANO-for-Network-Slicing/clusters/validation-framework/configsync_validator.go:473.81,475.3 1 0
github.com/thc1006/O-RAN-Intent-MANO-for-Network-Slicing/clusters/validation-framework/configsync_validator.go:478.2,478.81 1 0
github.com/thc1006/O-RAN-Intent-MANO-for-Network-Slicing/clusters/validation-framework/configsync_validator.go:478.81,480.3 1 0
github.com/thc1006/O-RAN-Intent-MANO-for-Network-Slicing/clusters/validation-framework/configsync_validator.go:482.2,482.15 1 0
github.com/thc1006/O-RAN-Intent-MANO-for-Network-Slicing/clusters/validation-framework/configsync_validator.go:486.96,489.40 2 0
github.com/thc1006/O-RAN-Intent-MANO-for-Network-Slicing/clusters/validation-framework/configsync_validator.go:489.40,490.58 1 0
github.com/thc1006/O-RAN-Intent-MANO-for-Network-Slicing/clusters/validation-framework/configsync_validator.go:490.58,493.79 2 0
github.com/thc1006/O-RAN-Intent-MANO-for-Network-Slicing/clusters/validation-framework/configsync_validator.go:493.79,495.5 1 0
github.com/thc1006/O-RAN-Intent-MANO-for-Network-Slicing/clusters/validation-framework/configsync_validator.go:496.4,496.79 1 0
github.com/thc1006/O-RAN-Intent-MANO-for-Network-Slicing/clusters/validation-framework/configsync_validator.go:496.79,498.5 1 0
github.com/thc1006/O-RAN-Intent-MANO-for-Network-Slicing/clusters/validation-framework/configsync_validator.go:499.4,499.79 1 0
github.com/thc1006/O-RAN-Intent-MANO-for-Network-Slicing/clusters/validation-framework/configsync_validator.go:499.79,501.5 1 0
github.com/thc1006/O-RAN-Intent-MANO-for-Network-Slicing/clusters/validation-framework/configsync_validator.go:502.4,502.81 1 0
github.com/thc1006/O-RAN-Intent-MANO-for-Network-Slicing/clusters/validation-framework/configsync_validator.go:502.81,504.5 1 0
github.com/thc1006/O-RAN-Intent-MANO-for-Network-Slicing/clusters/validation-framework/configsync_validator.go:506.4,506.46 1 0
github.com/thc1006/O-RAN-Intent-MANO-for-Network-Slicing/clusters/validation-framework/configsync_validator.go:510.2,510.19 1 0
github.com/thc1006/O-RAN-Intent-MANO-for-Network-Slicing/clusters/validation-framework/configsync_validator.go:514.91,517.35 2 0
github.com/thc1006/O-RAN-Intent-MANO-for-Network-Slicing/clusters/validation-framework/configsync_validator.go:517.35,518.56 1 0
github.com/thc1006/O-RAN-Intent-MANO-for-Network-Slicing/clusters/validation-framework/configsync_validator.go:518.56,523.74 2 0
github.com/thc1006/O-RAN-Intent-MANO-for-Network-Slicing/clusters/validation-framework/configsync_validator.go:523.74,525.5 1 0
github.com/thc1006/O-RAN-Intent-MANO-for-Network-Slicing/clusters/validation-framework/configsync_validator.go:526.4,526.81 1 0
github.com/thc1006/O-RAN-Intent-MANO-for-Network-Slicing/clusters/validation-framework/configsync_validator.go:526.81,528.5 1 0
github.com/thc1006/O-RAN-Intent-MANO-for-Network-Slicing/clusters/validation-framework/configsync_validator.go:530.4,530.40 1 0
github.com/thc1006/O-RAN-Intent-MANO-for-Network-Slicing/clusters/validation-framework/configsync_validator.go:534.2,534.15 1 0
github.com/thc1006/O-RAN-Intent-MANO-for-Network-Slicing/clusters/validation-framework/configsync_validator.go:538.110,542.68 3 0
github.com/thc1006/O-RAN-Intent-MANO-for-Network-Slicing/clusters/validation-framework/configsync_validator.go:542.68,545.21 2 0
github.com/thc1006/O-RAN-Intent-MANO-for-Network-Slicing/clusters/validation-framework/configsync_validator.go:545.21,546.12 1 0
github.com/thc1006/O-RAN-Intent-MANO-for-Network-Slicing/clusters/validation-framework/configsync_validator.go:549.3,554.22 5 0
github.com/thc1006/O-RAN-Intent-MANO-for-Network-Slicing/clusters/validation-framework/configsync_validator.go:554.22,555.23 1 0
github.com/thc1006/O-RAN-Intent-MANO-for-Network-Slicing/clusters/validation-framework/configsync_validator.go:555.23,557.5 1 0
github.com/thc1006/O-RAN-Intent-MANO-for-Network-Slicing/clusters/validation-framework/configsync_validator.go:557.10,560.5 2 0
github.com/thc1006/O-RAN-Intent-MANO-for-Network-Slicing/clusters/validation-framework/configsync_validator.go:564.3,565.17 2 0
github.com/thc1006/O-RAN-Intent-MANO-for-Network-Slicing/clusters/validation-framework/configsync_validator.go:565.17,575.4 2 0
github.com/thc1006/O-RAN-Intent-MANO-for-Network-Slicing/clusters/validation-framework/configsync_validator.go:575.9,575.20 1 0
github.com/thc1006/O-RAN-Intent-MANO-for-Network-Slicing/clusters/validation-framework/configsync_validator.go:575.20,577.4 1 0
github.com/thc1006/O-RAN-Intent-MANO-for-Network-Slicing/clusters/validation-framework/configsync_validator.go:580.2,583.12 3 0
github.com/thc1006/O-RAN-Intent-MANO-for-Network-Slicing/clusters/validation-framework/configsync_validator.go:587.130,592.21 3 0
github.com/thc1006/O-RAN-Intent-MANO-for-Network-Slicing/clusters/validation-framework/configsync_validator.go:592.21,594.3 1 0
github.com/thc1006/O-RAN-Intent-MANO-for-Network-Slicing/clusters/validation-framework/configsync_validator.go:594.8,596.3 1 0
github.com/thc1006/O-RAN-Intent-MANO-for-Network-Slicing/clusters/validation-framework/configsync_validator.go:598.2,598.16 1 0
github.com/thc1006/O-RAN-Intent-MANO-for-Network-Slicing/clusters/validation-framework/configsync_validator.go:598.16,599.29 1 0
github.com/thc1006/O-RAN-Intent-MANO-for-Network-Slicing/clusters/validation-framework/configsync_validator.go:599.29,601.4 1 0
github.com/thc1006/O-RAN-Intent-MANO-for-Network-Slicing/clusters/validation-framework/configsync_validator.go:602.3,602.20 1 0
github.com/thc1006/O-RAN-Intent-MANO-for-Network-Slicing/clusters/validation-framework/configsync_validator.go:605.2,605.18 1 0
github.com/thc1006/O-RAN-Intent-MANO-for-Network-Slicing/clusters/validation-framework/configsync_validator.go:609.106,613.21 3 0
github.com/thc1006/O-RAN-Intent-MANO-for-Network-Slicing/clusters/validation-framework/configsync_validator.go:613.21,616.3 2 0
github.com/thc1006/O-RAN-Intent-MANO-for-Network-Slicing/clusters/validation-framework/configsync_validator.go:616.8,619.3 2 0
github.com/thc1006/O-RAN-Intent-MANO-for-Network-Slicing/clusters/validation-framework/configsync_validator.go:622.2,623.39 2 0
github.com/thc1006/O-RAN-Intent-MANO-for-Network-Slicing/clusters/validation-framework/configsync_validator.go:623.39,625.3 1 0
github.com/thc1006/O-RAN-Intent-MANO-for-Network-Slicing/clusters/validation-framework/configsync_validator.go:627.2,631.3 1 0
github.com/thc1006/O-RAN-Intent-MANO-for-Network-Slicing/clusters/validation-framework/configsync_validator.go:635.93,636.21 1 0
github.com/thc1006/O-RAN-Intent-MANO-for-Network-Slicing/clusters/validation-framework/configsync_validator.go:636.21,638.3 1 0
github.com/thc1006/O-RAN-Intent-MANO-for-Network-Slicing/clusters/validation-framework/configsync_validator.go:640.2,640.71 1 0
github.com/thc1006/O-RAN-Intent-MANO-for-Network-Slicing/clusters/validation-framework/configsync_validator.go:640.71,642.39 2 0
github.com/thc1006/O-RAN-Intent-MANO-for-Network-Slicing/clusters/validation-framework/configsync_validator.go:642.39,643.34 1 0
github.com/thc1006/O-RAN-Intent-MANO-for-Network-Slicing/clusters/validation-framework/configsync_validator.go:643.34,645.10 2 0
github.com/thc1006/O-RAN-Intent-MANO-for-Network-Slicing/clusters/validation-framework/configsync_validator.go:648.3,648.25 1 0
github.com/thc1006/O-RAN-Intent-MANO-for-Network-Slicing/clusters/validation-framework/configsync_validator.go:648.25,650.4 1 0
github.com/thc1006/O-RAN-Intent-MANO-for-Network-Slicing/clusters/validation-framework/configsync_validator.go:653.2,653.18 1 0
github.com/thc1006/O-RAN-Intent-MANO-for-Network-Slicing/clusters/validation-framework/drift_detector.go:110.131,122.2 2 0
github.com/thc1006/O-RAN-Intent-MANO-for-Network-Slicing/clusters/validation-framework/drift_detector.go:125.86,126.24 1 0
github.com/thc1006/O-RAN-Intent-MANO-for-Network-Slicing/clusters/validation-framework/drift_detector.go:126.24,128.3 1 0
github.com/thc1006/O-RAN-Intent-MANO-for-Network-Slicing/clusters/validation-framework/drift_detector.go:130.2,148.16 6 0
github.com/thc1006/O-RAN-Intent-MANO-for-Network-Slicing/clusters/validation-framework/drift_detector.go:148.16,150.3 1 0
github.com/thc1006/O-RAN-Intent-MANO-for-Network-Slicing/clusters/validation-framework/drift_detector.go:153.2,154.16 2 0
github.com/thc1006/O-RAN-Intent-MANO-for-Network-Slicing/clusters/validation-framework/drift_detector.go:154.16,156.3 1 0
github.com/thc1006/O-RAN-Intent-MANO-for-Network-Slicing/clusters/validation-framework/drift_detector.go:159.2,164.37 4 0
github.com/thc1006/O-RAN-Intent-MANO-for-Network-Slicing/clusters/validation-framework/drift_detector.go:164.37,168.21 3 0
github.com/thc1006/O-RAN-Intent-MANO-for-Network-Slicing/clusters/validation-framework/drift_detector.go:168.21,173.4 4 0
github.com/thc1006/O-RAN-Intent-MANO-for-Network-Slicing/clusters/validation-framework/drift_detector.go:175.2,183.69 5 0
github.com/thc1006/O-RAN-Intent-MANO-for-Network-Slicing/clusters/validation-framework/drift_detector.go:183.69,184.62 1 0
github.com/thc1006/O-RAN-Intent-MANO-for-Network-Slicing/clusters/validation-framework/drift_detector.go:184.62,186.4 1 0
github.com/thc1006/O-RAN-Intent-MANO-for-Network-Slicing/clusters/validation-framework/drift_detector.go:189.2,189.20 1 0
github.com/thc1006/O-RAN-Intent-MANO-for-Network-Slicing/clusters/validation-framework/drift_detector.go:193.110,197.89 2 0
github.com/thc1006/O-RAN-Intent-MANO-for-Network-Slicing/clusters/validation-framework/drift_detector.go:197.89,198.17 1 0
github.com/thc1006/O-RAN-Intent-MANO-for-Network-Slicing/clusters/validation-framework/drift_detector.go:198.17,200.4 1 0
github.com/thc1006/O-RAN-Intent-MANO-for-Network-Slicing/clusters/validation-framework/drift_detector.go:202.3,202.40 1 0
github.com/thc1006/O-RAN-Intent-MANO-for-Network-Slicing/clusters/validation-framework/drift_detector.go:202.40,204.18 2 0
github.com/thc1006/O-RAN-Intent-MANO-for-Network-Slicing/clusters/validation-framework/drift_detector.go:204.18,207.5 2 0
github.com/thc1006/O-RAN-Intent-MANO-for-Network-Slicing/clusters/validation-framework/drift_detector.go:209.4,209.39 1 0
github.com/thc1006/O-RAN-Intent-MANO-for-Network-Slicing/clusters/validation-framework/drift_detector.go:209.39,217.5 4 0
github.com/thc1006/O-RAN-Intent-MANO-for-Network-Slicing/clusters/validation-framework/drift_detector.go:220.3,220.13 1 0
github.com/thc1006/O-RAN-Intent-MANO-for-Network-Slicing/clusters/validation-framework/drift_detector.go:223.2,223.30 1 0
github.com/thc1006/O-RAN-Intent-MANO-for-Network-Slicing/clusters/validation-framework/drift_detector.go:227.109,232.16 3 0
github.com/thc1006/O-RAN-Intent-MANO-for-Network-Slicing/clusters/validation-framework/drift_detector.go:232.16,234.3 1 0
github.com/thc1006/O-RAN-Intent-MANO-for-Network-Slicing/clusters/validation-framework/drift_detector.go:237.2,237.47 1 0
github.com/thc1006/O-RAN-Intent-MANO-for-Network-Slicing/clusters/validation-framework/drift_detector.go:237.47,239.17 2 0
github.com/thc1006/O-RAN-Intent-MANO-for-Network-Slicing/clusters/validation-framework/drift_detector.go:239.17,240.12 1 0
github.com/thc1006/O-RAN-Intent-MANO-for-Network-Slicing/clusters/validation-framework/drift_detector.go:243.3,243.60 1 0
github.com/thc1006/O-RAN-Intent-MANO-for-Network-Slicing/clusters/validation-framework/drift_detector.go:243.60,244.51 1 0
github.com/thc1006/O-RAN-Intent-MANO-for-Network-Slicing/clusters/validation-framework/drift_detector.go:244.51,245.13 1 0
github.com/thc1006/O-RAN-Intent-MANO-for-Network-Slicing/clusters/validation-framework/drift_detector.go:248.4,255.18 3 0
github.com/thc1006/O-RAN-Intent-MANO-for-Network-Slicing/clusters/validation-framework/drift_detector.go:255.18,257.13 2 0
github.com/thc1006/O-RAN-Intent-MANO-for-Network-Slicing/clusters/validation-framework/drift_detector.go:260.4,260.39 1 0
github.com/thc1006/O-RAN-Intent-MANO-for-Network-Slicing/clusters/validation-framework/drift_detector.go:260.39,263.5 2 0
github.com/thc1006/O-RAN-Intent-MANO-for-Network-Slicing/clusters/validation-framework/drift_detector.go:267.2,267.29 1 0
github.com/thc1006/O-RAN-Intent-MANO-for-Network-Slicing/clusters/validation-framework/drift_detector.go:271.149,274.16 2 0
github.com/thc1006/O-RAN-Intent-MANO-for-Network-Slicing/clusters/validation-framework/drift_detector.go:274.16,277.17 2 0
github.com/thc1006/O-RAN-Intent-MANO-for-Network-Slicing/clusters/validation-framework/drift_detector.go:277.17,279.4 1 0
github.com/thc1006/O-RAN-Intent-MANO-for-Network-Slicing/clusters/validation-framework/drift_detector.go:281.3,281.39 1 0
github.com/thc1006/O-RAN-Intent-MANO-for-Network-Slicing/clusters/validation-framework/drift_detector.go:281.39,283.57 2 0
github.com/thc1006/O-RAN-Intent-MANO-for-Network-Slicing/clusters/validation-framework/drift_detector.go:283.57,284.13 1 0
github.com/thc1006/O-RAN-Intent-MANO-for-Network-Slicing/clusters/validation-framework/drift_detector.go:286.4,286.18 1 0
github.com/thc1006/O-RAN-Intent-MANO-for-Network-Slicing/clusters/validation-framework/drift_detector.go:286.18,288.5 1 0
github.com/thc1006/O-RAN-Intent-MANO-for-Network-Slicing/clusters/validation-framework/drift_detector.go:290.4,290.36 1 0
github.com/thc1006/O-RAN-Intent-MANO-for-Network-Slicing/clusters/validation-framework/drift_detector.go:290.36,292.5 1 0
github.com/thc1006/O-RAN-Intent-MANO-for-Network-Slicing/clusters/validation-framework/drift_detector.go:294.8,297.56 2 0
github.com/thc1006/O-RAN-Intent-MANO-for-Network-Slicing/clusters/validation-framework/drift_detector.go:297.56,299.4 1 0
github.com/thc1006/O-RAN-Intent-MANO-for-Network-Slicing/clusters/validation-framework/drift_detector.go:300.3,300.17 1 0
github.com/thc1006/O-RAN-Intent-MANO-for-Network-Slicing/clusters/validation-framework/drift_detector.go:300.17,302.4 1 0
github.com/thc1006/O-RAN-Intent-MANO-for-Network-Slicing/clusters/validation-framework/drift_detector.go:304.3,304.35 1 0
github.com/thc1006/O-RAN-Intent-MANO-for-Network-Slicing/clusters/validation-framework/drift_detector.go:304.35,306.4 1 0
github.com/thc1006/O-RAN-Intent-MANO-for-Network-Slicing/clusters/validation-framework/drift_detector.go:309.2,309.23 1 0
github.com/thc1006/O-RAN-Intent-MANO-for-Network-Slicing/clusters/validation-framework/drift_detector.go:313.66,323.47 2 0
github.com/thc1006/O-RAN-Intent-MANO-for-Network-Slicing/clusters/validation-framework/drift_detector.go:323.47,324.24 1 0
github.com/thc1006/O-RAN-Intent-MANO-for-Network-Slicing/clusters/validation-framework/drift_detector.go:324.24,326.4 1 0
github.com/thc1006/O-RAN-Intent-MANO-for-Network-Slicing/clusters/validation-framework/drift_detector.go:329.2,329.14 1 0
github.com/thc1006/O-RAN-Intent-MANO-for-Network-Slicing/clusters/validation-framework/drift_detector.go:333.109,338.44 3 0
github.com/thc1006/O-RAN-Intent-MANO-for-Network-Slicing/clusters/validation-framework/drift_detector.go:338.44,353.14 3 0
github.com/thc1006/O-RAN-Intent-MANO-for-Network-Slicing/clusters/validation-framework/drift_detector.go:353.14,359.4 4 0
github.com/thc1006/O-RAN-Intent-MANO-for-Network-Slicing/clusters/validation-framework/drift_detector.go:359.9,362.24 2 0
github.com/thc1006/O-RAN-Intent-MANO-for-Network-Slicing/clusters/validation-framework/drift_detector.go:362.24,369.5 6 0
github.com/thc1006/O-RAN-Intent-MANO-for-Network-Slicing/clusters/validation-framework/drift_detector.go:373.3,374.36 2 0
github.com/thc1006/O-RAN-Intent-MANO-for-Network-Slicing/clusters/validation-framework/drift_detector.go:378.2,378.42 1 0
github.com/thc1006/O-RAN-Intent-MANO-for-Network-Slicing/clusters/validation-framework/drift_detector.go:378.42,379.41 1 0
github.com/thc1006/O-RAN-Intent-MANO-for-Network-Slicing/clusters/validation-framework/drift_detector.go:379.41,381.45 1 0
github.com/thc1006/O-RAN-Intent-MANO-for-Network-Slicing/clusters/validation-framework/drift_detector.go:381.45,382.13 1 0
github.com/thc1006/O-RAN-Intent-MANO-for-Network-Slicing/clusters/validation-framework/drift_detector.go:385.4,400.37 4 0
github.com/thc1006/O-RAN-Intent-MANO-for-Network-Slicing/clusters/validation-framework/drift_detector.go:404.2,404.16 1 0
github.com/thc1006/O-RAN-Intent-MANO-for-Network-Slicing/clusters/validation-framework/drift_detector.go:408.101,416.60 4 0
github.com/thc1006/O-RAN-Intent-MANO-for-Network-Slicing/clusters/validation-framework/drift_detector.go:416.60,417.59 1 0
github.com/thc1006/O-RAN-Intent-MANO-for-Network-Slicing/clusters/validation-framework/drift_detector.go:417.59,420.4 2 0
github.com/thc1006/O-RAN-Intent-MANO-for-Network-Slicing/clusters/validation-framework/drift_detector.go:424.2,424.64 1 0
github.com/thc1006/O-RAN-Intent-MANO-for-Network-Slicing/clusters/validation-framework/drift_detector.go:424.64,425.63 1 0
github.com/thc1006/O-RAN-Intent-MANO-for-Network-Slicing/clusters/validation-framework/drift_detector.go:425.63,428.4 2 0
github.com/thc1006/O-RAN-Intent-MANO-for-Network-Slicing/clusters/validation-framework/drift_detector.go:431.2,431.16 1 0
github.com/thc1006/O-RAN-Intent-MANO-for-Network-Slicing/clusters/validation-framework/drift_detector.go:435.101,438.55 2 0
github.com/thc1006/O-RAN-Intent-MANO-for-Network-Slicing/clusters/validation-framework/drift_detector.go:438.55,445.3 1 0
github.com/thc1006/O-RAN-Intent-MANO-for-Network-Slicing/clusters/validation-framework/drift_detector.go:447.2,447.29 1 0
github.com/thc1006/O-RAN-Intent-MANO-for-Network-Slicing/clusters/validation-framework/drift_detector.go:448.30,452.30 2 0
github.com/thc1006/O-RAN-Intent-MANO-for-Network-Slicing/clusters/validation-framework/drift_detector.go:452.30,454.40 2 0
github.com/thc1006/O-RAN-Intent-MANO-for-Network-Slicing/clusters/validation-framework/drift_detector.go:454.40,457.5 2 0
github.com/thc1006/O-RAN-Intent-MANO-for-Network-Slicing/clusters/validation-framework/drift_detector.go:457.10,463.5 1 0
github.com/thc1006/O-RAN-Intent-MANO-for-Network-Slicing/clusters/validation-framework/drift_detector.go:467.3,467.30 1 0
github.com/thc1006/O-RAN-Intent-MANO-for-Network-Slicing/clusters/validation-framework/drift_detector.go:467.30,468.36 1 0
github.com/thc1006/O-RAN-Intent-MANO-for-Network-Slicing/clusters/validation-framework/drift_detector.go:468.36,475.5 2 0
github.com/thc1006/O-RAN-Intent-MANO-for-Network-Slicing/clusters/validation-framework/drift_detector.go:478.21,480.23 2 0
github.com/thc1006/O-RAN-Intent-MANO-for-Network-Slicing/clusters/validation-framework/drift_detector.go:480.23,487.4 1 0
github.com/thc1006/O-RAN-Intent-MANO-for-Network-Slicing/clusters/validation-framework/drift_detector.go:489.3,489.27 1 0
github.com/thc1006/O-RAN-Intent-MANO-for-Network-Slicing/clusters/validation-framework/drift_detector.go:489.27,490.18 1 0
github.com/thc1006/O-RAN-Intent-MANO-for-Network-Slicing/clusters/validation-framework/drift_detector.go:490.18,494.5 3 0
github.com/thc1006/O-RAN-Intent-MANO-for-Network-Slicing/clusters/validation-framework/drift_detector.go:497.10,498.42 1 0
github.com/thc1006/O-RAN-Intent-MANO-for-Network-Slicing/clusters/validation-framework/drift_detector.go:498.42,505.4 1 0
github.com/thc1006/O-RAN-Intent-MANO-for-Network-Slicing/clusters/validation-framework/drift_detector.go:508.2,508.16 1 0
github.com/thc1006/O-RAN-Intent-MANO-for-Network-Slicing/clusters/validation-framework/drift_detector.go:512.85,518.18 4 0
github.com/thc1006/O-RAN-Intent-MANO-for-Network-Slicing/clusters/validation-framework/drift_detector.go:518.18,520.3 1 0
github.com/thc1006/O-RAN-Intent-MANO-for-Network-Slicing/clusters/validation-framework/drift_detector.go:523.2,523.48 1 0
github.com/thc1006/O-RAN-Intent-MANO-for-Network-Slicing/clusters/validation-framework/drift_detector.go:523.48,524.49 1 0
github.com/thc1006/O-RAN-Intent-MANO-for-Network-Slicing/clusters/validation-framework/drift_detector.go:524.49,527.4 2 0
github.com/thc1006/O-RAN-Intent-MANO-for-Network-Slicing/clusters/validation-framework/drift_detector.go:531.2,531.58 1 0
github.com/thc1006/O-RAN-Intent-MANO-for-Network-Slicing/clusters/validation-framework/drift_detector.go:531.58,532.59 1 0
github.com/thc1006/O-RAN-Intent-MANO-for-Network-Slicing/clusters/validation-framework/drift_detector.go:532.59,537.4 4 0
github.com/thc1006/O-RAN-Intent-MANO-for-Network-Slicing/clusters/validation-framework/drift_detector.go:540.2,540.16 1 0
github.com/thc1006/O-RAN-Intent-MANO-for-Network-Slicing/clusters/validation-framework/drift_detector.go:544.97,547.30 2 0
github.com/thc1006/O-RAN-Intent-MANO-for-Network-Slicing/clusters/validation-framework/drift_detector.go:547.30,549.32 1 0
github.com/thc1006/O-RAN-Intent-MANO-for-Network-Slicing/clusters/validation-framework/drift_detector.go:549.32,550.12 1 0
github.com/thc1006/O-RAN-Intent-MANO-for-Network-Slicing/clusters/validation-framework/drift_detector.go:552.3,552.24 1 0
github.com/thc1006/O-RAN-Intent-MANO-for-Network-Slicing/clusters/validation-framework/drift_detector.go:556.2,556.49 1 0
github.com/thc1006/O-RAN-Intent-MANO-for-Network-Slicing/clusters/validation-framework/drift_detector.go:556.49,557.59 1 0
github.com/thc1006/O-RAN-Intent-MANO-for-Network-Slicing/clusters/validation-framework/drift_detector.go:557.59,559.36 2 0
github.com/thc1006/O-RAN-Intent-MANO-for-Network-Slicing/clusters/validation-framework/drift_detector.go:559.36,560.43 1 0
github.com/thc1006/O-RAN-Intent-MANO-for-Network-Slicing/clusters/validation-framework/drift_detector.go:560.43,562.6 1 0
github.com/thc1006/O-RAN-Intent-MANO-for-Network-Slicing/clusters/validation-framework/drift_detector.go:564.4,564.39 1 0
github.com/thc1006/O-RAN-Intent-MANO-for-Network-Slicing/clusters/validation-framework/drift_detector.go:568.2,568.17 1 0
github.com/thc1006/O-RAN-Intent-MANO-for-Network-Slicing/clusters/validation-framework/drift_detector.go:572.63,579.40 2 0
github.com/thc1006/O-RAN-Intent-MANO-for-Network-Slicing/clusters/validation-framework/drift_detector.go:579.40,580.23 1 0
github.com/thc1006/O-RAN-Intent-MANO-for-Network-Slicing/clusters/validation-framework/drift_detector.go:580.23,582.4 1 0
github.com/thc1006/O-RAN-Intent-MANO-for-Network-Slicing/clusters/validation-framework/drift_detector.go:586.2,586.55 1 0
github.com/thc1006/O-RAN-Intent-MANO-for-Network-Slicing/clusters/validation-framework/drift_detector.go:586.55,587.29 1 0
github.com/thc1006/O-RAN-Intent-MANO-for-Network-Slicing/clusters/validation-framework/drift_detector.go:587.29,589.4 1 0
github.com/thc1006/O-RAN-Intent-MANO-for-Network-Slicing/clusters/validation-framework/drift_detector.go:592.2,592.14 1 0
github.com/thc1006/O-RAN-Intent-MANO-for-Network-Slicing/clusters/validation-framework/drift_detector.go:596.71,603.48 2 0
github.com/thc1006/O-RAN-Intent-MANO-for-Network-Slicing/clusters/validation-framework/drift_detector.go:603.48,604.23 1 0
github.com/thc1006/O-RAN-Intent-MANO-for-Network-Slicing/clusters/validation-framework/drift_detector.go:604.23,606.4 1 0
github.com/thc1006/O-RAN-Intent-MANO-for-Network-Slicing/clusters/validation-framework/drift_detector.go:609.2,609.14 1 0
github.com/thc1006/O-RAN-Intent-MANO-for-Network-Slicing/clusters/validation-framework/drift_detector.go:613.87,614.62 1 0
github.com/thc1006/O-RAN-Intent-MANO-for-Network-Slicing/clusters/validation-framework/drift_detector.go:614.62,616.36 2 0
github.com/thc1006/O-RAN-Intent-MANO-for-Network-Slicing/clusters/validation-framework/drift_detector.go:616.36,620.52 1 0
github.com/thc1006/O-RAN-Intent-MANO-for-Network-Slicing/clusters/validation-framework/drift_detector.go:620.52,622.5 1 0
github.com/thc1006/O-RAN-Intent-MANO-for-Network-Slicing/clusters/validation-framework/drift_detector.go:624.3,624.18 1 0
github.com/thc1006/O-RAN-Intent-MANO-for-Network-Slicing/clusters/validation-framework/drift_detector.go:626.2,626.20 1 0
github.com/thc1006/O-RAN-Intent-MANO-for-Network-Slicing/clusters/validation-framework/drift_detector.go:630.86,632.24 2 0
github.com/thc1006/O-RAN-Intent-MANO-for-Network-Slicing/clusters/validation-framework/drift_detector.go:632.24,634.3 1 0
github.com/thc1006/O-RAN-Intent-MANO-for-Network-Slicing/clusters/validation-framework/drift_detector.go:637.2,645.47 2 0
github.com/thc1006/O-RAN-Intent-MANO-for-Network-Slicing/clusters/validation-framework/drift_detector.go:645.47,646.51 1 0
github.com/thc1006/O-RAN-Intent-MANO-for-Network-Slicing/clusters/validation-framework/drift_detector.go:646.51,648.4 1 0
github.com/thc1006/O-RAN-Intent-MANO-for-Network-Slicing/clusters/validation-framework/drift_detector.go:652.2,653.19 2 0
github.com/thc1006/O-RAN-Intent-MANO-for-Network-Slicing/clusters/validation-framework/drift_detector.go:653.19,654.66 1 0
github.com/thc1006/O-RAN-Intent-MANO-for-Network-Slicing/clusters/validation-framework/drift_detector.go:654.66,656.4 1 0
github.com/thc1006/O-RAN-Intent-MANO-for-Network-Slicing/clusters/validation-framework/drift_detector.go:659.2,659.14 1 0
github.com/thc1006/O-RAN-Intent-MANO-for-Network-Slicing/clusters/validation-framework/drift_detector.go:663.131,665.37 1 0
github.com/thc1006/O-RAN-Intent-MANO-for-Network-Slicing/clusters/validation-framework/drift_detector.go:665.37,667.3 1 0
github.com/thc1006/O-RAN-Intent-MANO-for-Network-Slicing/clusters/validation-framework/drift_detector.go:670.2,670.19 1 0
github.com/thc1006/O-RAN-Intent-MANO-for-Network-Slicing/clusters/validation-framework/drift_detector.go:671.24,672.27 1 0
[...]
github.com/thc1006/O-RAN-Intent-MANO-for-Network-Slicing/tests/framework/dashboard/metrics_aggregator.go:259.52,261.3 1 0
github.com/thc1006/O-RAN-Intent-MANO-for-Network-Slicing/tests/framework/dashboard/metrics_aggregator.go:264.2,264.58 1 0
github.com/thc1006/O-RAN-Intent-MANO-for-Network-Slicing/tests/framework/dashboard/metrics_aggregator.go:264.58,266.3 1 0
github.com/thc1006/O-RAN-Intent-MANO-for-Network-Slicing/tests/framework/dashboard/metrics_aggregator.go:269.2,269.30 1 0
github.com/thc1006/O-RAN-Intent-MANO-for-Network-Slicing/tests/framework/dashboard/metrics_aggregator.go:269.30,277.3 1 0
github.com/thc1006/O-RAN-Intent-MANO-for-Network-Slicing/tests/framework/dashboard/metrics_aggregator.go:279.2,279.12 1 0
github.com/thc1006/O-RAN-Intent-MANO-for-Network-Slicing/tests/framework/dashboard/metrics_aggregator.go:283.95,284.56 1 0
github.com/thc1006/O-RAN-Intent-MANO-for-Network-Slicing/tests/framework/dashboard/metrics_aggregator.go:284.56,286.3 1 0
github.com/thc1006/O-RAN-Intent-MANO-for-Network-Slicing/tests/framework/dashboard/metrics_aggregator.go:288.2,288.21 1 0
github.com/thc1006/O-RAN-Intent-MANO-for-Network-Slicing/tests/framework/dashboard/metrics_aggregator.go:289.15,290.49 1 0
github.com/thc1006/O-RAN-Intent-MANO-for-Network-Slicing/tests/framework/dashboard/metrics_aggregator.go:291.18,292.52 1 0
github.com/thc1006/O-RAN-Intent-MANO-for-Network-Slicing/tests/framework/dashboard/metrics_aggregator.go:293.21,294.55 1 0
github.com/thc1006/O-RAN-Intent-MANO-for-Network-Slicing/tests/framework/dashboard/metrics_aggregator.go:295.18,296.52 1 0
github.com/thc1006/O-RAN-Intent-MANO-for-Network-Slicing/tests/framework/dashboard/metrics_aggregator.go:297.10,299.13 2 0
github.com/thc1006/O-RAN-Intent-MANO-for-Network-Slicing/tests/framework/dashboard/metrics_aggregator.go:304.97,306.16 2 0
github.com/thc1006/O-RAN-Intent-MANO-for-Network-Slicing/tests/framework/dashboard/metrics_aggregator.go:306.16,308.3 1 0
github.com/thc1006/O-RAN-Intent-MANO-for-Network-Slicing/tests/framework/dashboard/metrics_aggregator.go:312.2,323.19 2 0
github.com/thc1006/O-RAN-Intent-MANO-for-Network-Slicing/tests/framework/dashboard/metrics_aggregator.go:323.19,330.3 6 0
github.com/thc1006/O-RAN-Intent-MANO-for-Network-Slicing/tests/framework/dashboard/metrics_aggregator.go:332.2,333.12 2 0
github.com/thc1006/O-RAN-Intent-MANO-for-Network-Slicing/tests/framework/dashboard/metrics_aggregator.go:337.100,339.16 2 0
github.com/thc1006/O-RAN-Intent-MANO-for-Network-Slicing/tests/framework/dashboard/metrics_aggregator.go:339.16,341.3 1 0
github.com/thc1006/O-RAN-Intent-MANO-for-Network-Slicing/tests/framework/dashboard/metrics_aggregator.go:343.2,343.36 1 0
github.com/thc1006/O-RAN-Intent-MANO-for-Network-Slicing/tests/framework/dashboard/metrics_aggregator.go:343.36,347.3 1 0
github.com/thc1006/O-RAN-Intent-MANO-for-Network-Slicing/tests/framework/dashboard/metrics_aggregator.go:350.2,350.23 1 0
github.com/thc1006/O-RAN-Intent-MANO-for-Network-Slicing/tests/framework/dashboard/metrics_aggregator.go:351.14,354.61 2 0
github.com/thc1006/O-RAN-Intent-MANO-for-Network-Slicing/tests/framework/dashboard/metrics_aggregator.go:354.61,356.62 1 0
github.com/thc1006/O-RAN-Intent-MANO-for-Network-Slicing/tests/framework/dashboard/metrics_aggregator.go:356.62,358.5 1 0
github.com/thc1006/O-RAN-Intent-MANO-for-Network-Slicing/tests/framework/dashboard/metrics_aggregator.go:360.14,366.50 4 0
github.com/thc1006/O-RAN-Intent-MANO-for-Network-Slicing/tests/framework/dashboard/metrics_aggregator.go:369.2,369.12 1 0
github.com/thc1006/O-RAN-Intent-MANO-for-Network-Slicing/tests/framework/dashboard/metrics_aggregator.go:373.103,375.16 2 0
github.com/thc1006/O-RAN-Intent-MANO-for-Network-Slicing/tests/framework/dashboard/metrics_aggregator.go:375.16,377.3 1 0
github.com/thc1006/O-RAN-Intent-MANO-for-Network-Slicing/tests/framework/dashboard/metrics_aggregator.go:379.2,380.56 2 0
github.com/thc1006/O-RAN-Intent-MANO-for-Network-Slicing/tests/framework/dashboard/metrics_aggregator.go:380.56,382.3 1 0
github.com/thc1006/O-RAN-Intent-MANO-for-Network-Slicing/tests/framework/dashboard/metrics_aggregator.go:384.2,384.36 1 0
github.com/thc1006/O-RAN-Intent-MANO-for-Network-Slicing/tests/framework/dashboard/metrics_aggregator.go:384.36,386.3 1 0
github.com/thc1006/O-RAN-Intent-MANO-for-Network-Slicing/tests/framework/dashboard/metrics_aggregator.go:389.2,389.69 1 0
github.com/thc1006/O-RAN-Intent-MANO-for-Network-Slicing/tests/framework/dashboard/metrics_aggregator.go:389.69,391.3 1 0
github.com/thc1006/O-RAN-Intent-MANO-for-Network-Slicing/tests/framework/dashboard/metrics_aggregator.go:393.2,393.70 1 0
github.com/thc1006/O-RAN-Intent-MANO-for-Network-Slicing/tests/framework/dashboard/metrics_aggregator.go:393.70,394.39 1 0
github.com/thc1006/O-RAN-Intent-MANO-for-Network-Slicing/tests/framework/dashboard/metrics_aggregator.go:394.39,395.59 1 0
github.com/thc1006/O-RAN-Intent-MANO-for-Network-Slicing/tests/framework/dashboard/metrics_aggregator.go:395.59,404.5 2 0
github.com/thc1006/O-RAN-Intent-MANO-for-Network-Slicing/tests/framework/dashboard/metrics_aggregator.go:408.2,408.12 1 0
github.com/thc1006/O-RAN-Intent-MANO-for-Network-Slicing/tests/framework/dashboard/metrics_aggregator.go:412.100,414.16 2 0
github.com/thc1006/O-RAN-Intent-MANO-for-Network-Slicing/tests/framework/dashboard/metrics_aggregator.go:414.16,416.3 1 0
github.com/thc1006/O-RAN-Intent-MANO-for-Network-Slicing/tests/framework/dashboard/metrics_aggregator.go:418.2,419.60 2 0
github.com/thc1006/O-RAN-Intent-MANO-for-Network-Slicing/tests/framework/dashboard/metrics_aggregator.go:419.60,421.3 1 0
github.com/thc1006/O-RAN-Intent-MANO-for-Network-Slicing/tests/framework/dashboard/metrics_aggregator.go:423.2,423.36 1 0
github.com/thc1006/O-RAN-Intent-MANO-for-Network-Slicing/tests/framework/dashboard/metrics_aggregator.go:423.36,427.3 1 0
github.com/thc1006/O-RAN-Intent-MANO-for-Network-Slicing/tests/framework/dashboard/metrics_aggregator.go:430.2,430.79 1 0
github.com/thc1006/O-RAN-Intent-MANO-for-Network-Slicing/tests/framework/dashboard/metrics_aggregator.go:430.79,431.54 1 0
github.com/thc1006/O-RAN-Intent-MANO-for-Network-Slicing/tests/framework/dashboard/metrics_aggregator.go:431.54,433.4 1 0
github.com/thc1006/O-RAN-Intent-MANO-for-Network-Slicing/tests/framework/dashboard/metrics_aggregator.go:434.3,434.46 1 0
github.com/thc1006/O-RAN-Intent-MANO-for-Network-Slicing/tests/framework/dashboard/metrics_aggregator.go:434.46,436.4 1 0
github.com/thc1006/O-RAN-Intent-MANO-for-Network-Slicing/tests/framework/dashboard/metrics_aggregator.go:437.3,437.50 1 0
github.com/thc1006/O-RAN-Intent-MANO-for-Network-Slicing/tests/framework/dashboard/metrics_aggregator.go:437.50,439.4 1 0
github.com/thc1006/O-RAN-Intent-MANO-for-Network-Slicing/tests/framework/dashboard/metrics_aggregator.go:440.3,440.44 1 0
github.com/thc1006/O-RAN-Intent-MANO-for-Network-Slicing/tests/framework/dashboard/metrics_aggregator.go:440.44,442.4 1 0
github.com/thc1006/O-RAN-Intent-MANO-for-Network-Slicing/tests/framework/dashboard/metrics_aggregator.go:445.2,445.12 1 0
github.com/thc1006/O-RAN-Intent-MANO-for-Network-Slicing/tests/framework/dashboard/metrics_aggregator.go:449.74,453.36 2 0
github.com/thc1006/O-RAN-Intent-MANO-for-Network-Slicing/tests/framework/dashboard/metrics_aggregator.go:453.36,454.76 1 0
github.com/thc1006/O-RAN-Intent-MANO-for-Network-Slicing/tests/framework/dashboard/metrics_aggregator.go:454.76,455.59 1 0
github.com/thc1006/O-RAN-Intent-MANO-for-Network-Slicing/tests/framework/dashboard/metrics_aggregator.go:455.59,465.5 1 0
github.com/thc1006/O-RAN-Intent-MANO-for-Network-Slicing/tests/framework/dashboard/metrics_aggregator.go:470.2,470.39 1 0
github.com/thc1006/O-RAN-Intent-MANO-for-Network-Slicing/tests/framework/dashboard/metrics_aggregator.go:470.39,473.50 3 0
github.com/thc1006/O-RAN-Intent-MANO-for-Network-Slicing/tests/framework/dashboard/metrics_aggregator.go:473.50,476.4 2 0
github.com/thc1006/O-RAN-Intent-MANO-for-Network-Slicing/tests/framework/dashboard/metrics_aggregator.go:478.3,478.21 1 0
github.com/thc1006/O-RAN-Intent-MANO-for-Network-Slicing/tests/framework/dashboard/metrics_aggregator.go:478.21,480.78 2 0
github.com/thc1006/O-RAN-Intent-MANO-for-Network-Slicing/tests/framework/dashboard/metrics_aggregator.go:480.78,481.32 1 0
github.com/thc1006/O-RAN-Intent-MANO-for-Network-Slicing/tests/framework/dashboard/metrics_aggregator.go:481.32,491.6 1 0
github.com/thc1006/O-RAN-Intent-MANO-for-Network-Slicing/tests/framework/dashboard/metrics_aggregator.go:497.2,497.36 1 0
github.com/thc1006/O-RAN-Intent-MANO-for-Network-Slicing/tests/framework/dashboard/metrics_aggregator.go:497.36,498.83 1 0
github.com/thc1006/O-RAN-Intent-MANO-for-Network-Slicing/tests/framework/dashboard/metrics_aggregator.go:498.83,500.33 2 0
github.com/thc1006/O-RAN-Intent-MANO-for-Network-Slicing/tests/framework/dashboard/metrics_aggregator.go:500.33,510.5 1 0
github.com/thc1006/O-RAN-Intent-MANO-for-Network-Slicing/tests/framework/dashboard/metrics_aggregator.go:513.3,513.79 1 0
github.com/thc1006/O-RAN-Intent-MANO-for-Network-Slicing/tests/framework/dashboard/metrics_aggregator.go:513.79,515.29 2 0
github.com/thc1006/O-RAN-Intent-MANO-for-Network-Slicing/tests/framework/dashboard/metrics_aggregator.go:515.29,525.5 1 0
github.com/thc1006/O-RAN-Intent-MANO-for-Network-Slicing/tests/framework/dashboard/metrics_aggregator.go:530.2,530.94 1 0
github.com/thc1006/O-RAN-Intent-MANO-for-Network-Slicing/tests/framework/dashboard/metrics_aggregator.go:530.94,531.87 1 0
github.com/thc1006/O-RAN-Intent-MANO-for-Network-Slicing/tests/framework/dashboard/metrics_aggregator.go:531.87,533.34 2 0
github.com/thc1006/O-RAN-Intent-MANO-for-Network-Slicing/tests/framework/dashboard/metrics_aggregator.go:533.34,543.5 1 0
github.com/thc1006/O-RAN-Intent-MANO-for-Network-Slicing/tests/framework/dashboard/metrics_aggregator.go:548.2,553.30 4 0
github.com/thc1006/O-RAN-Intent-MANO-for-Network-Slicing/tests/framework/dashboard/metrics_aggregator.go:553.30,554.32 1 0
github.com/thc1006/O-RAN-Intent-MANO-for-Network-Slicing/tests/framework/dashboard/metrics_aggregator.go:554.32,562.4 1 0
github.com/thc1006/O-RAN-Intent-MANO-for-Network-Slicing/tests/framework/dashboard/metrics_aggregator.go:565.2,565.12 1 0
github.com/thc1006/O-RAN-Intent-MANO-for-Network-Slicing/tests/framework/dashboard/metrics_aggregator.go:569.65,573.48 2 0
github.com/thc1006/O-RAN-Intent-MANO-for-Network-Slicing/tests/framework/dashboard/metrics_aggregator.go:573.48,575.3 1 0
github.com/thc1006/O-RAN-Intent-MANO-for-Network-Slicing/tests/framework/dashboard/metrics_aggregator.go:579.80,583.16 3 0
github.com/thc1006/O-RAN-Intent-MANO-for-Network-Slicing/tests/framework/dashboard/metrics_aggregator.go:583.16,585.3 1 0
github.com/thc1006/O-RAN-Intent-MANO-for-Network-Slicing/tests/framework/dashboard/metrics_aggregator.go:586.2,586.86 1 0
github.com/thc1006/O-RAN-Intent-MANO-for-Network-Slicing/tests/framework/dashboard/metrics_aggregator.go:586.86,588.3 1 0
github.com/thc1006/O-RAN-Intent-MANO-for-Network-Slicing/tests/framework/dashboard/metrics_aggregator.go:591.2,593.93 2 0
github.com/thc1006/O-RAN-Intent-MANO-for-Network-Slicing/tests/framework/dashboard/metrics_aggregator.go:593.93,595.3 1 0
github.com/thc1006/O-RAN-Intent-MANO-for-Network-Slicing/tests/framework/dashboard/metrics_aggregator.go:598.2,600.96 3 0
github.com/thc1006/O-RAN-Intent-MANO-for-Network-Slicing/tests/framework/dashboard/metrics_aggregator.go:600.96,602.3 1 0
github.com/thc1006/O-RAN-Intent-MANO-for-Network-Slicing/tests/framework/dashboard/metrics_aggregator.go:604.2,604.12 1 0
github.com/thc1006/O-RAN-Intent-MANO-for-Network-Slicing/tests/framework/dashboard/metrics_aggregator.go:608.81,613.39 3 0
github.com/thc1006/O-RAN-Intent-MANO-for-Network-Slicing/tests/framework/dashboard/metrics_aggregator.go:613.39,617.53 4 0
github.com/thc1006/O-RAN-Intent-MANO-for-Network-Slicing/tests/framework/dashboard/metrics_aggregator.go:617.53,623.4 3 0
github.com/thc1006/O-RAN-Intent-MANO-for-Network-Slicing/tests/framework/dashboard/metrics_aggregator.go:624.3,625.74 1 0
github.com/thc1006/O-RAN-Intent-MANO-for-Network-Slicing/tests/framework/dashboard/metrics_aggregator.go:629.2,629.36 1 0
github.com/thc1006/O-RAN-Intent-MANO-for-Network-Slicing/tests/framework/dashboard/metrics_aggregator.go:629.36,634.3 4 0
github.com/thc1006/O-RAN-Intent-MANO-for-Network-Slicing/tests/framework/dashboard/metrics_aggregator.go:637.2,637.36 1 0
github.com/thc1006/O-RAN-Intent-MANO-for-Network-Slicing/tests/framework/dashboard/metrics_aggregator.go:637.36,643.3 5 0
github.com/thc1006/O-RAN-Intent-MANO-for-Network-Slicing/tests/framework/dashboard/metrics_aggregator.go:646.2,646.36 1 0
github.com/thc1006/O-RAN-Intent-MANO-for-Network-Slicing/tests/framework/dashboard/metrics_aggregator.go:646.36,648.61 2 0
github.com/thc1006/O-RAN-Intent-MANO-for-Network-Slicing/tests/framework/dashboard/metrics_aggregator.go:648.61,651.4 1 0
github.com/thc1006/O-RAN-Intent-MANO-for-Network-Slicing/tests/framework/dashboard/metrics_aggregator.go:652.3,652.68 1 0
github.com/thc1006/O-RAN-Intent-MANO-for-Network-Slicing/tests/framework/dashboard/metrics_aggregator.go:652.68,656.4 1 0
github.com/thc1006/O-RAN-Intent-MANO-for-Network-Slicing/tests/framework/dashboard/metrics_aggregator.go:657.3,657.18 1 0
github.com/thc1006/O-RAN-Intent-MANO-for-Network-Slicing/tests/framework/dashboard/metrics_aggregator.go:661.2,662.33 2 0
github.com/thc1006/O-RAN-Intent-MANO-for-Network-Slicing/tests/framework/dashboard/metrics_aggregator.go:662.33,664.44 2 0
github.com/thc1006/O-RAN-Intent-MANO-for-Network-Slicing/tests/framework/dashboard/metrics_aggregator.go:664.44,667.4 1 0
github.com/thc1006/O-RAN-Intent-MANO-for-Network-Slicing/tests/framework/dashboard/metrics_aggregator.go:668.8,670.3 1 0
github.com/thc1006/O-RAN-Intent-MANO-for-Network-Slicing/tests/framework/dashboard/metrics_aggregator.go:671.2,673.16 2 0
github.com/thc1006/O-RAN-Intent-MANO-for-Network-Slicing/tests/framework/dashboard/metrics_aggregator.go:677.69,678.6 1 0
github.com/thc1006/O-RAN-Intent-MANO-for-Network-Slicing/tests/framework/dashboard/metrics_aggregator.go:678.6,679.10 1 0
github.com/thc1006/O-RAN-Intent-MANO-for-Network-Slicing/tests/framework/dashboard/metrics_aggregator.go:680.21,681.10 1 0
github.com/thc1006/O-RAN-Intent-MANO-for-Network-Slicing/tests/framework/dashboard/metrics_aggregator.go:682.22,683.10 1 0
github.com/thc1006/O-RAN-Intent-MANO-for-Network-Slicing/tests/framework/dashboard/metrics_aggregator.go:684.34,685.30 1 0
github.com/thc1006/O-RAN-Intent-MANO-for-Network-Slicing/tests/framework/dashboard/metrics_aggregator.go:691.68,695.45 3 0
github.com/thc1006/O-RAN-Intent-MANO-for-Network-Slicing/tests/framework/dashboard/metrics_aggregator.go:695.45,696.54 1 0
github.com/thc1006/O-RAN-Intent-MANO-for-Network-Slicing/tests/framework/dashboard/metrics_aggregator.go:696.54,699.12 2 0
github.com/thc1006/O-RAN-Intent-MANO-for-Network-Slicing/tests/framework/dashboard/metrics_aggregator.go:703.3,703.52 1 0
github.com/thc1006/O-RAN-Intent-MANO-for-Network-Slicing/tests/framework/dashboard/metrics_aggregator.go:703.52,704.60 1 0
github.com/thc1006/O-RAN-Intent-MANO-for-Network-Slicing/tests/framework/dashboard/metrics_aggregator.go:704.60,707.5 2 0
github.com/thc1006/O-RAN-Intent-MANO-for-Network-Slicing/tests/framework/dashboard/metrics_aggregator.go:713.90,714.23 1 0
github.com/thc1006/O-RAN-Intent-MANO-for-Network-Slicing/tests/framework/dashboard/metrics_aggregator.go:714.23,716.3 1 0
github.com/thc1006/O-RAN-Intent-MANO-for-Network-Slicing/tests/framework/dashboard/metrics_aggregator.go:718.2,718.33 1 0
github.com/thc1006/O-RAN-Intent-MANO-for-Network-Slicing/tests/framework/dashboard/metrics_aggregator.go:718.33,719.84 1 0
github.com/thc1006/O-RAN-Intent-MANO-for-Network-Slicing/tests/framework/dashboard/metrics_aggregator.go:719.84,721.4 1 0
github.com/thc1006/O-RAN-Intent-MANO-for-Network-Slicing/tests/framework/dashboard/metrics_aggregator.go:724.2,724.14 1 0
github.com/thc1006/O-RAN-Intent-MANO-for-Network-Slicing/tests/framework/dashboard/metrics_aggregator.go:728.95,740.2 4 0
github.com/thc1006/O-RAN-Intent-MANO-for-Network-Slicing/tests/framework/dashboard/metrics_aggregator.go:743.58,747.54 3 0
github.com/thc1006/O-RAN-Intent-MANO-for-Network-Slicing/tests/framework/dashboard/metrics_aggregator.go:747.54,751.3 3 0
github.com/thc1006/O-RAN-Intent-MANO-for-Network-Slicing/tests/framework/dashboard/metrics_aggregator.go:755.63,759.2 3 0
github.com/thc1006/O-RAN-Intent-MANO-for-Network-Slicing/tests/framework/dashboard/metrics_aggregator.go:772.64,774.16 1 1
github.com/thc1006/O-RAN-Intent-MANO-for-Network-Slicing/tests/framework/dashboard/metrics_aggregator.go:774.16,775.46 1 1
github.com/thc1006/O-RAN-Intent-MANO-for-Network-Slicing/tests/framework/dashboard/metrics_aggregator.go:775.46,777.4 1 1
github.com/thc1006/O-RAN-Intent-MANO-for-Network-Slicing/tests/framework/dashboard/metrics_aggregator.go:778.3,778.29 1 1
github.com/thc1006/O-RAN-Intent-MANO-for-Network-Slicing/tests/framework/dashboard/metrics_aggregator.go:782.2,782.37 1 1
github.com/thc1006/O-RAN-Intent-MANO-for-Network-Slicing/tests/framework/dashboard/metrics_aggregator.go:782.37,786.3 2 1
github.com/thc1006/O-RAN-Intent-MANO-for-Network-Slicing/tests/framework/dashboard/metrics_aggregator.go:789.2,789.65 1 1
github.com/thc1006/O-RAN-Intent-MANO-for-Network-Slicing/tests/framework/dashboard/metrics_aggregator.go:789.65,793.3 2 1
github.com/thc1006/O-RAN-Intent-MANO-for-Network-Slicing/tests/framework/dashboard/metrics_aggregator.go:796.2,796.30 1 1
github.com/thc1006/O-RAN-Intent-MANO-for-Network-Slicing/tests/framework/dashboard/metrics_aggregator.go:796.30,798.3 1 1
github.com/thc1006/O-RAN-Intent-MANO-for-Network-Slicing/tests/framework/dashboard/metrics_aggregator.go:800.2,800.14 1 1
github.com/thc1006/O-RAN-Intent-MANO-for-Network-Slicing/tests/framework/dashboard/metrics_aggregator.go:804.74,814.44 5 1
github.com/thc1006/O-RAN-Intent-MANO-for-Network-Slicing/tests/framework/dashboard/metrics_aggregator.go:814.44,816.3 1 0
github.com/thc1006/O-RAN-Intent-MANO-for-Network-Slicing/tests/framework/dashboard/metrics_aggregator.go:819.2,823.30 3 1
github.com/thc1006/O-RAN-Intent-MANO-for-Network-Slicing/tests/framework/dashboard/metrics_aggregator.go:823.30,825.3 1 1
github.com/thc1006/O-RAN-Intent-MANO-for-Network-Slicing/tests/framework/dashboard/metrics_aggregator.go:827.2,828.20 2 1
github.com/thc1006/O-RAN-Intent-MANO-for-Network-Slicing/tests/framework/dashboard/metrics_aggregator.go:828.20,830.3 1 0
github.com/thc1006/O-RAN-Intent-MANO-for-Network-Slicing/tests/framework/dashboard/metrics_aggregator.go:833.2,833.35 1 1
github.com/thc1006/O-RAN-Intent-MANO-for-Network-Slicing/tests/framework/dashboard/metrics_aggregator.go:833.35,835.3 1 1
github.com/thc1006/O-RAN-Intent-MANO-for-Network-Slicing/tests/framework/dashboard/metrics_aggregator.go:838.2,841.42 2 1
github.com/thc1006/O-RAN-Intent-MANO-for-Network-Slicing/tests/framework/dashboard/metrics_aggregator.go:841.42,843.3 1 1
github.com/thc1006/O-RAN-Intent-MANO-for-Network-Slicing/tests/framework/dashboard/metrics_aggregator.go:845.2,845.16 1 1
github.com/thc1006/O-RAN-Intent-MANO-for-Network-Slicing/tests/framework/dashboard/metrics_aggregator.go:849.66,854.39 4 0
github.com/thc1006/O-RAN-Intent-MANO-for-Network-Slicing/tests/framework/dashboard/metrics_aggregator.go:854.39,856.3 1 0
github.com/thc1006/O-RAN-Intent-MANO-for-Network-Slicing/tests/framework/dashboard/metrics_aggregator.go:857.2,857.15 1 0
github.com/thc1006/O-RAN-Intent-MANO-for-Network-Slicing/tests/framework/dashboard/metrics_aggregator.go:861.63,862.9 1 0
github.com/thc1006/O-RAN-Intent-MANO-for-Network-Slicing/tests/framework/dashboard/metrics_aggregator.go:863.31,863.31 0 0
github.com/thc1006/O-RAN-Intent-MANO-for-Network-Slicing/tests/framework/dashboard/metrics_aggregator.go:865.10,866.54 1 0
