mode: set
github.com/thc1006/O-RAN-Intent-MANO-for-Network-Slicing/test.go:1.28,1.29 0 0
github.com/thc1006/O-RAN-Intent-MANO-for-Network-Slicing/architecture/deepcopy.go:9.69,15.2 5 0
github.com/thc1006/O-RAN-Intent-MANO-for-Network-Slicing/architecture/deepcopy.go:18.62,19.15 1 0
github.com/thc1006/O-RAN-Intent-MANO-for-Network-Slicing/architecture/deepcopy.go:19.15,21.3 1 0
github.com/thc1006/O-RAN-Intent-MANO-for-Network-Slicing/architecture/deepcopy.go:22.2,24.12 3 0
github.com/thc1006/O-RAN-Intent-MANO-for-Network-Slicing/architecture/deepcopy.go:28.63,30.2 1 0
github.com/thc1006/O-RAN-Intent-MANO-for-Network-Slicing/architecture/deepcopy.go:33.77,37.21 4 0
github.com/thc1006/O-RAN-Intent-MANO-for-Network-Slicing/architecture/deepcopy.go:37.21,40.22 3 0
github.com/thc1006/O-RAN-Intent-MANO-for-Network-Slicing/architecture/deepcopy.go:40.22,42.4 1 0
github.com/thc1006/O-RAN-Intent-MANO-for-Network-Slicing/architecture/deepcopy.go:47.70,48.15 1 0
github.com/thc1006/O-RAN-Intent-MANO-for-Network-Slicing/architecture/deepcopy.go:48.15,50.3 1 0
github.com/thc1006/O-RAN-Intent-MANO-for-Network-Slicing/architecture/deepcopy.go:51.2,53.12 3 0
github.com/thc1006/O-RAN-Intent-MANO-for-Network-Slicing/architecture/deepcopy.go:57.67,59.2 1 0
github.com/thc1006/O-RAN-Intent-MANO-for-Network-Slicing/architecture/deepcopy.go:62.77,65.32 3 0
github.com/thc1006/O-RAN-Intent-MANO-for-Network-Slicing/architecture/deepcopy.go:65.32,68.22 3 0
github.com/thc1006/O-RAN-Intent-MANO-for-Network-Slicing/architecture/deepcopy.go:68.22,70.4 1 0
github.com/thc1006/O-RAN-Intent-MANO-for-Network-Slicing/architecture/deepcopy.go:72.2,73.30 2 0
github.com/thc1006/O-RAN-Intent-MANO-for-Network-Slicing/architecture/deepcopy.go:73.30,77.3 3 0
github.com/thc1006/O-RAN-Intent-MANO-for-Network-Slicing/architecture/deepcopy.go:81.70,82.15 1 0
github.com/thc1006/O-RAN-Intent-MANO-for-Network-Slicing/architecture/deepcopy.go:82.15,84.3 1 0
github.com/thc1006/O-RAN-Intent-MANO-for-Network-Slicing/architecture/deepcopy.go:85.2,87.12 3 0
github.com/thc1006/O-RAN-Intent-MANO-for-Network-Slicing/architecture/deepcopy.go:91.81,93.26 2 0
github.com/thc1006/O-RAN-Intent-MANO-for-Network-Slicing/architecture/deepcopy.go:93.26,96.22 3 0
github.com/thc1006/O-RAN-Intent-MANO-for-Network-Slicing/architecture/deepcopy.go:96.22,98.4 1 0
github.com/thc1006/O-RAN-Intent-MANO-for-Network-Slicing/architecture/deepcopy.go:100.2,100.33 1 0
github.com/thc1006/O-RAN-Intent-MANO-for-Network-Slicing/architecture/deepcopy.go:100.33,104.3 3 0
github.com/thc1006/O-RAN-Intent-MANO-for-Network-Slicing/architecture/deepcopy.go:105.2,105.32 1 0
github.com/thc1006/O-RAN-Intent-MANO-for-Network-Slicing/architecture/deepcopy.go:105.32,109.3 3 0
github.com/thc1006/O-RAN-Intent-MANO-for-Network-Slicing/architecture/deepcopy.go:110.2,110.26 1 0
github.com/thc1006/O-RAN-Intent-MANO-for-Network-Slicing/architecture/deepcopy.go:114.74,115.15 1 0
github.com/thc1006/O-RAN-Intent-MANO-for-Network-Slicing/architecture/deepcopy.go:115.15,117.3 1 0
github.com/thc1006/O-RAN-Intent-MANO-for-Network-Slicing/architecture/deepcopy.go:118.2,120.12 3 0
github.com/thc1006/O-RAN-Intent-MANO-for-Network-Slicing/architecture/deepcopy.go:124.71,128.22 4 0
github.com/thc1006/O-RAN-Intent-MANO-for-Network-Slicing/architecture/deepcopy.go:128.22,131.29 3 0
github.com/thc1006/O-RAN-Intent-MANO-for-Network-Slicing/architecture/deepcopy.go:131.29,133.4 1 0
github.com/thc1006/O-RAN-Intent-MANO-for-Network-Slicing/architecture/deepcopy.go:138.64,139.15 1 0
github.com/thc1006/O-RAN-Intent-MANO-for-Network-Slicing/architecture/deepcopy.go:139.15,141.3 1 0
github.com/thc1006/O-RAN-Intent-MANO-for-Network-Slicing/architecture/deepcopy.go:142.2,144.12 3 0
github.com/thc1006/O-RAN-Intent-MANO-for-Network-Slicing/architecture/deepcopy.go:148.59,150.29 2 0
github.com/thc1006/O-RAN-Intent-MANO-for-Network-Slicing/architecture/deepcopy.go:150.29,154.3 3 0
github.com/thc1006/O-RAN-Intent-MANO-for-Network-Slicing/architecture/deepcopy.go:158.52,159.15 1 0
github.com/thc1006/O-RAN-Intent-MANO-for-Network-Slicing/architecture/deepcopy.go:159.15,161.3 1 0
github.com/thc1006/O-RAN-Intent-MANO-for-Network-Slicing/architecture/deepcopy.go:162.2,164.12 3 0
github.com/thc1006/O-RAN-Intent-MANO-for-Network-Slicing/architecture/deepcopy.go:168.65,171.28 3 0
github.com/thc1006/O-RAN-Intent-MANO-for-Network-Slicing/architecture/deepcopy.go:171.28,174.22 3 0
github.com/thc1006/O-RAN-Intent-MANO-for-Network-Slicing/architecture/deepcopy.go:174.22,176.4 1 0
github.com/thc1006/O-RAN-Intent-MANO-for-Network-Slicing/architecture/deepcopy.go:181.58,182.15 1 0
github.com/thc1006/O-RAN-Intent-MANO-for-Network-Slicing/architecture/deepcopy.go:182.15,184.3 1 0
github.com/thc1006/O-RAN-Intent-MANO-for-Network-Slicing/architecture/deepcopy.go:185.2,187.12 3 0
github.com/thc1006/O-RAN-Intent-MANO-for-Network-Slicing/architecture/deepcopy.go:191.55,193.23 2 0
github.com/thc1006/O-RAN-Intent-MANO-for-Network-Slicing/architecture/deepcopy.go:193.23,197.3 3 0
github.com/thc1006/O-RAN-Intent-MANO-for-Network-Slicing/architecture/deepcopy.go:198.2,198.23 1 0
github.com/thc1006/O-RAN-Intent-MANO-for-Network-Slicing/architecture/deepcopy.go:198.23,201.29 3 0
github.com/thc1006/O-RAN-Intent-MANO-for-Network-Slicing/architecture/deepcopy.go:201.29,203.4 1 0
github.com/thc1006/O-RAN-Intent-MANO-for-Network-Slicing/architecture/deepcopy.go:205.2,206.26 2 0
github.com/thc1006/O-RAN-Intent-MANO-for-Network-Slicing/architecture/deepcopy.go:210.48,211.15 1 0
github.com/thc1006/O-RAN-Intent-MANO-for-Network-Slicing/architecture/deepcopy.go:211.15,213.3 1 0
github.com/thc1006/O-RAN-Intent-MANO-for-Network-Slicing/architecture/deepcopy.go:214.2,216.12 3 0
github.com/thc1006/O-RAN-Intent-MANO-for-Network-Slicing/architecture/nephio-adapter-controller.go:221.99,229.63 5 0
github.com/thc1006/O-RAN-Intent-MANO-for-Network-Slicing/architecture/nephio-adapter-controller.go:229.63,230.29 1 0
github.com/thc1006/O-RAN-Intent-MANO-for-Network-Slicing/architecture/nephio-adapter-controller.go:230.29,232.4 1 0
github.com/thc1006/O-RAN-Intent-MANO-for-Network-Slicing/architecture/nephio-adapter-controller.go:233.3,233.28 1 0
github.com/thc1006/O-RAN-Intent-MANO-for-Network-Slicing/architecture/nephio-adapter-controller.go:237.2,237.39 1 0
github.com/thc1006/O-RAN-Intent-MANO-for-Network-Slicing/architecture/nephio-adapter-controller.go:237.39,238.89 1 0
github.com/thc1006/O-RAN-Intent-MANO-for-Network-Slicing/architecture/nephio-adapter-controller.go:238.89,241.4 2 0
github.com/thc1006/O-RAN-Intent-MANO-for-Network-Slicing/architecture/nephio-adapter-controller.go:242.8,245.3 1 0
github.com/thc1006/O-RAN-Intent-MANO-for-Network-Slicing/architecture/nephio-adapter-controller.go:248.2,248.31 1 0
github.com/thc1006/O-RAN-Intent-MANO-for-Network-Slicing/architecture/nephio-adapter-controller.go:248.31,252.3 3 0
github.com/thc1006/O-RAN-Intent-MANO-for-Network-Slicing/architecture/nephio-adapter-controller.go:254.2,254.29 1 0
github.com/thc1006/O-RAN-Intent-MANO-for-Network-Slicing/architecture/nephio-adapter-controller.go:255.17,256.54 1 0
github.com/thc1006/O-RAN-Intent-MANO-for-Network-Slicing/architecture/nephio-adapter-controller.go:257.18,258.55 1 0
github.com/thc1006/O-RAN-Intent-MANO-for-Network-Slicing/architecture/nephio-adapter-controller.go:259.19,260.56 1 0
github.com/thc1006/O-RAN-Intent-MANO-for-Network-Slicing/architecture/nephio-adapter-controller.go:261.19,262.56 1 0
github.com/thc1006/O-RAN-Intent-MANO-for-Network-Slicing/architecture/nephio-adapter-controller.go:263.19,264.41 1 0
github.com/thc1006/O-RAN-Intent-MANO-for-Network-Slicing/architecture/nephio-adapter-controller.go:265.20,266.42 1 0
github.com/thc1006/O-RAN-Intent-MANO-for-Network-Slicing/architecture/nephio-adapter-controller.go:269.2,269.27 1 0
github.com/thc1006/O-RAN-Intent-MANO-for-Network-Slicing/architecture/nephio-adapter-controller.go:273.139,277.74 2 0
github.com/thc1006/O-RAN-Intent-MANO-for-Network-Slicing/architecture/nephio-adapter-controller.go:277.74,281.3 3 0
github.com/thc1006/O-RAN-Intent-MANO-for-Network-Slicing/architecture/nephio-adapter-controller.go:284.2,284.81 1 0
github.com/thc1006/O-RAN-Intent-MANO-for-Network-Slicing/architecture/nephio-adapter-controller.go:284.81,288.3 3 0
github.com/thc1006/O-RAN-Intent-MANO-for-Network-Slicing/architecture/nephio-adapter-controller.go:291.2,295.56 4 0
github.com/thc1006/O-RAN-Intent-MANO-for-Network-Slicing/architecture/nephio-adapter-controller.go:299.132,305.16 4 0
github.com/thc1006/O-RAN-Intent-MANO-for-Network-Slicing/architecture/nephio-adapter-controller.go:305.16,309.3 3 0
github.com/thc1006/O-RAN-Intent-MANO-for-Network-Slicing/architecture/nephio-adapter-controller.go:312.2,313.33 2 0
github.com/thc1006/O-RAN-Intent-MANO-for-Network-Slicing/architecture/nephio-adapter-controller.go:313.33,319.3 1 0
github.com/thc1006/O-RAN-Intent-MANO-for-Network-Slicing/architecture/nephio-adapter-controller.go:322.2,323.46 2 0
github.com/thc1006/O-RAN-Intent-MANO-for-Network-Slicing/architecture/nephio-adapter-controller.go:323.46,327.17 4 0
github.com/thc1006/O-RAN-Intent-MANO-for-Network-Slicing/architecture/nephio-adapter-controller.go:327.17,331.4 3 0
github.com/thc1006/O-RAN-Intent-MANO-for-Network-Slicing/architecture/nephio-adapter-controller.go:332.3,332.44 1 0
github.com/thc1006/O-RAN-Intent-MANO-for-Network-Slicing/architecture/nephio-adapter-controller.go:336.2,346.56 6 0
github.com/thc1006/O-RAN-Intent-MANO-for-Network-Slicing/architecture/nephio-adapter-controller.go:350.133,356.16 4 0
github.com/thc1006/O-RAN-Intent-MANO-for-Network-Slicing/architecture/nephio-adapter-controller.go:356.16,360.3 3 0
github.com/thc1006/O-RAN-Intent-MANO-for-Network-Slicing/architecture/nephio-adapter-controller.go:363.2,364.31 2 0
github.com/thc1006/O-RAN-Intent-MANO-for-Network-Slicing/architecture/nephio-adapter-controller.go:364.31,366.17 2 0
github.com/thc1006/O-RAN-Intent-MANO-for-Network-Slicing/architecture/nephio-adapter-controller.go:366.17,370.4 3 0
github.com/thc1006/O-RAN-Intent-MANO-for-Network-Slicing/architecture/nephio-adapter-controller.go:372.3,381.82 2 0
github.com/thc1006/O-RAN-Intent-MANO-for-Network-Slicing/architecture/nephio-adapter-controller.go:381.82,383.4 1 0
github.com/thc1006/O-RAN-Intent-MANO-for-Network-Slicing/architecture/nephio-adapter-controller.go:387.2,395.56 6 0
github.com/thc1006/O-RAN-Intent-MANO-for-Network-Slicing/architecture/nephio-adapter-controller.go:399.141,405.16 4 0
github.com/thc1006/O-RAN-Intent-MANO-for-Network-Slicing/architecture/nephio-adapter-controller.go:405.16,408.3 2 0
github.com/thc1006/O-RAN-Intent-MANO-for-Network-Slicing/architecture/nephio-adapter-controller.go:411.2,413.42 3 0
github.com/thc1006/O-RAN-Intent-MANO-for-Network-Slicing/architecture/nephio-adapter-controller.go:413.42,425.35 2 0
github.com/thc1006/O-RAN-Intent-MANO-for-Network-Slicing/architecture/nephio-adapter-controller.go:425.35,427.4 1 0
github.com/thc1006/O-RAN-Intent-MANO-for-Network-Slicing/architecture/nephio-adapter-controller.go:430.2,432.14 2 0
github.com/thc1006/O-RAN-Intent-MANO-for-Network-Slicing/architecture/nephio-adapter-controller.go:432.14,447.3 7 0
github.com/thc1006/O-RAN-Intent-MANO-for-Network-Slicing/architecture/nephio-adapter-controller.go:450.2,451.57 2 0
github.com/thc1006/O-RAN-Intent-MANO-for-Network-Slicing/architecture/nephio-adapter-controller.go:455.109,462.2 1 0
github.com/thc1006/O-RAN-Intent-MANO-for-Network-Slicing/architecture/nephio-adapter-controller.go:465.110,471.2 1 0
github.com/thc1006/O-RAN-Intent-MANO-for-Network-Slicing/architecture/nephio-adapter-controller.go:474.114,478.70 2 0
github.com/thc1006/O-RAN-Intent-MANO-for-Network-Slicing/architecture/nephio-adapter-controller.go:478.70,481.3 2 0
github.com/thc1006/O-RAN-Intent-MANO-for-Network-Slicing/architecture/nephio-adapter-controller.go:484.2,484.58 1 0
github.com/thc1006/O-RAN-Intent-MANO-for-Network-Slicing/architecture/nephio-adapter-controller.go:484.58,485.81 1 0
github.com/thc1006/O-RAN-Intent-MANO-for-Network-Slicing/architecture/nephio-adapter-controller.go:485.81,487.4 1 0
github.com/thc1006/O-RAN-Intent-MANO-for-Network-Slicing/architecture/nephio-adapter-controller.go:491.2,492.45 2 0
github.com/thc1006/O-RAN-Intent-MANO-for-Network-Slicing/architecture/nephio-adapter-controller.go:497.75,499.46 1 0
github.com/thc1006/O-RAN-Intent-MANO-for-Network-Slicing/architecture/nephio-adapter-controller.go:499.46,501.3 1 0
github.com/thc1006/O-RAN-Intent-MANO-for-Network-Slicing/architecture/nephio-adapter-controller.go:502.2,502.12 1 0
github.com/thc1006/O-RAN-Intent-MANO-for-Network-Slicing/architecture/nephio-adapter-controller.go:505.87,507.19 1 0
github.com/thc1006/O-RAN-Intent-MANO-for-Network-Slicing/architecture/nephio-adapter-controller.go:507.19,509.3 1 0
github.com/thc1006/O-RAN-Intent-MANO-for-Network-Slicing/architecture/nephio-adapter-controller.go:510.2,510.12 1 0
github.com/thc1006/O-RAN-Intent-MANO-for-Network-Slicing/architecture/nephio-adapter-controller.go:513.124,529.2 1 0
github.com/thc1006/O-RAN-Intent-MANO-for-Network-Slicing/architecture/nephio-adapter-controller.go:531.116,533.39 1 0
github.com/thc1006/O-RAN-Intent-MANO-for-Network-Slicing/architecture/nephio-adapter-controller.go:533.39,534.44 1 0
github.com/thc1006/O-RAN-Intent-MANO-for-Network-Slicing/architecture/nephio-adapter-controller.go:534.44,536.4 1 0
github.com/thc1006/O-RAN-Intent-MANO-for-Network-Slicing/architecture/nephio-adapter-controller.go:540.83,542.27 2 0
github.com/thc1006/O-RAN-Intent-MANO-for-Network-Slicing/architecture/nephio-adapter-controller.go:542.27,543.41 1 0
github.com/thc1006/O-RAN-Intent-MANO-for-Network-Slicing/architecture/nephio-adapter-controller.go:543.41,545.4 1 0
github.com/thc1006/O-RAN-Intent-MANO-for-Network-Slicing/architecture/nephio-adapter-controller.go:547.2,547.14 1 0
github.com/thc1006/O-RAN-Intent-MANO-for-Network-Slicing/architecture/nephio-adapter-controller.go:550.107,552.55 2 0
github.com/thc1006/O-RAN-Intent-MANO-for-Network-Slicing/architecture/nephio-adapter-controller.go:552.55,554.3 1 0
github.com/thc1006/O-RAN-Intent-MANO-for-Network-Slicing/architecture/nephio-adapter-controller.go:558.70,562.2 1 0
github.com/thc1006/O-RAN-Intent-MANO-for-Network-Slicing/architecture/nephio-adapter-controller.go:586.50,593.2 3 0
github.com/thc1006/O-RAN-Intent-MANO-for-Network-Slicing/architecture/nephio-adapter-controller.go:595.14,597.2 0 0
github.com/thc1006/O-RAN-Intent-MANO-for-Network-Slicing/architecture/package-generator.go:183.121,187.46 2 0
github.com/thc1006/O-RAN-Intent-MANO-for-Network-Slicing/architecture/package-generator.go:187.46,190.17 3 0
github.com/thc1006/O-RAN-Intent-MANO-for-Network-Slicing/architecture/package-generator.go:190.17,192.4 1 0
github.com/thc1006/O-RAN-Intent-MANO-for-Network-Slicing/architecture/package-generator.go:193.3,193.35 1 0
github.com/thc1006/O-RAN-Intent-MANO-for-Network-Slicing/architecture/package-generator.go:197.2,201.57 3 0
github.com/thc1006/O-RAN-Intent-MANO-for-Network-Slicing/architecture/package-generator.go:201.57,204.3 2 0
github.com/thc1006/O-RAN-Intent-MANO-for-Network-Slicing/architecture/package-generator.go:206.2,206.22 1 0
github.com/thc1006/O-RAN-Intent-MANO-for-Network-Slicing/architecture/package-generator.go:210.148,213.16 2 0
github.com/thc1006/O-RAN-Intent-MANO-for-Network-Slicing/architecture/package-generator.go:213.16,215.3 1 0
github.com/thc1006/O-RAN-Intent-MANO-for-Network-Slicing/architecture/package-generator.go:218.2,252.89 2 0
github.com/thc1006/O-RAN-Intent-MANO-for-Network-Slicing/architecture/package-generator.go:252.89,254.3 1 0
github.com/thc1006/O-RAN-Intent-MANO-for-Network-Slicing/architecture/package-generator.go:257.2,258.16 2 0
github.com/thc1006/O-RAN-Intent-MANO-for-Network-Slicing/architecture/package-generator.go:258.16,260.3 1 0
github.com/thc1006/O-RAN-Intent-MANO-for-Network-Slicing/architecture/package-generator.go:263.2,294.77 2 0
github.com/thc1006/O-RAN-Intent-MANO-for-Network-Slicing/architecture/package-generator.go:294.77,296.3 1 0
github.com/thc1006/O-RAN-Intent-MANO-for-Network-Slicing/architecture/package-generator.go:298.2,298.17 1 0
github.com/thc1006/O-RAN-Intent-MANO-for-Network-Slicing/architecture/package-generator.go:302.125,356.2 6 0
github.com/thc1006/O-RAN-Intent-MANO-for-Network-Slicing/architecture/package-generator.go:359.137,434.2 5 0
github.com/thc1006/O-RAN-Intent-MANO-for-Network-Slicing/architecture/package-generator.go:438.103,459.17 2 0
github.com/thc1006/O-RAN-Intent-MANO-for-Network-Slicing/architecture/package-generator.go:460.13,464.4 1 0
github.com/thc1006/O-RAN-Intent-MANO-for-Network-Slicing/architecture/package-generator.go:465.13,469.4 1 0
github.com/thc1006/O-RAN-Intent-MANO-for-Network-Slicing/architecture/package-generator.go:470.13,475.4 1 0
github.com/thc1006/O-RAN-Intent-MANO-for-Network-Slicing/architecture/package-generator.go:478.2,478.15 1 0
github.com/thc1006/O-RAN-Intent-MANO-for-Network-Slicing/architecture/package-generator.go:481.100,497.2 1 0
github.com/thc1006/O-RAN-Intent-MANO-for-Network-Slicing/architecture/package-generator.go:499.120,524.2 1 0
github.com/thc1006/O-RAN-Intent-MANO-for-Network-Slicing/architecture/package-generator.go:526.117,571.2 1 0
github.com/thc1006/O-RAN-Intent-MANO-for-Network-Slicing/architecture/package-generator.go:573.126,592.2 1 0
github.com/thc1006/O-RAN-Intent-MANO-for-Network-Slicing/architecture/package-generator.go:594.85,596.28 1 0
github.com/thc1006/O-RAN-Intent-MANO-for-Network-Slicing/architecture/package-generator.go:596.28,598.3 1 0
github.com/thc1006/O-RAN-Intent-MANO-for-Network-Slicing/architecture/package-generator.go:599.2,599.55 1 0
github.com/thc1006/O-RAN-Intent-MANO-for-Network-Slicing/architecture/package-generator.go:602.79,604.2 1 0
github.com/thc1006/O-RAN-Intent-MANO-for-Network-Slicing/architecture/package-generator.go:606.82,608.43 1 0
github.com/thc1006/O-RAN-Intent-MANO-for-Network-Slicing/architecture/package-generator.go:608.43,610.3 1 0
github.com/thc1006/O-RAN-Intent-MANO-for-Network-Slicing/architecture/package-generator.go:611.2,611.47 1 0
github.com/thc1006/O-RAN-Intent-MANO-for-Network-Slicing/architecture/package-generator.go:611.47,613.3 1 0
github.com/thc1006/O-RAN-Intent-MANO-for-Network-Slicing/architecture/package-generator.go:614.2,614.18 1 0
github.com/thc1006/O-RAN-Intent-MANO-for-Network-Slicing/architecture/package-generator.go:617.72,618.19 1 0
github.com/thc1006/O-RAN-Intent-MANO-for-Network-Slicing/architecture/package-generator.go:619.15,620.11 1 0
github.com/thc1006/O-RAN-Intent-MANO-for-Network-Slicing/architecture/package-generator.go:621.14,622.11 1 0
github.com/thc1006/O-RAN-Intent-MANO-for-Network-Slicing/architecture/package-generator.go:623.14,624.11 1 0
github.com/thc1006/O-RAN-Intent-MANO-for-Network-Slicing/architecture/package-generator.go:625.10,626.11 1 0
github.com/thc1006/O-RAN-Intent-MANO-for-Network-Slicing/architecture/package-generator.go:630.37,638.2 3 0
github.com/thc1006/O-RAN-Intent-MANO-for-Network-Slicing/clusters/validation-framework/argocd_validator.go:283.86,285.28 1 0
github.com/thc1006/O-RAN-Intent-MANO-for-Network-Slicing/clusters/validation-framework/argocd_validator.go:285.28,287.3 1 0
github.com/thc1006/O-RAN-Intent-MANO-for-Network-Slicing/clusters/validation-framework/argocd_validator.go:288.2,288.29 1 0
github.com/thc1006/O-RAN-Intent-MANO-for-Network-Slicing/clusters/validation-framework/argocd_validator.go:288.29,290.3 1 0
github.com/thc1006/O-RAN-Intent-MANO-for-Network-Slicing/clusters/validation-framework/argocd_validator.go:291.2,291.36 1 0
github.com/thc1006/O-RAN-Intent-MANO-for-Network-Slicing/clusters/validation-framework/argocd_validator.go:291.36,293.3 1 0
github.com/thc1006/O-RAN-Intent-MANO-for-Network-Slicing/clusters/validation-framework/argocd_validator.go:294.2,294.29 1 0
github.com/thc1006/O-RAN-Intent-MANO-for-Network-Slicing/clusters/validation-framework/argocd_validator.go:294.29,296.3 1 0
github.com/thc1006/O-RAN-Intent-MANO-for-Network-Slicing/clusters/validation-framework/argocd_validator.go:297.2,297.36 1 0
github.com/thc1006/O-RAN-Intent-MANO-for-Network-Slicing/clusters/validation-framework/argocd_validator.go:297.36,299.3 1 0
github.com/thc1006/O-RAN-Intent-MANO-for-Network-Slicing/clusters/validation-framework/argocd_validator.go:301.2,304.3 1 0
github.com/thc1006/O-RAN-Intent-MANO-for-Network-Slicing/clusters/validation-framework/argocd_validator.go:308.88,319.57 2 0
github.com/thc1006/O-RAN-Intent-MANO-for-Network-Slicing/clusters/validation-framework/argocd_validator.go:319.57,323.3 3 0
github.com/thc1006/O-RAN-Intent-MANO-for-Network-Slicing/clusters/validation-framework/argocd_validator.go:326.2,327.16 2 0
github.com/thc1006/O-RAN-Intent-MANO-for-Network-Slicing/clusters/validation-framework/argocd_validator.go:327.16,330.3 2 0
github.com/thc1006/O-RAN-Intent-MANO-for-Network-Slicing/clusters/validation-framework/argocd_validator.go:331.2,340.16 6 0
github.com/thc1006/O-RAN-Intent-MANO-for-Network-Slicing/clusters/validation-framework/argocd_validator.go:340.16,342.3 1 0
github.com/thc1006/O-RAN-Intent-MANO-for-Network-Slicing/clusters/validation-framework/argocd_validator.go:342.8,344.3 1 0
github.com/thc1006/O-RAN-Intent-MANO-for-Network-Slicing/clusters/validation-framework/argocd_validator.go:347.2,348.16 2 0
github.com/thc1006/O-RAN-Intent-MANO-for-Network-Slicing/clusters/validation-framework/argocd_validator.go:348.16,350.3 1 0
github.com/thc1006/O-RAN-Intent-MANO-for-Network-Slicing/clusters/validation-framework/argocd_validator.go:350.8,352.3 1 0
github.com/thc1006/O-RAN-Intent-MANO-for-Network-Slicing/clusters/validation-framework/argocd_validator.go:355.2,356.16 2 0
github.com/thc1006/O-RAN-Intent-MANO-for-Network-Slicing/clusters/validation-framework/argocd_validator.go:356.16,358.3 1 0
github.com/thc1006/O-RAN-Intent-MANO-for-Network-Slicing/clusters/validation-framework/argocd_validator.go:358.8,360.3 1 0
github.com/thc1006/O-RAN-Intent-MANO-for-Network-Slicing/clusters/validation-framework/argocd_validator.go:362.2,362.20 1 0
github.com/thc1006/O-RAN-Intent-MANO-for-Network-Slicing/clusters/validation-framework/argocd_validator.go:366.80,369.16 2 0
github.com/thc1006/O-RAN-Intent-MANO-for-Network-Slicing/clusters/validation-framework/argocd_validator.go:369.16,370.29 1 0
github.com/thc1006/O-RAN-Intent-MANO-for-Network-Slicing/clusters/validation-framework/argocd_validator.go:370.29,372.4 1 0
github.com/thc1006/O-RAN-Intent-MANO-for-Network-Slicing/clusters/validation-framework/argocd_validator.go:373.3,373.63 1 0
github.com/thc1006/O-RAN-Intent-MANO-for-Network-Slicing/clusters/validation-framework/argocd_validator.go:377.2,378.16 2 0
github.com/thc1006/O-RAN-Intent-MANO-for-Network-Slicing/clusters/validation-framework/argocd_validator.go:378.16,380.3 1 0
github.com/thc1006/O-RAN-Intent-MANO-for-Network-Slicing/clusters/validation-framework/argocd_validator.go:382.2,385.47 3 0
github.com/thc1006/O-RAN-Intent-MANO-for-Network-Slicing/clusters/validation-framework/argocd_validator.go:385.47,386.48 1 0
github.com/thc1006/O-RAN-Intent-MANO-for-Network-Slicing/clusters/validation-framework/argocd_validator.go:386.48,387.51 1 0
github.com/thc1006/O-RAN-Intent-MANO-for-Network-Slicing/clusters/validation-framework/argocd_validator.go:387.51,390.45 2 0
github.com/thc1006/O-RAN-Intent-MANO-for-Network-Slicing/clusters/validation-framework/argocd_validator.go:390.45,392.6 1 0
github.com/thc1006/O-RAN-Intent-MANO-for-Network-Slicing/clusters/validation-framework/argocd_validator.go:397.2,397.47 1 0
github.com/thc1006/O-RAN-Intent-MANO-for-Network-Slicing/clusters/validation-framework/argocd_validator.go:397.47,398.34 1 0
github.com/thc1006/O-RAN-Intent-MANO-for-Network-Slicing/clusters/validation-framework/argocd_validator.go:398.34,400.4 1 0
github.com/thc1006/O-RAN-Intent-MANO-for-Network-Slicing/clusters/validation-framework/argocd_validator.go:403.2,403.12 1 0
github.com/thc1006/O-RAN-Intent-MANO-for-Network-Slicing/clusters/validation-framework/argocd_validator.go:407.87,410.16 2 0
github.com/thc1006/O-RAN-Intent-MANO-for-Network-Slicing/clusters/validation-framework/argocd_validator.go:410.16,412.3 1 0
github.com/thc1006/O-RAN-Intent-MANO-for-Network-Slicing/clusters/validation-framework/argocd_validator.go:414.2,414.42 1 0
github.com/thc1006/O-RAN-Intent-MANO-for-Network-Slicing/clusters/validation-framework/argocd_validator.go:414.42,416.3 1 0
github.com/thc1006/O-RAN-Intent-MANO-for-Network-Slicing/clusters/validation-framework/argocd_validator.go:418.2,418.65 1 0
github.com/thc1006/O-RAN-Intent-MANO-for-Network-Slicing/clusters/validation-framework/argocd_validator.go:418.65,420.3 1 0
github.com/thc1006/O-RAN-Intent-MANO-for-Network-Slicing/clusters/validation-framework/argocd_validator.go:422.2,422.25 1 0
github.com/thc1006/O-RAN-Intent-MANO-for-Network-Slicing/clusters/validation-framework/argocd_validator.go:427.91,441.40 5 0
github.com/thc1006/O-RAN-Intent-MANO-for-Network-Slicing/clusters/validation-framework/argocd_validator.go:441.40,443.17 2 0
github.com/thc1006/O-RAN-Intent-MANO-for-Network-Slicing/clusters/validation-framework/argocd_validator.go:443.17,444.12 1 0
github.com/thc1006/O-RAN-Intent-MANO-for-Network-Slicing/clusters/validation-framework/argocd_validator.go:447.3,447.38 1 0
github.com/thc1006/O-RAN-Intent-MANO-for-Network-Slicing/clusters/validation-framework/argocd_validator.go:447.38,449.18 2 0
github.com/thc1006/O-RAN-Intent-MANO-for-Network-Slicing/clusters/validation-framework/argocd_validator.go:449.18,450.13 1 0
github.com/thc1006/O-RAN-Intent-MANO-for-Network-Slicing/clusters/validation-framework/argocd_validator.go:452.4,452.45 1 0
github.com/thc1006/O-RAN-Intent-MANO-for-Network-Slicing/clusters/validation-framework/argocd_validator.go:456.2,456.21 1 0
github.com/thc1006/O-RAN-Intent-MANO-for-Network-Slicing/clusters/validation-framework/argocd_validator.go:461.112,469.82 2 0
github.com/thc1006/O-RAN-Intent-MANO-for-Network-Slicing/clusters/validation-framework/argocd_validator.go:469.82,471.3 1 0
github.com/thc1006/O-RAN-Intent-MANO-for-Network-Slicing/clusters/validation-framework/argocd_validator.go:474.2,475.25 2 0
github.com/thc1006/O-RAN-Intent-MANO-for-Network-Slicing/clusters/validation-framework/argocd_validator.go:475.25,477.77 1 0
github.com/thc1006/O-RAN-Intent-MANO-for-Network-Slicing/clusters/validation-framework/argocd_validator.go:477.77,479.4 1 0
github.com/thc1006/O-RAN-Intent-MANO-for-Network-Slicing/clusters/validation-framework/argocd_validator.go:482.3,482.75 1 0
github.com/thc1006/O-RAN-Intent-MANO-for-Network-Slicing/clusters/validation-framework/argocd_validator.go:482.75,484.4 1 0
github.com/thc1006/O-RAN-Intent-MANO-for-Network-Slicing/clusters/validation-framework/argocd_validator.go:487.3,487.78 1 0
github.com/thc1006/O-RAN-Intent-MANO-for-Network-Slicing/clusters/validation-framework/argocd_validator.go:487.78,489.4 1 0
github.com/thc1006/O-RAN-Intent-MANO-for-Network-Slicing/clusters/validation-framework/argocd_validator.go:493.2,494.25 2 0
github.com/thc1006/O-RAN-Intent-MANO-for-Network-Slicing/clusters/validation-framework/argocd_validator.go:494.25,496.76 1 0
github.com/thc1006/O-RAN-Intent-MANO-for-Network-Slicing/clusters/validation-framework/argocd_validator.go:496.76,498.4 1 0
github.com/thc1006/O-RAN-Intent-MANO-for-Network-Slicing/clusters/validation-framework/argocd_validator.go:501.3,501.80 1 0
github.com/thc1006/O-RAN-Intent-MANO-for-Network-Slicing/clusters/validation-framework/argocd_validator.go:501.80,503.4 1 0
github.com/thc1006/O-RAN-Intent-MANO-for-Network-Slicing/clusters/validation-framework/argocd_validator.go:506.3,506.90 1 0
github.com/thc1006/O-RAN-Intent-MANO-for-Network-Slicing/clusters/validation-framework/argocd_validator.go:506.90,508.4 1 0
github.com/thc1006/O-RAN-Intent-MANO-for-Network-Slicing/clusters/validation-framework/argocd_validator.go:511.3,511.89 1 0
github.com/thc1006/O-RAN-Intent-MANO-for-Network-Slicing/clusters/validation-framework/argocd_validator.go:511.89,514.4 2 0
github.com/thc1006/O-RAN-Intent-MANO-for-Network-Slicing/clusters/validation-framework/argocd_validator.go:517.3,517.88 1 0
github.com/thc1006/O-RAN-Intent-MANO-for-Network-Slicing/clusters/validation-framework/argocd_validator.go:517.88,519.4 1 0
github.com/thc1006/O-RAN-Intent-MANO-for-Network-Slicing/clusters/validation-framework/argocd_validator.go:522.2,522.20 1 0
github.com/thc1006/O-RAN-Intent-MANO-for-Network-Slicing/clusters/validation-framework/argocd_validator.go:526.104,529.81 2 0
github.com/thc1006/O-RAN-Intent-MANO-for-Network-Slicing/clusters/validation-framework/argocd_validator.go:529.81,531.3 1 0
github.com/thc1006/O-RAN-Intent-MANO-for-Network-Slicing/clusters/validation-framework/argocd_validator.go:532.2,532.75 1 0
github.com/thc1006/O-RAN-Intent-MANO-for-Network-Slicing/clusters/validation-framework/argocd_validator.go:532.75,534.3 1 0
github.com/thc1006/O-RAN-Intent-MANO-for-Network-Slicing/clusters/validation-framework/argocd_validator.go:535.2,535.95 1 0
github.com/thc1006/O-RAN-Intent-MANO-for-Network-Slicing/clusters/validation-framework/argocd_validator.go:535.95,537.3 1 0
github.com/thc1006/O-RAN-Intent-MANO-for-Network-Slicing/clusters/validation-framework/argocd_validator.go:539.2,539.15 1 0
github.com/thc1006/O-RAN-Intent-MANO-for-Network-Slicing/clusters/validation-framework/argocd_validator.go:543.112,546.77 2 0
github.com/thc1006/O-RAN-Intent-MANO-for-Network-Slicing/clusters/validation-framework/argocd_validator.go:546.77,548.3 1 0
github.com/thc1006/O-RAN-Intent-MANO-for-Network-Slicing/clusters/validation-framework/argocd_validator.go:549.2,549.83 1 0
github.com/thc1006/O-RAN-Intent-MANO-for-Network-Slicing/clusters/validation-framework/argocd_validator.go:549.83,551.3 1 0
github.com/thc1006/O-RAN-Intent-MANO-for-Network-Slicing/clusters/validation-framework/argocd_validator.go:552.2,552.73 1 0
github.com/thc1006/O-RAN-Intent-MANO-for-Network-Slicing/clusters/validation-framework/argocd_validator.go:552.73,554.3 1 0
github.com/thc1006/O-RAN-Intent-MANO-for-Network-Slicing/clusters/validation-framework/argocd_validator.go:556.2,556.13 1 0
github.com/thc1006/O-RAN-Intent-MANO-for-Network-Slicing/clusters/validation-framework/argocd_validator.go:560.92,563.77 2 0
github.com/thc1006/O-RAN-Intent-MANO-for-Network-Slicing/clusters/validation-framework/argocd_validator.go:563.77,565.3 1 0
github.com/thc1006/O-RAN-Intent-MANO-for-Network-Slicing/clusters/validation-framework/argocd_validator.go:566.2,566.81 1 0
github.com/thc1006/O-RAN-Intent-MANO-for-Network-Slicing/clusters/validation-framework/argocd_validator.go:566.81,568.3 1 0
github.com/thc1006/O-RAN-Intent-MANO-for-Network-Slicing/clusters/validation-framework/argocd_validator.go:570.2,570.19 1 0
github.com/thc1006/O-RAN-Intent-MANO-for-Network-Slicing/clusters/validation-framework/argocd_validator.go:574.98,577.79 2 0
github.com/thc1006/O-RAN-Intent-MANO-for-Network-Slicing/clusters/validation-framework/argocd_validator.go:577.79,579.3 1 0
github.com/thc1006/O-RAN-Intent-MANO-for-Network-Slicing/clusters/validation-framework/argocd_validator.go:580.2,580.81 1 0
github.com/thc1006/O-RAN-Intent-MANO-for-Network-Slicing/clusters/validation-framework/argocd_validator.go:580.81,582.3 1 0
github.com/thc1006/O-RAN-Intent-MANO-for-Network-Slicing/clusters/validation-framework/argocd_validator.go:584.2,584.21 1 0
github.com/thc1006/O-RAN-Intent-MANO-for-Network-Slicing/clusters/validation-framework/argocd_validator.go:588.108,591.40 2 0
github.com/thc1006/O-RAN-Intent-MANO-for-Network-Slicing/clusters/validation-framework/argocd_validator.go:591.40,592.58 1 0
github.com/thc1006/O-RAN-Intent-MANO-for-Network-Slicing/clusters/validation-framework/argocd_validator.go:592.58,595.79 2 0
github.com/thc1006/O-RAN-Intent-MANO-for-Network-Slicing/clusters/validation-framework/argocd_validator.go:595.79,597.5 1 0
github.com/thc1006/O-RAN-Intent-MANO-for-Network-Slicing/clusters/validation-framework/argocd_validator.go:598.4,598.81 1 0
github.com/thc1006/O-RAN-Intent-MANO-for-Network-Slicing/clusters/validation-framework/argocd_validator.go:598.81,600.5 1 0
github.com/thc1006/O-RAN-Intent-MANO-for-Network-Slicing/clusters/validation-framework/argocd_validator.go:602.4,602.46 1 0
github.com/thc1006/O-RAN-Intent-MANO-for-Network-Slicing/clusters/validation-framework/argocd_validator.go:606.2,606.19 1 0
github.com/thc1006/O-RAN-Intent-MANO-for-Network-Slicing/clusters/validation-framework/argocd_validator.go:610.99,613.78 2 0
github.com/thc1006/O-RAN-Intent-MANO-for-Network-Slicing/clusters/validation-framework/argocd_validator.go:613.78,615.3 1 0
github.com/thc1006/O-RAN-Intent-MANO-for-Network-Slicing/clusters/validation-framework/argocd_validator.go:616.2,616.82 1 0
github.com/thc1006/O-RAN-Intent-MANO-for-Network-Slicing/clusters/validation-framework/argocd_validator.go:616.82,618.3 1 0
github.com/thc1006/O-RAN-Intent-MANO-for-Network-Slicing/clusters/validation-framework/argocd_validator.go:620.2,620.16 1 0
github.com/thc1006/O-RAN-Intent-MANO-for-Network-Slicing/clusters/validation-framework/argocd_validator.go:624.96,627.38 2 0
github.com/thc1006/O-RAN-Intent-MANO-for-Network-Slicing/clusters/validation-framework/argocd_validator.go:627.38,628.56 1 0
github.com/thc1006/O-RAN-Intent-MANO-for-Network-Slicing/clusters/validation-framework/argocd_validator.go:628.56,631.76 2 0
github.com/thc1006/O-RAN-Intent-MANO-for-Network-Slicing/clusters/validation-framework/argocd_validator.go:631.76,633.5 1 0
github.com/thc1006/O-RAN-Intent-MANO-for-Network-Slicing/clusters/validation-framework/argocd_validator.go:634.4,634.80 1 0
github.com/thc1006/O-RAN-Intent-MANO-for-Network-Slicing/clusters/validation-framework/argocd_validator.go:634.80,636.5 1 0
github.com/thc1006/O-RAN-Intent-MANO-for-Network-Slicing/clusters/validation-framework/argocd_validator.go:637.4,637.74 1 0
github.com/thc1006/O-RAN-Intent-MANO-for-Network-Slicing/clusters/validation-framework/argocd_validator.go:637.74,639.5 1 0
github.com/thc1006/O-RAN-Intent-MANO-for-Network-Slicing/clusters/validation-framework/argocd_validator.go:640.4,640.84 1 0
github.com/thc1006/O-RAN-Intent-MANO-for-Network-Slicing/clusters/validation-framework/argocd_validator.go:640.84,642.5 1 0
github.com/thc1006/O-RAN-Intent-MANO-for-Network-Slicing/clusters/validation-framework/argocd_validator.go:643.4,643.74 1 0
github.com/thc1006/O-RAN-Intent-MANO-for-Network-Slicing/clusters/validation-framework/argocd_validator.go:643.74,645.5 1 0
github.com/thc1006/O-RAN-Intent-MANO-for-Network-Slicing/clusters/validation-framework/argocd_validator.go:646.4,646.78 1 0
github.com/thc1006/O-RAN-Intent-MANO-for-Network-Slicing/clusters/validation-framework/argocd_validator.go:646.78,648.5 1 0
github.com/thc1006/O-RAN-Intent-MANO-for-Network-Slicing/clusters/validation-framework/argocd_validator.go:650.4,650.43 1 0
github.com/thc1006/O-RAN-Intent-MANO-for-Network-Slicing/clusters/validation-framework/argocd_validator.go:654.2,654.18 1 0
github.com/thc1006/O-RAN-Intent-MANO-for-Network-Slicing/clusters/validation-framework/argocd_validator.go:658.92,667.16 3 0
github.com/thc1006/O-RAN-Intent-MANO-for-Network-Slicing/clusters/validation-framework/argocd_validator.go:667.16,669.3 1 0
github.com/thc1006/O-RAN-Intent-MANO-for-Network-Slicing/clusters/validation-framework/argocd_validator.go:671.2,672.41 2 0
github.com/thc1006/O-RAN-Intent-MANO-for-Network-Slicing/clusters/validation-framework/argocd_validator.go:672.41,679.75 2 0
github.com/thc1006/O-RAN-Intent-MANO-for-Network-Slicing/clusters/validation-framework/argocd_validator.go:679.75,680.86 1 0
github.com/thc1006/O-RAN-Intent-MANO-for-Network-Slicing/clusters/validation-framework/argocd_validator.go:680.86,682.5 1 0
github.com/thc1006/O-RAN-Intent-MANO-for-Network-Slicing/clusters/validation-framework/argocd_validator.go:685.3,685.39 1 0
github.com/thc1006/O-RAN-Intent-MANO-for-Network-Slicing/clusters/validation-framework/argocd_validator.go:688.2,688.22 1 0
github.com/thc1006/O-RAN-Intent-MANO-for-Network-Slicing/clusters/validation-framework/argocd_validator.go:692.99,701.16 3 0
github.com/thc1006/O-RAN-Intent-MANO-for-Network-Slicing/clusters/validation-framework/argocd_validator.go:701.16,703.3 1 0
github.com/thc1006/O-RAN-Intent-MANO-for-Network-Slicing/clusters/validation-framework/argocd_validator.go:705.2,706.38 2 0
github.com/thc1006/O-RAN-Intent-MANO-for-Network-Slicing/clusters/validation-framework/argocd_validator.go:706.38,712.75 2 0
github.com/thc1006/O-RAN-Intent-MANO-for-Network-Slicing/clusters/validation-framework/argocd_validator.go:712.75,713.75 1 0
github.com/thc1006/O-RAN-Intent-MANO-for-Network-Slicing/clusters/validation-framework/argocd_validator.go:713.75,715.5 1 0
github.com/thc1006/O-RAN-Intent-MANO-for-Network-Slicing/clusters/validation-framework/argocd_validator.go:716.4,716.76 1 0
github.com/thc1006/O-RAN-Intent-MANO-for-Network-Slicing/clusters/validation-framework/argocd_validator.go:716.76,718.5 1 0
github.com/thc1006/O-RAN-Intent-MANO-for-Network-Slicing/clusters/validation-framework/argocd_validator.go:721.3,721.44 1 0
github.com/thc1006/O-RAN-Intent-MANO-for-Network-Slicing/clusters/validation-framework/argocd_validator.go:724.2,724.26 1 0
github.com/thc1006/O-RAN-Intent-MANO-for-Network-Slicing/clusters/validation-framework/argocd_validator.go:728.92,737.16 3 0
github.com/thc1006/O-RAN-Intent-MANO-for-Network-Slicing/clusters/validation-framework/argocd_validator.go:737.16,739.3 1 0
github.com/thc1006/O-RAN-Intent-MANO-for-Network-Slicing/clusters/validation-framework/argocd_validator.go:741.2,742.41 2 0
github.com/thc1006/O-RAN-Intent-MANO-for-Network-Slicing/clusters/validation-framework/argocd_validator.go:742.41,748.75 2 0
github.com/thc1006/O-RAN-Intent-MANO-for-Network-Slicing/clusters/validation-framework/argocd_validator.go:748.75,749.76 1 0
github.com/thc1006/O-RAN-Intent-MANO-for-Network-Slicing/clusters/validation-framework/argocd_validator.go:749.76,751.5 1 0
github.com/thc1006/O-RAN-Intent-MANO-for-Network-Slicing/clusters/validation-framework/argocd_validator.go:754.3,754.39 1 0
github.com/thc1006/O-RAN-Intent-MANO-for-Network-Slicing/clusters/validation-framework/argocd_validator.go:757.2,757.22 1 0
github.com/thc1006/O-RAN-Intent-MANO-for-Network-Slicing/clusters/validation-framework/argocd_validator.go:761.77,762.42 1 0
github.com/thc1006/O-RAN-Intent-MANO-for-Network-Slicing/clusters/validation-framework/argocd_validator.go:762.42,763.32 1 0
github.com/thc1006/O-RAN-Intent-MANO-for-Network-Slicing/clusters/validation-framework/argocd_validator.go:764.17,765.31 1 0
github.com/thc1006/O-RAN-Intent-MANO-for-Network-Slicing/clusters/validation-framework/argocd_validator.go:766.20,767.34 1 0
github.com/thc1006/O-RAN-Intent-MANO-for-Network-Slicing/clusters/validation-framework/argocd_validator.go:768.11,769.85 1 0
github.com/thc1006/O-RAN-Intent-MANO-for-Network-Slicing/clusters/validation-framework/argocd_validator.go:769.85,771.5 1 0
github.com/thc1006/O-RAN-Intent-MANO-for-Network-Slicing/clusters/validation-framework/argocd_validator.go:777.106,788.6 5 0
github.com/thc1006/O-RAN-Intent-MANO-for-Network-Slicing/clusters/validation-framework/argocd_validator.go:788.6,789.10 1 0
github.com/thc1006/O-RAN-Intent-MANO-for-Network-Slicing/clusters/validation-framework/argocd_validator.go:790.21,791.76 1 0
github.com/thc1006/O-RAN-Intent-MANO-for-Network-Slicing/clusters/validation-framework/argocd_validator.go:792.11,794.18 2 0
github.com/thc1006/O-RAN-Intent-MANO-for-Network-Slicing/clusters/validation-framework/argocd_validator.go:794.18,796.5 1 0
github.com/thc1006/O-RAN-Intent-MANO-for-Network-Slicing/clusters/validation-framework/argocd_validator.go:798.4,798.104 1 0
github.com/thc1006/O-RAN-Intent-MANO-for-Network-Slicing/clusters/validation-framework/argocd_validator.go:798.104,799.31 1 0
github.com/thc1006/O-RAN-Intent-MANO-for-Network-Slicing/clusters/validation-framework/argocd_validator.go:799.31,801.6 1 0
github.com/thc1006/O-RAN-Intent-MANO-for-Network-Slicing/clusters/validation-framework/argocd_validator.go:804.4,804.32 1 0
github.com/thc1006/O-RAN-Intent-MANO-for-Network-Slicing/clusters/validation-framework/configsync_validator.go:165.98,167.28 1 0
github.com/thc1006/O-RAN-Intent-MANO-for-Network-Slicing/clusters/validation-framework/configsync_validator.go:167.28,169.3 1 0
github.com/thc1006/O-RAN-Intent-MANO-for-Network-Slicing/clusters/validation-framework/configsync_validator.go:170.2,170.31 1 0
github.com/thc1006/O-RAN-Intent-MANO-for-Network-Slicing/clusters/validation-framework/configsync_validator.go:170.31,172.3 1 0
github.com/thc1006/O-RAN-Intent-MANO-for-Network-Slicing/clusters/validation-framework/configsync_validator.go:173.2,173.33 1 0
github.com/thc1006/O-RAN-Intent-MANO-for-Network-Slicing/clusters/validation-framework/configsync_validator.go:173.33,175.3 1 0
github.com/thc1006/O-RAN-Intent-MANO-for-Network-Slicing/clusters/validation-framework/configsync_validator.go:176.2,176.35 1 0
github.com/thc1006/O-RAN-Intent-MANO-for-Network-Slicing/clusters/validation-framework/configsync_validator.go:176.35,178.3 1 0
github.com/thc1006/O-RAN-Intent-MANO-for-Network-Slicing/clusters/validation-framework/configsync_validator.go:179.2,179.37 1 0
github.com/thc1006/O-RAN-Intent-MANO-for-Network-Slicing/clusters/validation-framework/configsync_validator.go:179.37,181.3 1 0
github.com/thc1006/O-RAN-Intent-MANO-for-Network-Slicing/clusters/validation-framework/configsync_validator.go:183.2,186.3 1 0
github.com/thc1006/O-RAN-Intent-MANO-for-Network-Slicing/clusters/validation-framework/configsync_validator.go:190.100,199.61 2 0
github.com/thc1006/O-RAN-Intent-MANO-for-Network-Slicing/clusters/validation-framework/configsync_validator.go:199.61,203.3 3 0
github.com/thc1006/O-RAN-Intent-MANO-for-Network-Slicing/clusters/validation-framework/configsync_validator.go:206.2,207.16 2 0
github.com/thc1006/O-RAN-Intent-MANO-for-Network-Slicing/clusters/validation-framework/configsync_validator.go:207.16,210.3 2 0
github.com/thc1006/O-RAN-Intent-MANO-for-Network-Slicing/clusters/validation-framework/configsync_validator.go:210.8,212.53 2 0
github.com/thc1006/O-RAN-Intent-MANO-for-Network-Slicing/clusters/validation-framework/configsync_validator.go:212.53,214.4 1 0
github.com/thc1006/O-RAN-Intent-MANO-for-Network-Slicing/clusters/validation-framework/configsync_validator.go:218.2,219.16 2 0
github.com/thc1006/O-RAN-Intent-MANO-for-Network-Slicing/clusters/validation-framework/configsync_validator.go:219.16,221.3 1 0
github.com/thc1006/O-RAN-Intent-MANO-for-Network-Slicing/clusters/validation-framework/configsync_validator.go:221.8,223.32 2 0
github.com/thc1006/O-RAN-Intent-MANO-for-Network-Slicing/clusters/validation-framework/configsync_validator.go:223.32,224.42 1 0
github.com/thc1006/O-RAN-Intent-MANO-for-Network-Slicing/clusters/validation-framework/configsync_validator.go:224.42,226.5 1 0
github.com/thc1006/O-RAN-Intent-MANO-for-Network-Slicing/clusters/validation-framework/configsync_validator.go:231.2,231.65 1 0
github.com/thc1006/O-RAN-Intent-MANO-for-Network-Slicing/clusters/validation-framework/configsync_validator.go:231.65,233.3 1 0
github.com/thc1006/O-RAN-Intent-MANO-for-Network-Slicing/clusters/validation-framework/configsync_validator.go:236.2,238.20 2 0
github.com/thc1006/O-RAN-Intent-MANO-for-Network-Slicing/clusters/validation-framework/configsync_validator.go:242.88,245.16 2 0
github.com/thc1006/O-RAN-Intent-MANO-for-Network-Slicing/clusters/validation-framework/configsync_validator.go:245.16,246.29 1 0
github.com/thc1006/O-RAN-Intent-MANO-for-Network-Slicing/clusters/validation-framework/configsync_validator.go:246.29,248.4 1 0
github.com/thc1006/O-RAN-Intent-MANO-for-Network-Slicing/clusters/validation-framework/configsync_validator.go:249.3,249.68 1 0
github.com/thc1006/O-RAN-Intent-MANO-for-Network-Slicing/clusters/validation-framework/configsync_validator.go:253.2,254.16 2 0
github.com/thc1006/O-RAN-Intent-MANO-for-Network-Slicing/clusters/validation-framework/configsync_validator.go:254.16,256.3 1 0
github.com/thc1006/O-RAN-Intent-MANO-for-Network-Slicing/clusters/validation-framework/configsync_validator.go:258.2,261.47 3 0
github.com/thc1006/O-RAN-Intent-MANO-for-Network-Slicing/clusters/validation-framework/configsync_validator.go:261.47,262.48 1 0
github.com/thc1006/O-RAN-Intent-MANO-for-Network-Slicing/clusters/validation-framework/configsync_validator.go:262.48,263.35 1 0
github.com/thc1006/O-RAN-Intent-MANO-for-Network-Slicing/clusters/validation-framework/configsync_validator.go:263.35,266.45 2 0
github.com/thc1006/O-RAN-Intent-MANO-for-Network-Slicing/clusters/validation-framework/configsync_validator.go:266.45,268.6 1 0
github.com/thc1006/O-RAN-Intent-MANO-for-Network-Slicing/clusters/validation-framework/configsync_validator.go:273.2,273.47 1 0
github.com/thc1006/O-RAN-Intent-MANO-for-Network-Slicing/clusters/validation-framework/configsync_validator.go:273.47,274.34 1 0
github.com/thc1006/O-RAN-Intent-MANO-for-Network-Slicing/clusters/validation-framework/configsync_validator.go:274.34,276.4 1 0
github.com/thc1006/O-RAN-Intent-MANO-for-Network-Slicing/clusters/validation-framework/configsync_validator.go:279.2,279.12 1 0
github.com/thc1006/O-RAN-Intent-MANO-for-Network-Slicing/clusters/validation-framework/configsync_validator.go:283.96,295.16 3 0
github.com/thc1006/O-RAN-Intent-MANO-for-Network-Slicing/clusters/validation-framework/configsync_validator.go:295.16,297.3 1 0
github.com/thc1006/O-RAN-Intent-MANO-for-Network-Slicing/clusters/validation-framework/configsync_validator.go:299.2,299.42 1 0
github.com/thc1006/O-RAN-Intent-MANO-for-Network-Slicing/clusters/validation-framework/configsync_validator.go:303.115,311.26 3 0
github.com/thc1006/O-RAN-Intent-MANO-for-Network-Slicing/clusters/validation-framework/configsync_validator.go:311.26,313.3 1 0
github.com/thc1006/O-RAN-Intent-MANO-for-Network-Slicing/clusters/validation-framework/configsync_validator.go:316.2,316.90 1 0
github.com/thc1006/O-RAN-Intent-MANO-for-Network-Slicing/clusters/validation-framework/configsync_validator.go:316.90,318.3 1 0
github.com/thc1006/O-RAN-Intent-MANO-for-Network-Slicing/clusters/validation-framework/configsync_validator.go:321.2,321.79 1 0
github.com/thc1006/O-RAN-Intent-MANO-for-Network-Slicing/clusters/validation-framework/configsync_validator.go:321.79,323.3 1 0
github.com/thc1006/O-RAN-Intent-MANO-for-Network-Slicing/clusters/validation-framework/configsync_validator.go:326.2,326.75 1 0
github.com/thc1006/O-RAN-Intent-MANO-for-Network-Slicing/clusters/validation-framework/configsync_validator.go:326.75,328.3 1 0
github.com/thc1006/O-RAN-Intent-MANO-for-Network-Slicing/clusters/validation-framework/configsync_validator.go:331.2,331.82 1 0
github.com/thc1006/O-RAN-Intent-MANO-for-Network-Slicing/clusters/validation-framework/configsync_validator.go:331.82,333.3 1 0
github.com/thc1006/O-RAN-Intent-MANO-for-Network-Slicing/clusters/validation-framework/configsync_validator.go:336.2,336.89 1 0
github.com/thc1006/O-RAN-Intent-MANO-for-Network-Slicing/clusters/validation-framework/configsync_validator.go:336.89,338.3 1 0
github.com/thc1006/O-RAN-Intent-MANO-for-Network-Slicing/clusters/validation-framework/configsync_validator.go:340.2,340.20 1 0
github.com/thc1006/O-RAN-Intent-MANO-for-Network-Slicing/clusters/validation-framework/configsync_validator.go:344.98,355.16 3 0
github.com/thc1006/O-RAN-Intent-MANO-for-Network-Slicing/clusters/validation-framework/configsync_validator.go:355.16,357.3 1 0
github.com/thc1006/O-RAN-Intent-MANO-for-Network-Slicing/clusters/validation-framework/configsync_validator.go:359.2,360.42 2 0
github.com/thc1006/O-RAN-Intent-MANO-for-Network-Slicing/clusters/validation-framework/configsync_validator.go:360.42,362.17 2 0
github.com/thc1006/O-RAN-Intent-MANO-for-Network-Slicing/clusters/validation-framework/configsync_validator.go:362.17,363.12 1 0
github.com/thc1006/O-RAN-Intent-MANO-for-Network-Slicing/clusters/validation-framework/configsync_validator.go:365.3,365.43 1 0
github.com/thc1006/O-RAN-Intent-MANO-for-Network-Slicing/clusters/validation-framework/configsync_validator.go:368.2,368.23 1 0
github.com/thc1006/O-RAN-Intent-MANO-for-Network-Slicing/clusters/validation-framework/configsync_validator.go:372.115,380.26 3 0
github.com/thc1006/O-RAN-Intent-MANO-for-Network-Slicing/clusters/validation-framework/configsync_validator.go:380.26,382.3 1 0
github.com/thc1006/O-RAN-Intent-MANO-for-Network-Slicing/clusters/validation-framework/configsync_validator.go:385.2,385.90 1 0
github.com/thc1006/O-RAN-Intent-MANO-for-Network-Slicing/clusters/validation-framework/configsync_validator.go:385.90,387.3 1 0
github.com/thc1006/O-RAN-Intent-MANO-for-Network-Slicing/clusters/validation-framework/configsync_validator.go:390.2,390.79 1 0
github.com/thc1006/O-RAN-Intent-MANO-for-Network-Slicing/clusters/validation-framework/configsync_validator.go:390.79,392.3 1 0
github.com/thc1006/O-RAN-Intent-MANO-for-Network-Slicing/clusters/validation-framework/configsync_validator.go:394.2,394.75 1 0
github.com/thc1006/O-RAN-Intent-MANO-for-Network-Slicing/clusters/validation-framework/configsync_validator.go:394.75,396.3 1 0
github.com/thc1006/O-RAN-Intent-MANO-for-Network-Slicing/clusters/validation-framework/configsync_validator.go:398.2,398.82 1 0
github.com/thc1006/O-RAN-Intent-MANO-for-Network-Slicing/clusters/validation-framework/configsync_validator.go:398.82,400.3 1 0
github.com/thc1006/O-RAN-Intent-MANO-for-Network-Slicing/clusters/validation-framework/configsync_validator.go:402.2,402.89 1 0
github.com/thc1006/O-RAN-Intent-MANO-for-Network-Slicing/clusters/validation-framework/configsync_validator.go:402.89,404.3 1 0
github.com/thc1006/O-RAN-Intent-MANO-for-Network-Slicing/clusters/validation-framework/configsync_validator.go:406.2,406.20 1 0
github.com/thc1006/O-RAN-Intent-MANO-for-Network-Slicing/clusters/validation-framework/configsync_validator.go:410.98,416.73 2 0
github.com/thc1006/O-RAN-Intent-MANO-for-Network-Slicing/clusters/validation-framework/configsync_validator.go:416.73,418.73 2 0
github.com/thc1006/O-RAN-Intent-MANO-for-Network-Slicing/clusters/validation-framework/configsync_validator.go:418.73,420.4 1 0
github.com/thc1006/O-RAN-Intent-MANO-for-Network-Slicing/clusters/validation-framework/configsync_validator.go:421.3,421.81 1 0
github.com/thc1006/O-RAN-Intent-MANO-for-Network-Slicing/clusters/validation-framework/configsync_validator.go:421.81,423.4 1 0
github.com/thc1006/O-RAN-Intent-MANO-for-Network-Slicing/clusters/validation-framework/configsync_validator.go:424.3,424.77 1 0
github.com/thc1006/O-RAN-Intent-MANO-for-Network-Slicing/clusters/validation-framework/configsync_validator.go:424.77,426.4 1 0
github.com/thc1006/O-RAN-Intent-MANO-for-Network-Slicing/clusters/validation-framework/configsync_validator.go:427.3,427.71 1 0
github.com/thc1006/O-RAN-Intent-MANO-for-Network-Slicing/clusters/validation-framework/configsync_validator.go:427.71,429.4 1 0
github.com/thc1006/O-RAN-Intent-MANO-for-Network-Slicing/clusters/validation-framework/configsync_validator.go:430.3,430.77 1 0
github.com/thc1006/O-RAN-Intent-MANO-for-Network-Slicing/clusters/validation-framework/configsync_validator.go:430.77,432.4 1 0
github.com/thc1006/O-RAN-Intent-MANO-for-Network-Slicing/clusters/validation-framework/configsync_validator.go:436.2,436.81 1 0
github.com/thc1006/O-RAN-Intent-MANO-for-Network-Slicing/clusters/validation-framework/configsync_validator.go:436.81,438.3 1 0
github.com/thc1006/O-RAN-Intent-MANO-for-Network-Slicing/clusters/validation-framework/configsync_validator.go:440.2,440.15 1 0
github.com/thc1006/O-RAN-Intent-MANO-for-Network-Slicing/clusters/validation-framework/configsync_validator.go:444.92,449.81 2 0
github.com/thc1006/O-RAN-Intent-MANO-for-Network-Slicing/clusters/validation-framework/configsync_validator.go:449.81,451.3 1 0
github.com/thc1006/O-RAN-Intent-MANO-for-Network-Slicing/clusters/validation-framework/configsync_validator.go:453.2,453.83 1 0
github.com/thc1006/O-RAN-Intent-MANO-for-Network-Slicing/clusters/validation-framework/configsync_validator.go:453.83,455.3 1 0
github.com/thc1006/O-RAN-Intent-MANO-for-Network-Slicing/clusters/validation-framework/configsync_validator.go:457.2,457.76 1 0
github.com/thc1006/O-RAN-Intent-MANO-for-Network-Slicing/clusters/validation-framework/configsync_validator.go:457.76,459.3 1 0
github.com/thc1006/O-RAN-Intent-MANO-for-Network-Slicing/clusters/validation-framework/configsync_validator.go:462.2,462.79 1 0
github.com/thc1006/O-RAN-Intent-MANO-for-Network-Slicing/clusters/validation-framework/configsync_validator.go:462.79,464.3 1 0
github.com/thc1006/O-RAN-Intent-MANO-for-Network-Slicing/clusters/validation-framework/configsync_validator.go:466.2,466.15 1 0
github.com/thc1006/O-RAN-Intent-MANO-for-Network-Slicing/clusters/validation-framework/configsync_validator.go:470.104,475.85 2 0
github.com/thc1006/O-RAN-Intent-MANO-for-Network-Slicing/clusters/validation-framework/configsync_validator.go:475.85,477.3 1 0
github.com/thc1006/O-RAN-Intent-MANO-for-Network-Slicing/clusters/validation-framework/configsync_validator.go:479.2,479.81 1 0
github.com/thc1006/O-RAN-Intent-MANO-for-Network-Slicing/clusters/validation-framework/configsync_validator.go:479.81,481.3 1 0
github.com/thc1006/O-RAN-Intent-MANO-for-Network-Slicing/clusters/validation-framework/configsync_validator.go:484.2,484.81 1 0
github.com/thc1006/O-RAN-Intent-MANO-for-Network-Slicing/clusters/validation-framework/configsync_validator.go:484.81,486.3 1 0
github.com/thc1006/O-RAN-Intent-MANO-for-Network-Slicing/clusters/validation-framework/configsync_validator.go:488.2,488.15 1 0
github.com/thc1006/O-RAN-Intent-MANO-for-Network-Slicing/clusters/validation-framework/configsync_validator.go:492.96,495.40 2 0
github.com/thc1006/O-RAN-Intent-MANO-for-Network-Slicing/clusters/validation-framework/configsync_validator.go:495.40,496.58 1 0
github.com/thc1006/O-RAN-Intent-MANO-for-Network-Slicing/clusters/validation-framework/configsync_validator.go:496.58,499.79 2 0
github.com/thc1006/O-RAN-Intent-MANO-for-Network-Slicing/clusters/validation-framework/configsync_validator.go:499.79,501.5 1 0
github.com/thc1006/O-RAN-Intent-MANO-for-Network-Slicing/clusters/validation-framework/configsync_validator.go:502.4,502.79 1 0
github.com/thc1006/O-RAN-Intent-MANO-for-Network-Slicing/clusters/validation-framework/configsync_validator.go:502.79,504.5 1 0
github.com/thc1006/O-RAN-Intent-MANO-for-Network-Slicing/clusters/validation-framework/configsync_validator.go:505.4,505.79 1 0
github.com/thc1006/O-RAN-Intent-MANO-for-Network-Slicing/clusters/validation-framework/configsync_validator.go:505.79,507.5 1 0
github.com/thc1006/O-RAN-Intent-MANO-for-Network-Slicing/clusters/validation-framework/configsync_validator.go:508.4,508.81 1 0
github.com/thc1006/O-RAN-Intent-MANO-for-Network-Slicing/clusters/validation-framework/configsync_validator.go:508.81,510.5 1 0
github.com/thc1006/O-RAN-Intent-MANO-for-Network-Slicing/clusters/validation-framework/configsync_validator.go:512.4,512.46 1 0
github.com/thc1006/O-RAN-Intent-MANO-for-Network-Slicing/clusters/validation-framework/configsync_validator.go:516.2,516.19 1 0
github.com/thc1006/O-RAN-Intent-MANO-for-Network-Slicing/clusters/validation-framework/configsync_validator.go:520.91,523.35 2 0
github.com/thc1006/O-RAN-Intent-MANO-for-Network-Slicing/clusters/validation-framework/configsync_validator.go:523.35,524.56 1 0
github.com/thc1006/O-RAN-Intent-MANO-for-Network-Slicing/clusters/validation-framework/configsync_validator.go:524.56,529.74 2 0
github.com/thc1006/O-RAN-Intent-MANO-for-Network-Slicing/clusters/validation-framework/configsync_validator.go:529.74,531.5 1 0
github.com/thc1006/O-RAN-Intent-MANO-for-Network-Slicing/clusters/validation-framework/configsync_validator.go:532.4,532.81 1 0
github.com/thc1006/O-RAN-Intent-MANO-for-Network-Slicing/clusters/validation-framework/configsync_validator.go:532.81,534.5 1 0
github.com/thc1006/O-RAN-Intent-MANO-for-Network-Slicing/clusters/validation-framework/configsync_validator.go:536.4,536.40 1 0
github.com/thc1006/O-RAN-Intent-MANO-for-Network-Slicing/clusters/validation-framework/configsync_validator.go:540.2,540.15 1 0
github.com/thc1006/O-RAN-Intent-MANO-for-Network-Slicing/clusters/validation-framework/configsync_validator.go:544.110,548.68 3 0
github.com/thc1006/O-RAN-Intent-MANO-for-Network-Slicing/clusters/validation-framework/configsync_validator.go:548.68,551.21 2 0
github.com/thc1006/O-RAN-Intent-MANO-for-Network-Slicing/clusters/validation-framework/configsync_validator.go:551.21,552.12 1 0
github.com/thc1006/O-RAN-Intent-MANO-for-Network-Slicing/clusters/validation-framework/configsync_validator.go:555.3,560.22 5 0
github.com/thc1006/O-RAN-Intent-MANO-for-Network-Slicing/clusters/validation-framework/configsync_validator.go:560.22,561.23 1 0
github.com/thc1006/O-RAN-Intent-MANO-for-Network-Slicing/clusters/validation-framework/configsync_validator.go:561.23,563.5 1 0
github.com/thc1006/O-RAN-Intent-MANO-for-Network-Slicing/clusters/validation-framework/configsync_validator.go:563.10,566.5 2 0
github.com/thc1006/O-RAN-Intent-MANO-for-Network-Slicing/clusters/validation-framework/configsync_validator.go:570.3,571.17 2 0
github.com/thc1006/O-RAN-Intent-MANO-for-Network-Slicing/clusters/validation-framework/configsync_validator.go:571.17,581.4 2 0
github.com/thc1006/O-RAN-Intent-MANO-for-Network-Slicing/clusters/validation-framework/configsync_validator.go:581.9,581.20 1 0
github.com/thc1006/O-RAN-Intent-MANO-for-Network-Slicing/clusters/validation-framework/configsync_validator.go:581.20,583.4 1 0
github.com/thc1006/O-RAN-Intent-MANO-for-Network-Slicing/clusters/validation-framework/configsync_validator.go:586.2,589.12 3 0
github.com/thc1006/O-RAN-Intent-MANO-for-Network-Slicing/clusters/validation-framework/configsync_validator.go:593.130,598.21 3 0
github.com/thc1006/O-RAN-Intent-MANO-for-Network-Slicing/clusters/validation-framework/configsync_validator.go:598.21,600.3 1 0
github.com/thc1006/O-RAN-Intent-MANO-for-Network-Slicing/clusters/validation-framework/configsync_validator.go:600.8,602.3 1 0
github.com/thc1006/O-RAN-Intent-MANO-for-Network-Slicing/clusters/validation-framework/configsync_validator.go:604.2,604.16 1 0
github.com/thc1006/O-RAN-Intent-MANO-for-Network-Slicing/clusters/validation-framework/configsync_validator.go:604.16,605.29 1 0
github.com/thc1006/O-RAN-Intent-MANO-for-Network-Slicing/clusters/validation-framework/configsync_validator.go:605.29,607.4 1 0
github.com/thc1006/O-RAN-Intent-MANO-for-Network-Slicing/clusters/validation-framework/configsync_validator.go:608.3,608.20 1 0
github.com/thc1006/O-RAN-Intent-MANO-for-Network-Slicing/clusters/validation-framework/configsync_validator.go:611.2,611.18 1 0
github.com/thc1006/O-RAN-Intent-MANO-for-Network-Slicing/clusters/validation-framework/configsync_validator.go:615.106,619.21 3 0
github.com/thc1006/O-RAN-Intent-MANO-for-Network-Slicing/clusters/validation-framework/configsync_validator.go:619.21,622.3 2 0
github.com/thc1006/O-RAN-Intent-MANO-for-Network-Slicing/clusters/validation-framework/configsync_validator.go:622.8,625.3 2 0
github.com/thc1006/O-RAN-Intent-MANO-for-Network-Slicing/clusters/validation-framework/configsync_validator.go:628.2,629.39 2 0
github.com/thc1006/O-RAN-Intent-MANO-for-Network-Slicing/clusters/validation-framework/configsync_validator.go:629.39,631.3 1 0
github.com/thc1006/O-RAN-Intent-MANO-for-Network-Slicing/clusters/validation-framework/configsync_validator.go:633.2,637.3 1 0
github.com/thc1006/O-RAN-Intent-MANO-for-Network-Slicing/clusters/validation-framework/configsync_validator.go:641.93,642.21 1 0
github.com/thc1006/O-RAN-Intent-MANO-for-Network-Slicing/clusters/validation-framework/configsync_validator.go:642.21,644.3 1 0
github.com/thc1006/O-RAN-Intent-MANO-for-Network-Slicing/clusters/validation-framework/configsync_validator.go:646.2,646.79 1 0
github.com/thc1006/O-RAN-Intent-MANO-for-Network-Slicing/clusters/validation-framework/configsync_validator.go:646.79,648.39 2 0
github.com/thc1006/O-RAN-Intent-MANO-for-Network-Slicing/clusters/validation-framework/configsync_validator.go:648.39,649.42 1 0
github.com/thc1006/O-RAN-Intent-MANO-for-Network-Slicing/clusters/validation-framework/configsync_validator.go:649.42,651.10 2 0
github.com/thc1006/O-RAN-Intent-MANO-for-Network-Slicing/clusters/validation-framework/configsync_validator.go:654.3,654.25 1 0
github.com/thc1006/O-RAN-Intent-MANO-for-Network-Slicing/clusters/validation-framework/configsync_validator.go:654.25,656.4 1 0
github.com/thc1006/O-RAN-Intent-MANO-for-Network-Slicing/clusters/validation-framework/configsync_validator.go:659.2,659.18 1 0
github.com/thc1006/O-RAN-Intent-MANO-for-Network-Slicing/clusters/validation-framework/drift_detector.go:110.131,122.2 2 0
github.com/thc1006/O-RAN-Intent-MANO-for-Network-Slicing/clusters/validation-framework/drift_detector.go:125.86,126.24 1 0
github.com/thc1006/O-RAN-Intent-MANO-for-Network-Slicing/clusters/validation-framework/drift_detector.go:126.24,128.3 1 0
github.com/thc1006/O-RAN-Intent-MANO-for-Network-Slicing/clusters/validation-framework/drift_detector.go:130.2,148.16 6 0
github.com/thc1006/O-RAN-Intent-MANO-for-Network-Slicing/clusters/validation-framework/drift_detector.go:148.16,150.3 1 0
github.com/thc1006/O-RAN-Intent-MANO-for-Network-Slicing/clusters/validation-framework/drift_detector.go:153.2,154.16 2 0
github.com/thc1006/O-RAN-Intent-MANO-for-Network-Slicing/clusters/validation-framework/drift_detector.go:154.16,156.3 1 0
github.com/thc1006/O-RAN-Intent-MANO-for-Network-Slicing/clusters/validation-framework/drift_detector.go:159.2,164.37 4 0
github.com/thc1006/O-RAN-Intent-MANO-for-Network-Slicing/clusters/validation-framework/drift_detector.go:164.37,168.21 3 0
github.com/thc1006/O-RAN-Intent-MANO-for-Network-Slicing/clusters/validation-framework/drift_detector.go:168.21,173.4 4 0
github.com/thc1006/O-RAN-Intent-MANO-for-Network-Slicing/clusters/validation-framework/drift_detector.go:175.2,183.69 5 0
github.com/thc1006/O-RAN-Intent-MANO-for-Network-Slicing/clusters/validation-framework/drift_detector.go:183.69,184.62 1 0
github.com/thc1006/O-RAN-Intent-MANO-for-Network-Slicing/clusters/validation-framework/drift_detector.go:184.62,186.4 1 0
github.com/thc1006/O-RAN-Intent-MANO-for-Network-Slicing/clusters/validation-framework/drift_detector.go:189.2,189.20 1 0
github.com/thc1006/O-RAN-Intent-MANO-for-Network-Slicing/clusters/validation-framework/drift_detector.go:193.108,197.89 2 0
github.com/thc1006/O-RAN-Intent-MANO-for-Network-Slicing/clusters/validation-framework/drift_detector.go:197.89,198.17 1 0
github.com/thc1006/O-RAN-Intent-MANO-for-Network-Slicing/clusters/validation-framework/drift_detector.go:198.17,200.4 1 0
github.com/thc1006/O-RAN-Intent-MANO-for-Network-Slicing/clusters/validation-framework/drift_detector.go:202.3,202.40 1 0
github.com/thc1006/O-RAN-Intent-MANO-for-Network-Slicing/clusters/validation-framework/drift_detector.go:202.40,204.18 2 0
github.com/thc1006/O-RAN-Intent-MANO-for-Network-Slicing/clusters/validation-framework/drift_detector.go:204.18,207.5 2 0
github.com/thc1006/O-RAN-Intent-MANO-for-Network-Slicing/clusters/validation-framework/drift_detector.go:209.4,209.39 1 0
github.com/thc1006/O-RAN-Intent-MANO-for-Network-Slicing/clusters/validation-framework/drift_detector.go:209.39,217.5 4 0
github.com/thc1006/O-RAN-Intent-MANO-for-Network-Slicing/clusters/validation-framework/drift_detector.go:220.3,220.13 1 0
github.com/thc1006/O-RAN-Intent-MANO-for-Network-Slicing/clusters/validation-framework/drift_detector.go:223.2,223.30 1 0
github.com/thc1006/O-RAN-Intent-MANO-for-Network-Slicing/clusters/validation-framework/drift_detector.go:227.109,232.16 3 0
github.com/thc1006/O-RAN-Intent-MANO-for-Network-Slicing/clusters/validation-framework/drift_detector.go:232.16,234.3 1 0
github.com/thc1006/O-RAN-Intent-MANO-for-Network-Slicing/clusters/validation-framework/drift_detector.go:237.2,237.47 1 0
github.com/thc1006/O-RAN-Intent-MANO-for-Network-Slicing/clusters/validation-framework/drift_detector.go:237.47,239.17 2 0
github.com/thc1006/O-RAN-Intent-MANO-for-Network-Slicing/clusters/validation-framework/drift_detector.go:239.17,240.12 1 0
github.com/thc1006/O-RAN-Intent-MANO-for-Network-Slicing/clusters/validation-framework/drift_detector.go:243.3,243.60 1 0
github.com/thc1006/O-RAN-Intent-MANO-for-Network-Slicing/clusters/validation-framework/drift_detector.go:243.60,244.51 1 0
github.com/thc1006/O-RAN-Intent-MANO-for-Network-Slicing/clusters/validation-framework/drift_detector.go:244.51,245.13 1 0
github.com/thc1006/O-RAN-Intent-MANO-for-Network-Slicing/clusters/validation-framework/drift_detector.go:248.4,255.18 3 0
github.com/thc1006/O-RAN-Intent-MANO-for-Network-Slicing/clusters/validation-framework/drift_detector.go:255.18,257.13 2 0
github.com/thc1006/O-RAN-Intent-MANO-for-Network-Slicing/clusters/validation-framework/drift_detector.go:260.4,260.39 1 0
github.com/thc1006/O-RAN-Intent-MANO-for-Network-Slicing/clusters/validation-framework/drift_detector.go:260.39,263.5 2 0
github.com/thc1006/O-RAN-Intent-MANO-for-Network-Slicing/clusters/validation-framework/drift_detector.go:267.2,267.29 1 0
github.com/thc1006/O-RAN-Intent-MANO-for-Network-Slicing/clusters/validation-framework/drift_detector.go:271.149,274.16 2 0
github.com/thc1006/O-RAN-Intent-MANO-for-Network-Slicing/clusters/validation-framework/drift_detector.go:274.16,277.17 2 0
github.com/thc1006/O-RAN-Intent-MANO-for-Network-Slicing/clusters/validation-framework/drift_detector.go:277.17,279.4 1 0
github.com/thc1006/O-RAN-Intent-MANO-for-Network-Slicing/clusters/validation-framework/drift_detector.go:281.3,281.39 1 0
github.com/thc1006/O-RAN-Intent-MANO-for-Network-Slicing/clusters/validation-framework/drift_detector.go:281.39,283.57 2 0
github.com/thc1006/O-RAN-Intent-MANO-for-Network-Slicing/clusters/validation-framework/drift_detector.go:283.57,284.13 1 0
github.com/thc1006/O-RAN-Intent-MANO-for-Network-Slicing/clusters/validation-framework/drift_detector.go:286.4,286.18 1 0
github.com/thc1006/O-RAN-Intent-MANO-for-Network-Slicing/clusters/validation-framework/drift_detector.go:286.18,288.5 1 0
github.com/thc1006/O-RAN-Intent-MANO-for-Network-Slicing/clusters/validation-framework/drift_detector.go:290.4,290.36 1 0
github.com/thc1006/O-RAN-Intent-MANO-for-Network-Slicing/clusters/validation-framework/drift_detector.go:290.36,292.5 1 0
github.com/thc1006/O-RAN-Intent-MANO-for-Network-Slicing/clusters/validation-framework/drift_detector.go:294.8,297.56 2 0
github.com/thc1006/O-RAN-Intent-MANO-for-Network-Slicing/clusters/validation-framework/drift_detector.go:297.56,299.4 1 0
github.com/thc1006/O-RAN-Intent-MANO-for-Network-Slicing/clusters/validation-framework/drift_detector.go:300.3,300.17 1 0
github.com/thc1006/O-RAN-Intent-MANO-for-Network-Slicing/clusters/validation-framework/drift_detector.go:300.17,302.4 1 0
github.com/thc1006/O-RAN-Intent-MANO-for-Network-Slicing/clusters/validation-framework/drift_detector.go:304.3,304.35 1 0
github.com/thc1006/O-RAN-Intent-MANO-for-Network-Slicing/clusters/validation-framework/drift_detector.go:304.35,306.4 1 0
github.com/thc1006/O-RAN-Intent-MANO-for-Network-Slicing/clusters/validation-framework/drift_detector.go:309.2,309.23 1 0
github.com/thc1006/O-RAN-Intent-MANO-for-Network-Slicing/clusters/validation-framework/drift_detector.go:313.66,323.47 2 0
github.com/thc1006/O-RAN-Intent-MANO-for-Network-Slicing/clusters/validation-framework/drift_detector.go:323.47,324.24 1 0
github.com/thc1006/O-RAN-Intent-MANO-for-Network-Slicing/clusters/validation-framework/drift_detector.go:324.24,326.4 1 0
github.com/thc1006/O-RAN-Intent-MANO-for-Network-Slicing/clusters/validation-framework/drift_detector.go:329.2,329.14 1 0
github.com/thc1006/O-RAN-Intent-MANO-for-Network-Slicing/clusters/validation-framework/drift_detector.go:333.109,338.44 3 0
github.com/thc1006/O-RAN-Intent-MANO-for-Network-Slicing/clusters/validation-framework/drift_detector.go:338.44,353.14 3 0
github.com/thc1006/O-RAN-Intent-MANO-for-Network-Slicing/clusters/validation-framework/drift_detector.go:353.14,359.4 4 0
github.com/thc1006/O-RAN-Intent-MANO-for-Network-Slicing/clusters/validation-framework/drift_detector.go:359.9,362.24 2 0
github.com/thc1006/O-RAN-Intent-MANO-for-Network-Slicing/clusters/validation-framework/drift_detector.go:362.24,369.5 6 0
github.com/thc1006/O-RAN-Intent-MANO-for-Network-Slicing/clusters/validation-framework/drift_detector.go:373.3,374.36 2 0
github.com/thc1006/O-RAN-Intent-MANO-for-Network-Slicing/clusters/validation-framework/drift_detector.go:378.2,378.42 1 0
github.com/thc1006/O-RAN-Intent-MANO-for-Network-Slicing/clusters/validation-framework/drift_detector.go:378.42,379.41 1 0
github.com/thc1006/O-RAN-Intent-MANO-for-Network-Slicing/clusters/validation-framework/drift_detector.go:379.41,381.45 1 0
github.com/thc1006/O-RAN-Intent-MANO-for-Network-Slicing/clusters/validation-framework/drift_detector.go:381.45,382.13 1 0
github.com/thc1006/O-RAN-Intent-MANO-for-Network-Slicing/clusters/validation-framework/drift_detector.go:385.4,400.37 4 0
github.com/thc1006/O-RAN-Intent-MANO-for-Network-Slicing/clusters/validation-framework/drift_detector.go:404.2,404.16 1 0
github.com/thc1006/O-RAN-Intent-MANO-for-Network-Slicing/clusters/validation-framework/drift_detector.go:408.101,416.60 4 0
github.com/thc1006/O-RAN-Intent-MANO-for-Network-Slicing/clusters/validation-framework/drift_detector.go:416.60,417.59 1 0
github.com/thc1006/O-RAN-Intent-MANO-for-Network-Slicing/clusters/validation-framework/drift_detector.go:417.59,420.4 2 0
github.com/thc1006/O-RAN-Intent-MANO-for-Network-Slicing/clusters/validation-framework/drift_detector.go:424.2,424.64 1 0
github.com/thc1006/O-RAN-Intent-MANO-for-Network-Slicing/clusters/validation-framework/drift_detector.go:424.64,425.63 1 0
github.com/thc1006/O-RAN-Intent-MANO-for-Network-Slicing/clusters/validation-framework/drift_detector.go:425.63,428.4 2 0
github.com/thc1006/O-RAN-Intent-MANO-for-Network-Slicing/clusters/validation-framework/drift_detector.go:431.2,431.16 1 0
github.com/thc1006/O-RAN-Intent-MANO-for-Network-Slicing/clusters/validation-framework/drift_detector.go:435.101,438.55 2 0
github.com/thc1006/O-RAN-Intent-MANO-for-Network-Slicing/clusters/validation-framework/drift_detector.go:438.55,445.3 1 0
github.com/thc1006/O-RAN-Intent-MANO-for-Network-Slicing/clusters/validation-framework/drift_detector.go:447.2,447.29 1 0
github.com/thc1006/O-RAN-Intent-MANO-for-Network-Slicing/clusters/validation-framework/drift_detector.go:448.30,452.30 2 0
github.com/thc1006/O-RAN-Intent-MANO-for-Network-Slicing/clusters/validation-framework/drift_detector.go:452.30,454.40 2 0
github.com/thc1006/O-RAN-Intent-MANO-for-Network-Slicing/clusters/validation-framework/drift_detector.go:454.40,457.5 2 0
github.com/thc1006/O-RAN-Intent-MANO-for-Network-Slicing/clusters/validation-framework/drift_detector.go:457.10,463.5 1 0
github.com/thc1006/O-RAN-Intent-MANO-for-Network-Slicing/clusters/validation-framework/drift_detector.go:467.3,467.30 1 0
github.com/thc1006/O-RAN-Intent-MANO-for-Network-Slicing/clusters/validation-framework/drift_detector.go:467.30,468.36 1 0
github.com/thc1006/O-RAN-Intent-MANO-for-Network-Slicing/clusters/validation-framework/drift_detector.go:468.36,475.5 2 0
github.com/thc1006/O-RAN-Intent-MANO-for-Network-Slicing/clusters/validation-framework/drift_detector.go:478.21,480.23 2 0
github.com/thc1006/O-RAN-Intent-MANO-for-Network-Slicing/clusters/validation-framework/drift_detector.go:480.23,487.4 1 0
github.com/thc1006/O-RAN-Intent-MANO-for-Network-Slicing/clusters/validation-framework/drift_detector.go:489.3,489.27 1 0
github.com/thc1006/O-RAN-Intent-MANO-for-Network-Slicing/clusters/validation-framework/drift_detector.go:489.27,490.18 1 0
github.com/thc1006/O-RAN-Intent-MANO-for-Network-Slicing/clusters/validation-framework/drift_detector.go:490.18,494.5 3 0
github.com/thc1006/O-RAN-Intent-MANO-for-Network-Slicing/clusters/validation-framework/drift_detector.go:497.10,498.42 1 0
github.com/thc1006/O-RAN-Intent-MANO-for-Network-Slicing/clusters/validation-framework/drift_detector.go:498.42,505.4 1 0
github.com/thc1006/O-RAN-Intent-MANO-for-Network-Slicing/clusters/validation-framework/drift_detector.go:508.2,508.16 1 0
github.com/thc1006/O-RAN-Intent-MANO-for-Network-Slicing/clusters/validation-framework/drift_detector.go:512.85,518.18 4 0
github.com/thc1006/O-RAN-Intent-MANO-for-Network-Slicing/clusters/validation-framework/drift_detector.go:518.18,520.3 1 0
github.com/thc1006/O-RAN-Intent-MANO-for-Network-Slicing/clusters/validation-framework/drift_detector.go:523.2,523.48 1 0
github.com/thc1006/O-RAN-Intent-MANO-for-Network-Slicing/clusters/validation-framework/drift_detector.go:523.48,524.49 1 0
github.com/thc1006/O-RAN-Intent-MANO-for-Network-Slicing/clusters/validation-framework/drift_detector.go:524.49,527.4 2 0
github.com/thc1006/O-RAN-Intent-MANO-for-Network-Slicing/clusters/validation-framework/drift_detector.go:531.2,531.58 1 0
github.com/thc1006/O-RAN-Intent-MANO-for-Network-Slicing/clusters/validation-framework/drift_detector.go:531.58,532.59 1 0
github.com/thc1006/O-RAN-Intent-MANO-for-Network-Slicing/clusters/validation-framework/drift_detector.go:532.59,537.4 4 0
github.com/thc1006/O-RAN-Intent-MANO-for-Network-Slicing/clusters/validation-framework/drift_detector.go:540.2,540.16 1 0
github.com/thc1006/O-RAN-Intent-MANO-for-Network-Slicing/clusters/validation-framework/drift_detector.go:544.97,547.30 2 0
github.com/thc1006/O-RAN-Intent-MANO-for-Network-Slicing/clusters/validation-framework/drift_detector.go:547.30,549.32 1 0
github.com/thc1006/O-RAN-Intent-MANO-for-Network-Slicing/clusters/validation-framework/drift_detector.go:549.32,550.12 1 0
github.com/thc1006/O-RAN-Intent-MANO-for-Network-Slicing/clusters/validation-framework/drift_detector.go:552.3,552.24 1 0
github.com/thc1006/O-RAN-Intent-MANO-for-Network-Slicing/clusters/validation-framework/drift_detector.go:556.2,556.49 1 0
github.com/thc1006/O-RAN-Intent-MANO-for-Network-Slicing/clusters/validation-framework/drift_detector.go:556.49,557.59 1 0
github.com/thc1006/O-RAN-Intent-MANO-for-Network-Slicing/clusters/validation-framework/drift_detector.go:557.59,559.36 2 0
github.com/thc1006/O-RAN-Intent-MANO-for-Network-Slicing/clusters/validation-framework/drift_detector.go:559.36,560.43 1 0
github.com/thc1006/O-RAN-Intent-MANO-for-Network-Slicing/clusters/validation-framework/drift_detector.go:560.43,562.6 1 0
github.com/thc1006/O-RAN-Intent-MANO-for-Network-Slicing/clusters/validation-framework/drift_detector.go:564.4,564.39 1 0
github.com/thc1006/O-RAN-Intent-MANO-for-Network-Slicing/clusters/validation-framework/drift_detector.go:568.2,568.17 1 0
github.com/thc1006/O-RAN-Intent-MANO-for-Network-Slicing/clusters/validation-framework/drift_detector.go:572.63,579.40 2 0
github.com/thc1006/O-RAN-Intent-MANO-for-Network-Slicing/clusters/validation-framework/drift_detector.go:579.40,580.23 1 0
github.com/thc1006/O-RAN-Intent-MANO-for-Network-Slicing/clusters/validation-framework/drift_detector.go:580.23,582.4 1 0
github.com/thc1006/O-RAN-Intent-MANO-for-Network-Slicing/clusters/validation-framework/drift_detector.go:586.2,586.55 1 0
github.com/thc1006/O-RAN-Intent-MANO-for-Network-Slicing/clusters/validation-framework/drift_detector.go:586.55,587.29 1 0
github.com/thc1006/O-RAN-Intent-MANO-for-Network-Slicing/clusters/validation-framework/drift_detector.go:587.29,589.4 1 0
github.com/thc1006/O-RAN-Intent-MANO-for-Network-Slicing/clusters/validation-framework/drift_detector.go:592.2,592.14 1 0
github.com/thc1006/O-RAN-Intent-MANO-for-Network-Slicing/clusters/validation-framework/drift_detector.go:596.71,603.48 2 0
github.com/thc1006/O-RAN-Intent-MANO-for-Network-Slicing/clusters/validation-framework/drift_detector.go:603.48,604.23 1 0
github.com/thc1006/O-RAN-Intent-MANO-for-Network-Slicing/clusters/validation-framework/drift_detector.go:604.23,606.4 1 0
github.com/thc1006/O-RAN-Intent-MANO-for-Network-Slicing/clusters/validation-framework/drift_detector.go:609.2,609.14 1 0
github.com/thc1006/O-RAN-Intent-MANO-for-Network-Slicing/clusters/validation-framework/drift_detector.go:613.87,614.62 1 0
github.com/thc1006/O-RAN-Intent-MANO-for-Network-Slicing/clusters/validation-framework/drift_detector.go:614.62,616.36 2 0
github.com/thc1006/O-RAN-Intent-MANO-for-Network-Slicing/clusters/validation-framework/drift_detector.go:616.36,620.50 1 0
github.com/thc1006/O-RAN-Intent-MANO-for-Network-Slicing/clusters/validation-framework/drift_detector.go:620.50,622.5 1 0
github.com/thc1006/O-RAN-Intent-MANO-for-Network-Slicing/clusters/validation-framework/drift_detector.go:624.3,624.18 1 0
github.com/thc1006/O-RAN-Intent-MANO-for-Network-Slicing/clusters/validation-framework/drift_detector.go:626.2,626.20 1 0
github.com/thc1006/O-RAN-Intent-MANO-for-Network-Slicing/clusters/validation-framework/drift_detector.go:630.86,632.24 2 0
github.com/thc1006/O-RAN-Intent-MANO-for-Network-Slicing/clusters/validation-framework/drift_detector.go:632.24,634.3 1 0
github.com/thc1006/O-RAN-Intent-MANO-for-Network-Slicing/clusters/validation-framework/drift_detector.go:637.2,645.47 2 0
github.com/thc1006/O-RAN-Intent-MANO-for-Network-Slicing/clusters/validation-framework/drift_detector.go:645.47,646.51 1 0
github.com/thc1006/O-RAN-Intent-MANO-for-Network-Slicing/clusters/validation-framework/drift_detector.go:646.51,648.4 1 0
github.com/thc1006/O-RAN-Intent-MANO-for-Network-Slicing/clusters/validation-framework/drift_detector.go:652.2,653.19 2 0
github.com/thc1006/O-RAN-Intent-MANO-for-Network-Slicing/clusters/validation-framework/drift_detector.go:653.19,654.66 1 0
github.com/thc1006/O-RAN-Intent-MANO-for-Network-Slicing/clusters/validation-framework/drift_detector.go:654.66,656.4 1 0
github.com/thc1006/O-RAN-Intent-MANO-for-Network-Slicing/clusters/validation-framework/drift_detector.go:659.2,659.14 1 0
github.com/thc1006/O-RAN-Intent-MANO-for-Network-Slicing/clusters/validation-framework/drift_detector.go:663.131,665.37 1 0
github.com/thc1006/O-RAN-Intent-MANO-for-Network-Slicing/clusters/validation-framework/drift_detector.go:665.37,667.3 1 0
github.com/thc1006/O-RAN-Intent-MANO-for-Network-Slicing/clusters/validation-framework/drift_detector.go:670.2,670.19 1 0
github.com/thc1006/O-RAN-Intent-MANO-for-Network-Slicing/clusters/validation-framework/drift_detector.go:671.24,672.27 1 0
github.com/thc1006/O-RAN-Intent-MANO-for-Network-Slicing/clusters/validation-framework/drift_detector.go:673.22,674.29 1 0
github.com/thc1006/O-RAN-Intent-MANO-for-Network-Slicing/clusters/validation-framework/drift_detector.go:675.25,676.51 1 0
github.com/thc1006/O-RAN-Intent-MANO-for-Network-Slicing/clusters/validation-framework/drift_detector.go:679.2,679.25 1 0
github.com/thc1006/O-RAN-Intent-MANO-for-Network-Slicing/clusters/validation-framework/drift_detector.go:683.79,688.45 2 0
github.com/thc1006/O-RAN-Intent-MANO-for-Network-Slicing/clusters/validation-framework/drift_detector.go:688.45,689.32 1 0
github.com/thc1006/O-RAN-Intent-MANO-for-Network-Slicing/clusters/validation-framework/drift_detector.go:689.32,691.4 1 0
github.com/thc1006/O-RAN-Intent-MANO-for-Network-Slicing/clusters/validation-framework/drift_detector.go:695.2,698.51 1 0
github.com/thc1006/O-RAN-Intent-MANO-for-Network-Slicing/clusters/validation-framework/drift_detector.go:698.51,700.3 1 0
github.com/thc1006/O-RAN-Intent-MANO-for-Network-Slicing/clusters/validation-framework/drift_detector.go:702.2,702.14 1 0
github.com/thc1006/O-RAN-Intent-MANO-for-Network-Slicing/clusters/validation-framework/drift_detector.go:706.93,707.23 1 0
github.com/thc1006/O-RAN-Intent-MANO-for-Network-Slicing/clusters/validation-framework/drift_detector.go:707.23,709.3 1 0
github.com/thc1006/O-RAN-Intent-MANO-for-Network-Slicing/clusters/validation-framework/drift_detector.go:711.2,716.33 2 0
[...]
github.com/thc1006/O-RAN-Intent-MANO-for-Network-Slicing/clusters/validation-framework/cmd/main.go:233.58,235.4 1 0
github.com/thc1006/O-RAN-Intent-MANO-for-Network-Slicing/clusters/validation-framework/cmd/main.go:236.3,236.51 1 0
github.com/thc1006/O-RAN-Intent-MANO-for-Network-Slicing/clusters/validation-framework/cmd/main.go:237.8,239.3 1 0
github.com/thc1006/O-RAN-Intent-MANO-for-Network-Slicing/clusters/validation-framework/cmd/main.go:241.2,241.12 1 0
github.com/thc1006/O-RAN-Intent-MANO-for-Network-Slicing/clusters/validation-framework/cmd/main.go:245.83,248.39 2 0
github.com/thc1006/O-RAN-Intent-MANO-for-Network-Slicing/clusters/validation-framework/cmd/main.go:248.39,254.29 5 0
github.com/thc1006/O-RAN-Intent-MANO-for-Network-Slicing/clusters/validation-framework/cmd/main.go:254.29,256.38 2 0
github.com/thc1006/O-RAN-Intent-MANO-for-Network-Slicing/clusters/validation-framework/cmd/main.go:256.38,258.5 1 0
github.com/thc1006/O-RAN-Intent-MANO-for-Network-Slicing/clusters/validation-framework/cmd/main.go:261.3,261.32 1 0
github.com/thc1006/O-RAN-Intent-MANO-for-Network-Slicing/clusters/validation-framework/cmd/main.go:261.32,263.46 2 0
github.com/thc1006/O-RAN-Intent-MANO-for-Network-Slicing/clusters/validation-framework/cmd/main.go:263.46,268.5 4 0
github.com/thc1006/O-RAN-Intent-MANO-for-Network-Slicing/clusters/validation-framework/cmd/main.go:271.2,271.28 1 0
github.com/thc1006/O-RAN-Intent-MANO-for-Network-Slicing/clusters/validation-framework/cmd/main.go:275.74,280.39 4 0
github.com/thc1006/O-RAN-Intent-MANO-for-Network-Slicing/clusters/validation-framework/cmd/main.go:280.39,282.22 2 0
github.com/thc1006/O-RAN-Intent-MANO-for-Network-Slicing/clusters/validation-framework/cmd/main.go:282.22,284.4 1 0
github.com/thc1006/O-RAN-Intent-MANO-for-Network-Slicing/clusters/validation-framework/cmd/main.go:286.3,294.48 2 0
github.com/thc1006/O-RAN-Intent-MANO-for-Network-Slicing/clusters/validation-framework/cmd/main.go:294.48,296.38 2 0
github.com/thc1006/O-RAN-Intent-MANO-for-Network-Slicing/clusters/validation-framework/cmd/main.go:296.38,299.5 1 0
github.com/thc1006/O-RAN-Intent-MANO-for-Network-Slicing/clusters/validation-framework/cmd/main.go:303.2,304.15 2 0
github.com/thc1006/O-RAN-Intent-MANO-for-Network-Slicing/clusters/validation-framework/cmd/main.go:308.50,309.22 1 0
github.com/thc1006/O-RAN-Intent-MANO-for-Network-Slicing/clusters/validation-framework/cmd/main.go:309.22,311.3 1 0
github.com/thc1006/O-RAN-Intent-MANO-for-Network-Slicing/clusters/validation-framework/cmd/main.go:312.2,312.29 1 0
github.com/thc1006/O-RAN-Intent-MANO-for-Network-Slicing/clusters/validation-framework/cmd/main.go:316.54,319.65 2 0
github.com/thc1006/O-RAN-Intent-MANO-for-Network-Slicing/clusters/validation-framework/cmd/main.go:319.65,321.3 1 0
github.com/thc1006/O-RAN-Intent-MANO-for-Network-Slicing/clusters/validation-framework/cmd/main.go:324.2,324.78 1 0
github.com/thc1006/O-RAN-Intent-MANO-for-Network-Slicing/clusters/validation-framework/cmd/main.go:324.78,326.3 1 0
github.com/thc1006/O-RAN-Intent-MANO-for-Network-Slicing/clusters/validation-framework/cmd/main.go:328.2,328.12 1 0
github.com/thc1006/O-RAN-Intent-MANO-for-Network-Slicing/clusters/validation-framework/cmd/main.go:338.13,344.14 3 0
github.com/thc1006/O-RAN-Intent-MANO-for-Network-Slicing/clusters/validation-framework/cmd/main.go:344.14,350.3 5 0
github.com/thc1006/O-RAN-Intent-MANO-for-Network-Slicing/pkg/o2client/client.go:17.40,22.2 1 0
github.com/thc1006/O-RAN-Intent-MANO-for-Network-Slicing/pkg/o2client/client.go:34.88,52.2 1 0
github.com/thc1006/O-RAN-Intent-MANO-for-Network-Slicing/pkg/o2client/client.go:55.90,58.2 1 0
github.com/thc1006/O-RAN-Intent-MANO-for-Network-Slicing/pkg/o2client/client.go:61.73,64.2 1 0
github.com/thc1006/O-RAN-Intent-MANO-for-Network-Slicing/pkg/o2client/client.go:78.106,100.2 1 0
github.com/thc1006/O-RAN-Intent-MANO-for-Network-Slicing/pkg/o2client/client.go:103.70,106.2 1 0
github.com/thc1006/O-RAN-Intent-MANO-for-Network-Slicing/monitoring/pkg/bottleneck_analyzer.go:189.50,205.2 2 0
github.com/thc1006/O-RAN-Intent-MANO-for-Network-Slicing/monitoring/pkg/bottleneck_analyzer.go:208.64,210.34 1 0
github.com/thc1006/O-RAN-Intent-MANO-for-Network-Slicing/monitoring/pkg/bottleneck_analyzer.go:210.34,212.3 1 0
github.com/thc1006/O-RAN-Intent-MANO-for-Network-Slicing/monitoring/pkg/bottleneck_analyzer.go:215.2,220.12 3 0
github.com/thc1006/O-RAN-Intent-MANO-for-Network-Slicing/monitoring/pkg/bottleneck_analyzer.go:224.38,226.2 1 0
github.com/thc1006/O-RAN-Intent-MANO-for-Network-Slicing/monitoring/pkg/bottleneck_analyzer.go:229.110,251.76 10 0
github.com/thc1006/O-RAN-Intent-MANO-for-Network-Slicing/monitoring/pkg/bottleneck_analyzer.go:251.76,253.3 1 0
github.com/thc1006/O-RAN-Intent-MANO-for-Network-Slicing/monitoring/pkg/bottleneck_analyzer.go:255.2,255.15 1 0
github.com/thc1006/O-RAN-Intent-MANO-for-Network-Slicing/monitoring/pkg/bottleneck_analyzer.go:259.121,260.19 1 0
github.com/thc1006/O-RAN-Intent-MANO-for-Network-Slicing/monitoring/pkg/bottleneck_analyzer.go:261.13,262.42 1 0
github.com/thc1006/O-RAN-Intent-MANO-for-Network-Slicing/monitoring/pkg/bottleneck_analyzer.go:263.22,264.48 1 0
github.com/thc1006/O-RAN-Intent-MANO-for-Network-Slicing/monitoring/pkg/bottleneck_analyzer.go:265.22,266.42 1 0
github.com/thc1006/O-RAN-Intent-MANO-for-Network-Slicing/monitoring/pkg/bottleneck_analyzer.go:267.18,268.44 1 0
github.com/thc1006/O-RAN-Intent-MANO-for-Network-Slicing/monitoring/pkg/bottleneck_analyzer.go:269.13,270.42 1 0
github.com/thc1006/O-RAN-Intent-MANO-for-Network-Slicing/monitoring/pkg/bottleneck_analyzer.go:271.10,272.46 1 0
github.com/thc1006/O-RAN-Intent-MANO-for-Network-Slicing/monitoring/pkg/bottleneck_analyzer.go:277.107,281.64 3 0
github.com/thc1006/O-RAN-Intent-MANO-for-Network-Slicing/monitoring/pkg/bottleneck_analyzer.go:281.64,283.3 1 0
github.com/thc1006/O-RAN-Intent-MANO-for-Network-Slicing/monitoring/pkg/bottleneck_analyzer.go:285.2,285.63 1 0
github.com/thc1006/O-RAN-Intent-MANO-for-Network-Slicing/monitoring/pkg/bottleneck_analyzer.go:285.63,287.26 1 0
github.com/thc1006/O-RAN-Intent-MANO-for-Network-Slicing/monitoring/pkg/bottleneck_analyzer.go:287.26,289.4 1 0
github.com/thc1006/O-RAN-Intent-MANO-for-Network-Slicing/monitoring/pkg/bottleneck_analyzer.go:290.3,290.52 1 0
github.com/thc1006/O-RAN-Intent-MANO-for-Network-Slicing/monitoring/pkg/bottleneck_analyzer.go:293.2,293.25 1 0
github.com/thc1006/O-RAN-Intent-MANO-for-Network-Slicing/monitoring/pkg/bottleneck_analyzer.go:293.25,295.3 1 0
github.com/thc1006/O-RAN-Intent-MANO-for-Network-Slicing/monitoring/pkg/bottleneck_analyzer.go:297.2,297.24 1 0
github.com/thc1006/O-RAN-Intent-MANO-for-Network-Slicing/monitoring/pkg/bottleneck_analyzer.go:301.113,306.63 4 0
github.com/thc1006/O-RAN-Intent-MANO-for-Network-Slicing/monitoring/pkg/bottleneck_analyzer.go:306.63,308.3 1 0
github.com/thc1006/O-RAN-Intent-MANO-for-Network-Slicing/monitoring/pkg/bottleneck_analyzer.go:310.2,310.62 1 0
github.com/thc1006/O-RAN-Intent-MANO-for-Network-Slicing/monitoring/pkg/bottleneck_analyzer.go:310.62,312.26 1 0
github.com/thc1006/O-RAN-Intent-MANO-for-Network-Slicing/monitoring/pkg/bottleneck_analyzer.go:312.26,314.4 1 0
github.com/thc1006/O-RAN-Intent-MANO-for-Network-Slicing/monitoring/pkg/bottleneck_analyzer.go:315.3,315.26 1 0
github.com/thc1006/O-RAN-Intent-MANO-for-Network-Slicing/monitoring/pkg/bottleneck_analyzer.go:315.26,317.4 1 0
github.com/thc1006/O-RAN-Intent-MANO-for-Network-Slicing/monitoring/pkg/bottleneck_analyzer.go:318.3,318.45 1 0
github.com/thc1006/O-RAN-Intent-MANO-for-Network-Slicing/monitoring/pkg/bottleneck_analyzer.go:321.2,321.24 1 0
github.com/thc1006/O-RAN-Intent-MANO-for-Network-Slicing/monitoring/pkg/bottleneck_analyzer.go:325.107,330.61 4 0
github.com/thc1006/O-RAN-Intent-MANO-for-Network-Slicing/monitoring/pkg/bottleneck_analyzer.go:330.61,332.3 1 0
github.com/thc1006/O-RAN-Intent-MANO-for-Network-Slicing/monitoring/pkg/bottleneck_analyzer.go:334.2,334.60 1 0
github.com/thc1006/O-RAN-Intent-MANO-for-Network-Slicing/monitoring/pkg/bottleneck_analyzer.go:334.60,336.24 1 0
github.com/thc1006/O-RAN-Intent-MANO-for-Network-Slicing/monitoring/pkg/bottleneck_analyzer.go:336.24,338.4 1 0
github.com/thc1006/O-RAN-Intent-MANO-for-Network-Slicing/monitoring/pkg/bottleneck_analyzer.go:339.3,339.46 1 0
github.com/thc1006/O-RAN-Intent-MANO-for-Network-Slicing/monitoring/pkg/bottleneck_analyzer.go:342.2,342.26 1 0
github.com/thc1006/O-RAN-Intent-MANO-for-Network-Slicing/monitoring/pkg/bottleneck_analyzer.go:342.26,344.3 1 0
github.com/thc1006/O-RAN-Intent-MANO-for-Network-Slicing/monitoring/pkg/bottleneck_analyzer.go:346.2,346.24 1 0
github.com/thc1006/O-RAN-Intent-MANO-for-Network-Slicing/monitoring/pkg/bottleneck_analyzer.go:350.109,354.53 3 0
github.com/thc1006/O-RAN-Intent-MANO-for-Network-Slicing/monitoring/pkg/bottleneck_analyzer.go:354.53,356.3 1 0
github.com/thc1006/O-RAN-Intent-MANO-for-Network-Slicing/monitoring/pkg/bottleneck_analyzer.go:358.2,358.52 1 0
github.com/thc1006/O-RAN-Intent-MANO-for-Network-Slicing/monitoring/pkg/bottleneck_analyzer.go:358.52,359.29 1 0
github.com/thc1006/O-RAN-Intent-MANO-for-Network-Slicing/monitoring/pkg/bottleneck_analyzer.go:359.29,361.4 1 0
github.com/thc1006/O-RAN-Intent-MANO-for-Network-Slicing/monitoring/pkg/bottleneck_analyzer.go:362.3,362.41 1 0
github.com/thc1006/O-RAN-Intent-MANO-for-Network-Slicing/monitoring/pkg/bottleneck_analyzer.go:365.2,365.24 1 0
github.com/thc1006/O-RAN-Intent-MANO-for-Network-Slicing/monitoring/pkg/bottleneck_analyzer.go:369.107,374.22 3 0
github.com/thc1006/O-RAN-Intent-MANO-for-Network-Slicing/monitoring/pkg/bottleneck_analyzer.go:374.22,376.3 1 0
github.com/thc1006/O-RAN-Intent-MANO-for-Network-Slicing/monitoring/pkg/bottleneck_analyzer.go:378.2,378.22 1 0
github.com/thc1006/O-RAN-Intent-MANO-for-Network-Slicing/monitoring/pkg/bottleneck_analyzer.go:378.22,380.3 1 0
github.com/thc1006/O-RAN-Intent-MANO-for-Network-Slicing/monitoring/pkg/bottleneck_analyzer.go:382.2,382.39 1 0
github.com/thc1006/O-RAN-Intent-MANO-for-Network-Slicing/monitoring/pkg/bottleneck_analyzer.go:382.39,384.3 1 0
github.com/thc1006/O-RAN-Intent-MANO-for-Network-Slicing/monitoring/pkg/bottleneck_analyzer.go:386.2,386.24 1 0
github.com/thc1006/O-RAN-Intent-MANO-for-Network-Slicing/monitoring/pkg/bottleneck_analyzer.go:390.111,396.53 4 0
github.com/thc1006/O-RAN-Intent-MANO-for-Network-Slicing/monitoring/pkg/bottleneck_analyzer.go:396.53,398.3 1 0
github.com/thc1006/O-RAN-Intent-MANO-for-Network-Slicing/monitoring/pkg/bottleneck_analyzer.go:399.2,399.52 1 0
github.com/thc1006/O-RAN-Intent-MANO-for-Network-Slicing/monitoring/pkg/bottleneck_analyzer.go:399.52,401.3 1 0
github.com/thc1006/O-RAN-Intent-MANO-for-Network-Slicing/monitoring/pkg/bottleneck_analyzer.go:404.2,404.56 1 0
github.com/thc1006/O-RAN-Intent-MANO-for-Network-Slicing/monitoring/pkg/bottleneck_analyzer.go:404.56,406.3 1 0
github.com/thc1006/O-RAN-Intent-MANO-for-Network-Slicing/monitoring/pkg/bottleneck_analyzer.go:407.2,407.55 1 0
github.com/thc1006/O-RAN-Intent-MANO-for-Network-Slicing/monitoring/pkg/bottleneck_analyzer.go:407.55,409.3 1 0
github.com/thc1006/O-RAN-Intent-MANO-for-Network-Slicing/monitoring/pkg/bottleneck_analyzer.go:412.2,412.62 1 0
github.com/thc1006/O-RAN-Intent-MANO-for-Network-Slicing/monitoring/pkg/bottleneck_analyzer.go:412.62,414.3 1 0
github.com/thc1006/O-RAN-Intent-MANO-for-Network-Slicing/monitoring/pkg/bottleneck_analyzer.go:415.2,415.61 1 0
github.com/thc1006/O-RAN-Intent-MANO-for-Network-Slicing/monitoring/pkg/bottleneck_analyzer.go:415.61,417.3 1 0
github.com/thc1006/O-RAN-Intent-MANO-for-Network-Slicing/monitoring/pkg/bottleneck_analyzer.go:419.2,419.24 1 0
github.com/thc1006/O-RAN-Intent-MANO-for-Network-Slicing/monitoring/pkg/bottleneck_analyzer.go:423.123,424.24 1 0
github.com/thc1006/O-RAN-Intent-MANO-for-Network-Slicing/monitoring/pkg/bottleneck_analyzer.go:425.34,427.85 2 0
github.com/thc1006/O-RAN-Intent-MANO-for-Network-Slicing/monitoring/pkg/bottleneck_analyzer.go:429.27,431.84 2 0
github.com/thc1006/O-RAN-Intent-MANO-for-Network-Slicing/monitoring/pkg/bottleneck_analyzer.go:433.25,435.43 2 0
github.com/thc1006/O-RAN-Intent-MANO-for-Network-Slicing/monitoring/pkg/bottleneck_analyzer.go:437.23,439.74 2 0
github.com/thc1006/O-RAN-Intent-MANO-for-Network-Slicing/monitoring/pkg/bottleneck_analyzer.go:441.21,443.17 2 0
github.com/thc1006/O-RAN-Intent-MANO-for-Network-Slicing/monitoring/pkg/bottleneck_analyzer.go:445.24,447.17 2 0
github.com/thc1006/O-RAN-Intent-MANO-for-Network-Slicing/monitoring/pkg/bottleneck_analyzer.go:449.10,450.14 1 0
github.com/thc1006/O-RAN-Intent-MANO-for-Network-Slicing/monitoring/pkg/bottleneck_analyzer.go:455.82,456.31 1 0
github.com/thc1006/O-RAN-Intent-MANO-for-Network-Slicing/monitoring/pkg/bottleneck_analyzer.go:457.34,459.41 1 0
github.com/thc1006/O-RAN-Intent-MANO-for-Network-Slicing/monitoring/pkg/bottleneck_analyzer.go:461.27,463.39 1 0
github.com/thc1006/O-RAN-Intent-MANO-for-Network-Slicing/monitoring/pkg/bottleneck_analyzer.go:465.25,467.50 1 0
github.com/thc1006/O-RAN-Intent-MANO-for-Network-Slicing/monitoring/pkg/bottleneck_analyzer.go:469.23,471.36 1 0
github.com/thc1006/O-RAN-Intent-MANO-for-Network-Slicing/monitoring/pkg/bottleneck_analyzer.go:473.21,475.38 1 0
github.com/thc1006/O-RAN-Intent-MANO-for-Network-Slicing/monitoring/pkg/bottleneck_analyzer.go:477.24,479.41 1 0
github.com/thc1006/O-RAN-Intent-MANO-for-Network-Slicing/monitoring/pkg/bottleneck_analyzer.go:481.10,483.35 1 0
github.com/thc1006/O-RAN-Intent-MANO-for-Network-Slicing/monitoring/pkg/bottleneck_analyzer.go:488.88,489.31 1 0
github.com/thc1006/O-RAN-Intent-MANO-for-Network-Slicing/monitoring/pkg/bottleneck_analyzer.go:490.34,496.4 1 0
github.com/thc1006/O-RAN-Intent-MANO-for-Network-Slicing/monitoring/pkg/bottleneck_analyzer.go:498.27,504.4 1 0
github.com/thc1006/O-RAN-Intent-MANO-for-Network-Slicing/monitoring/pkg/bottleneck_analyzer.go:506.25,512.4 1 0
github.com/thc1006/O-RAN-Intent-MANO-for-Network-Slicing/monitoring/pkg/bottleneck_analyzer.go:514.23,520.4 1 0
github.com/thc1006/O-RAN-Intent-MANO-for-Network-Slicing/monitoring/pkg/bottleneck_analyzer.go:522.21,528.4 1 0
github.com/thc1006/O-RAN-Intent-MANO-for-Network-Slicing/monitoring/pkg/bottleneck_analyzer.go:530.24,536.4 1 0
github.com/thc1006/O-RAN-Intent-MANO-for-Network-Slicing/monitoring/pkg/bottleneck_analyzer.go:538.10,543.4 1 0
github.com/thc1006/O-RAN-Intent-MANO-for-Network-Slicing/monitoring/pkg/bottleneck_analyzer.go:548.90,556.46 5 0
github.com/thc1006/O-RAN-Intent-MANO-for-Network-Slicing/monitoring/pkg/bottleneck_analyzer.go:556.46,557.73 1 0
github.com/thc1006/O-RAN-Intent-MANO-for-Network-Slicing/monitoring/pkg/bottleneck_analyzer.go:557.73,559.4 1 0
github.com/thc1006/O-RAN-Intent-MANO-for-Network-Slicing/monitoring/pkg/bottleneck_analyzer.go:562.2,562.27 1 0
github.com/thc1006/O-RAN-Intent-MANO-for-Network-Slicing/monitoring/pkg/bottleneck_analyzer.go:562.27,564.3 1 0
github.com/thc1006/O-RAN-Intent-MANO-for-Network-Slicing/monitoring/pkg/bottleneck_analyzer.go:567.2,570.28 2 0
github.com/thc1006/O-RAN-Intent-MANO-for-Network-Slicing/monitoring/pkg/bottleneck_analyzer.go:570.28,572.61 2 0
github.com/thc1006/O-RAN-Intent-MANO-for-Network-Slicing/monitoring/pkg/bottleneck_analyzer.go:572.61,574.4 1 0
github.com/thc1006/O-RAN-Intent-MANO-for-Network-Slicing/monitoring/pkg/bottleneck_analyzer.go:575.3,575.32 1 0
github.com/thc1006/O-RAN-Intent-MANO-for-Network-Slicing/monitoring/pkg/bottleneck_analyzer.go:575.32,577.4 1 0
github.com/thc1006/O-RAN-Intent-MANO-for-Network-Slicing/monitoring/pkg/bottleneck_analyzer.go:578.3,578.32 1 0
github.com/thc1006/O-RAN-Intent-MANO-for-Network-Slicing/monitoring/pkg/bottleneck_analyzer.go:578.32,580.4 1 0
github.com/thc1006/O-RAN-Intent-MANO-for-Network-Slicing/monitoring/pkg/bottleneck_analyzer.go:583.2,583.20 1 0
github.com/thc1006/O-RAN-Intent-MANO-for-Network-Slicing/monitoring/pkg/bottleneck_analyzer.go:588.93,594.2 4 0
github.com/thc1006/O-RAN-Intent-MANO-for-Network-Slicing/monitoring/pkg/bottleneck_analyzer.go:596.69,607.2 2 0
github.com/thc1006/O-RAN-Intent-MANO-for-Network-Slicing/monitoring/pkg/bottleneck_analyzer.go:609.65,610.6 1 0
github.com/thc1006/O-RAN-Intent-MANO-for-Network-Slicing/monitoring/pkg/bottleneck_analyzer.go:610.6,611.10 1 0
github.com/thc1006/O-RAN-Intent-MANO-for-Network-Slicing/monitoring/pkg/bottleneck_analyzer.go:612.35,614.34 1 0
github.com/thc1006/O-RAN-Intent-MANO-for-Network-Slicing/monitoring/pkg/bottleneck_analyzer.go:615.21,616.10 1 0
github.com/thc1006/O-RAN-Intent-MANO-for-Network-Slicing/monitoring/pkg/bottleneck_analyzer.go:617.22,618.10 1 0
github.com/thc1006/O-RAN-Intent-MANO-for-Network-Slicing/monitoring/pkg/bottleneck_analyzer.go:623.73,627.2 1 0
github.com/thc1006/O-RAN-Intent-MANO-for-Network-Slicing/monitoring/pkg/bottleneck_analyzer.go:629.65,633.6 3 0
github.com/thc1006/O-RAN-Intent-MANO-for-Network-Slicing/monitoring/pkg/bottleneck_analyzer.go:633.6,634.10 1 0
github.com/thc1006/O-RAN-Intent-MANO-for-Network-Slicing/monitoring/pkg/bottleneck_analyzer.go:635.19,636.32 1 0
github.com/thc1006/O-RAN-Intent-MANO-for-Network-Slicing/monitoring/pkg/bottleneck_analyzer.go:637.21,638.10 1 0
github.com/thc1006/O-RAN-Intent-MANO-for-Network-Slicing/monitoring/pkg/bottleneck_analyzer.go:639.22,640.10 1 0
github.com/thc1006/O-RAN-Intent-MANO-for-Network-Slicing/monitoring/pkg/bottleneck_analyzer.go:645.64,649.6 3 0
github.com/thc1006/O-RAN-Intent-MANO-for-Network-Slicing/monitoring/pkg/bottleneck_analyzer.go:649.6,650.10 1 0
github.com/thc1006/O-RAN-Intent-MANO-for-Network-Slicing/monitoring/pkg/bottleneck_analyzer.go:651.19,652.23 1 0
github.com/thc1006/O-RAN-Intent-MANO-for-Network-Slicing/monitoring/pkg/bottleneck_analyzer.go:653.21,654.10 1 0
github.com/thc1006/O-RAN-Intent-MANO-for-Network-Slicing/monitoring/pkg/bottleneck_analyzer.go:655.22,656.10 1 0
github.com/thc1006/O-RAN-Intent-MANO-for-Network-Slicing/monitoring/pkg/bottleneck_analyzer.go:661.57,665.39 2 0
github.com/thc1006/O-RAN-Intent-MANO-for-Network-Slicing/monitoring/pkg/bottleneck_analyzer.go:665.39,668.23 2 0
github.com/thc1006/O-RAN-Intent-MANO-for-Network-Slicing/monitoring/pkg/bottleneck_analyzer.go:668.23,670.4 1 0
github.com/thc1006/O-RAN-Intent-MANO-for-Network-Slicing/monitoring/pkg/bottleneck_analyzer.go:674.48,679.46 4 0
github.com/thc1006/O-RAN-Intent-MANO-for-Network-Slicing/monitoring/pkg/bottleneck_analyzer.go:679.46,680.38 1 0
github.com/thc1006/O-RAN-Intent-MANO-for-Network-Slicing/monitoring/pkg/bottleneck_analyzer.go:680.38,682.4 1 0
github.com/thc1006/O-RAN-Intent-MANO-for-Network-Slicing/monitoring/pkg/bottleneck_analyzer.go:687.71,698.44 5 0
github.com/thc1006/O-RAN-Intent-MANO-for-Network-Slicing/monitoring/pkg/bottleneck_analyzer.go:698.44,699.37 1 0
github.com/thc1006/O-RAN-Intent-MANO-for-Network-Slicing/monitoring/pkg/bottleneck_analyzer.go:699.37,700.43 1 0
github.com/thc1006/O-RAN-Intent-MANO-for-Network-Slicing/monitoring/pkg/bottleneck_analyzer.go:700.43,702.5 1 0
github.com/thc1006/O-RAN-Intent-MANO-for-Network-Slicing/monitoring/pkg/bottleneck_analyzer.go:703.4,703.47 1 0
github.com/thc1006/O-RAN-Intent-MANO-for-Network-Slicing/monitoring/pkg/bottleneck_analyzer.go:707.2,707.15 1 0
github.com/thc1006/O-RAN-Intent-MANO-for-Network-Slicing/monitoring/pkg/bottleneck_analyzer.go:719.49,766.2 1 0
github.com/thc1006/O-RAN-Intent-MANO-for-Network-Slicing/monitoring/pkg/bottleneck_analyzer.go:768.44,783.2 1 0
github.com/thc1006/O-RAN-Intent-MANO-for-Network-Slicing/monitoring/pkg/bottleneck_analyzer.go:790.46,792.2 1 0
github.com/thc1006/O-RAN-Intent-MANO-for-Network-Slicing/monitoring/pkg/bottleneck_analyzer.go:794.86,798.2 2 0
github.com/thc1006/O-RAN-Intent-MANO-for-Network-Slicing/monitoring/pkg/bottleneck_analyzer.go:801.38,805.2 1 0
github.com/thc1006/O-RAN-Intent-MANO-for-Network-Slicing/monitoring/pkg/bottleneck_analyzer.go:807.51,811.2 3 0
